{"total": {"lines":{"total":3139,"covered":2300,"skipped":0,"pct":73.27},"statements":{"total":3519,"covered":2565,"skipped":0,"pct":72.89},"functions":{"total":640,"covered":510,"skipped":0,"pct":79.68},"branches":{"total":2304,"covered":1605,"skipped":0,"pct":69.66},"branchesTrue":{"total":0,"covered":0,"skipped":0,"pct":100}}
,"/home/aph5nt/work/rbmk/repos/infra/chain-insights/.worktrees/sota-quality/src/cli.ts": {"lines":{"total":463,"covered":0,"skipped":0,"pct":0},"functions":{"total":49,"covered":0,"skipped":0,"pct":0},"statements":{"total":483,"covered":0,"skipped":0,"pct":0},"branches":{"total":145,"covered":0,"skipped":0,"pct":0}}
,"/home/aph5nt/work/rbmk/repos/infra/chain-insights/.worktrees/sota-quality/src/index.ts": {"lines":{"total":0,"covered":0,"skipped":0,"pct":100},"functions":{"total":0,"covered":0,"skipped":0,"pct":100},"statements":{"total":0,"covered":0,"skipped":0,"pct":100},"branches":{"total":0,"covered":0,"skipped":0,"pct":100}}
,"/home/aph5nt/work/rbmk/repos/infra/chain-insights/.worktrees/sota-quality/src/update.ts": {"lines":{"total":70,"covered":45,"skipped":0,"pct":64.28},"functions":{"total":11,"covered":8,"skipped":0,"pct":72.72},"statements":{"total":79,"covered":50,"skipped":0,"pct":63.29},"branches":{"total":76,"covered":39,"skipped":0,"pct":51.31}}
,"/home/aph5nt/work/rbmk/repos/infra/chain-insights/.worktrees/sota-quality/src/version.ts": {"lines":{"total":2,"covered":2,"skipped":0,"pct":100},"functions":{"total":0,"covered":0,"skipped":0,"pct":100},"statements":{"total":2,"covered":2,"skipped":0,"pct":100},"branches":{"total":0,"covered":0,"skipped":0,"pct":100}}
,"/home/aph5nt/work/rbmk/repos/infra/chain-insights/.worktrees/sota-quality/src/config/index.ts": {"lines":{"total":30,"covered":28,"skipped":0,"pct":93.33},"functions":{"total":6,"covered":6,"skipped":0,"pct":100},"statements":{"total":31,"covered":28,"skipped":0,"pct":90.32},"branches":{"total":6,"covered":4,"skipped":0,"pct":66.66}}
,"/home/aph5nt/work/rbmk/repos/infra/chain-insights/.worktrees/sota-quality/src/config/limits.ts": {"lines":{"total":41,"covered":18,"skipped":0,"pct":43.9},"functions":{"total":9,"covered":4,"skipped":0,"pct":44.44},"statements":{"total":44,"covered":20,"skipped":0,"pct":45.45},"branches":{"total":39,"covered":13,"skipped":0,"pct":33.33}}
,"/home/aph5nt/work/rbmk/repos/infra/chain-insights/.worktrees/sota-quality/src/config/mcp-endpoint.ts": {"lines":{"total":24,"covered":20,"skipped":0,"pct":83.33},"functions":{"total":4,"covered":4,"skipped":0,"pct":100},"statements":{"total":26,"covered":22,"skipped":0,"pct":84.61},"branches":{"total":27,"covered":24,"skipped":0,"pct":88.88}}
,"/home/aph5nt/work/rbmk/repos/infra/chain-insights/.worktrees/sota-quality/src/config/schema.ts": {"lines":{"total":29,"covered":15,"skipped":0,"pct":51.72},"functions":{"total":8,"covered":6,"skipped":0,"pct":75},"statements":{"total":32,"covered":17,"skipped":0,"pct":53.12},"branches":{"total":13,"covered":2,"skipped":0,"pct":15.38}}
,"/home/aph5nt/work/rbmk/repos/infra/chain-insights/.worktrees/sota-quality/src/federation/apply-merge.ts": {"lines":{"total":70,"covered":69,"skipped":0,"pct":98.57},"functions":{"total":15,"covered":15,"skipped":0,"pct":100},"statements":{"total":88,"covered":84,"skipped":0,"pct":95.45},"branches":{"total":60,"covered":51,"skipped":0,"pct":85}}
,"/home/aph5nt/work/rbmk/repos/infra/chain-insights/.worktrees/sota-quality/src/federation/merge.ts": {"lines":{"total":114,"covered":114,"skipped":0,"pct":100},"functions":{"total":9,"covered":9,"skipped":0,"pct":100},"statements":{"total":129,"covered":128,"skipped":0,"pct":99.22},"branches":{"total":104,"covered":97,"skipped":0,"pct":93.26}}
,"/home/aph5nt/work/rbmk/repos/infra/chain-insights/.worktrees/sota-quality/src/investigation/public-tools.ts": {"lines":{"total":388,"covered":356,"skipped":0,"pct":91.75},"functions":{"total":130,"covered":114,"skipped":0,"pct":87.69},"statements":{"total":455,"covered":404,"skipped":0,"pct":88.79},"branches":{"total":476,"covered":345,"skipped":0,"pct":72.47}}
,"/home/aph5nt/work/rbmk/repos/infra/chain-insights/.worktrees/sota-quality/src/investigation/risk-level.ts": {"lines":{"total":12,"covered":12,"skipped":0,"pct":100},"functions":{"total":3,"covered":3,"skipped":0,"pct":100},"statements":{"total":17,"covered":16,"skipped":0,"pct":94.11},"branches":{"total":12,"covered":11,"skipped":0,"pct":91.66}}
,"/home/aph5nt/work/rbmk/repos/infra/chain-insights/.worktrees/sota-quality/src/lib/recount-units.ts": {"lines":{"total":27,"covered":27,"skipped":0,"pct":100},"functions":{"total":6,"covered":6,"skipped":0,"pct":100},"statements":{"total":31,"covered":31,"skipped":0,"pct":100},"branches":{"total":28,"covered":28,"skipped":0,"pct":100}}
,"/home/aph5nt/work/rbmk/repos/infra/chain-insights/.worktrees/sota-quality/src/lib/usage-accumulator.ts": {"lines":{"total":64,"covered":56,"skipped":0,"pct":87.5},"functions":{"total":13,"covered":13,"skipped":0,"pct":100},"statements":{"total":74,"covered":65,"skipped":0,"pct":87.83},"branches":{"total":76,"covered":60,"skipped":0,"pct":78.94}}
,"/home/aph5nt/work/rbmk/repos/infra/chain-insights/.worktrees/sota-quality/src/mcp/action-log.ts": {"lines":{"total":41,"covered":41,"skipped":0,"pct":100},"functions":{"total":9,"covered":9,"skipped":0,"pct":100},"statements":{"total":44,"covered":44,"skipped":0,"pct":100},"branches":{"total":29,"covered":23,"skipped":0,"pct":79.31}}
,"/home/aph5nt/work/rbmk/repos/infra/chain-insights/.worktrees/sota-quality/src/mcp/artifact-server.ts": {"lines":{"total":28,"covered":0,"skipped":0,"pct":0},"functions":{"total":6,"covered":0,"skipped":0,"pct":0},"statements":{"total":33,"covered":0,"skipped":0,"pct":0},"branches":{"total":6,"covered":0,"skipped":0,"pct":0}}
,"/home/aph5nt/work/rbmk/repos/infra/chain-insights/.worktrees/sota-quality/src/mcp/call-args.ts": {"lines":{"total":16,"covered":16,"skipped":0,"pct":100},"functions":{"total":2,"covered":2,"skipped":0,"pct":100},"statements":{"total":17,"covered":16,"skipped":0,"pct":94.11},"branches":{"total":12,"covered":11,"skipped":0,"pct":91.66}}
,"/home/aph5nt/work/rbmk/repos/infra/chain-insights/.worktrees/sota-quality/src/mcp/capabilities.ts": {"lines":{"total":55,"covered":53,"skipped":0,"pct":96.36},"functions":{"total":16,"covered":16,"skipped":0,"pct":100},"statements":{"total":67,"covered":61,"skipped":0,"pct":91.04},"branches":{"total":52,"covered":38,"skipped":0,"pct":73.07}}
,"/home/aph5nt/work/rbmk/repos/infra/chain-insights/.worktrees/sota-quality/src/mcp/client.ts": {"lines":{"total":97,"covered":92,"skipped":0,"pct":94.84},"functions":{"total":18,"covered":18,"skipped":0,"pct":100},"statements":{"total":107,"covered":98,"skipped":0,"pct":91.58},"branches":{"total":87,"covered":66,"skipped":0,"pct":75.86}}
,"/home/aph5nt/work/rbmk/repos/infra/chain-insights/.worktrees/sota-quality/src/mcp/format.ts": {"lines":{"total":10,"covered":10,"skipped":0,"pct":100},"functions":{"total":2,"covered":2,"skipped":0,"pct":100},"statements":{"total":11,"covered":11,"skipped":0,"pct":100},"branches":{"total":4,"covered":4,"skipped":0,"pct":100}}
,"/home/aph5nt/work/rbmk/repos/infra/chain-insights/.worktrees/sota-quality/src/mcp/graph-client.ts": {"lines":{"total":30,"covered":25,"skipped":0,"pct":83.33},"functions":{"total":4,"covered":4,"skipped":0,"pct":100},"statements":{"total":30,"covered":25,"skipped":0,"pct":83.33},"branches":{"total":23,"covered":17,"skipped":0,"pct":73.91}}
,"/home/aph5nt/work/rbmk/repos/infra/chain-insights/.worktrees/sota-quality/src/mcp/graph-reports.ts": {"lines":{"total":23,"covered":23,"skipped":0,"pct":100},"functions":{"total":6,"covered":6,"skipped":0,"pct":100},"statements":{"total":23,"covered":23,"skipped":0,"pct":100},"branches":{"total":16,"covered":15,"skipped":0,"pct":93.75}}
,"/home/aph5nt/work/rbmk/repos/infra/chain-insights/.worktrees/sota-quality/src/mcp/payment-asset-preference.ts": {"lines":{"total":10,"covered":10,"skipped":0,"pct":100},"functions":{"total":5,"covered":5,"skipped":0,"pct":100},"statements":{"total":13,"covered":13,"skipped":0,"pct":100},"branches":{"total":6,"covered":6,"skipped":0,"pct":100}}
,"/home/aph5nt/work/rbmk/repos/infra/chain-insights/.worktrees/sota-quality/src/mcp/print-result.ts": {"lines":{"total":6,"covered":6,"skipped":0,"pct":100},"functions":{"total":3,"covered":3,"skipped":0,"pct":100},"statements":{"total":7,"covered":7,"skipped":0,"pct":100},"branches":{"total":8,"covered":6,"skipped":0,"pct":75}}
,"/home/aph5nt/work/rbmk/repos/infra/chain-insights/.worktrees/sota-quality/src/mcp/proxy.ts": {"lines":{"total":341,"covered":306,"skipped":0,"pct":89.73},"functions":{"total":72,"covered":59,"skipped":0,"pct":81.94},"statements":{"total":380,"covered":328,"skipped":0,"pct":86.31},"branches":{"total":290,"covered":227,"skipped":0,"pct":78.27}}
,"/home/aph5nt/work/rbmk/repos/infra/chain-insights/.worktrees/sota-quality/src/mcp/schema-cache.ts": {"lines":{"total":14,"covered":14,"skipped":0,"pct":100},"functions":{"total":3,"covered":3,"skipped":0,"pct":100},"statements":{"total":17,"covered":17,"skipped":0,"pct":100},"branches":{"total":10,"covered":10,"skipped":0,"pct":100}}
,"/home/aph5nt/work/rbmk/repos/infra/chain-insights/.worktrees/sota-quality/src/mcp/tool-visibility.ts": {"lines":{"total":13,"covered":12,"skipped":0,"pct":92.3},"functions":{"total":6,"covered":6,"skipped":0,"pct":100},"statements":{"total":18,"covered":17,"skipped":0,"pct":94.44},"branches":{"total":18,"covered":14,"skipped":0,"pct":77.77}}
,"/home/aph5nt/work/rbmk/repos/infra/chain-insights/.worktrees/sota-quality/src/mcp/usage-status.ts": {"lines":{"total":4,"covered":4,"skipped":0,"pct":100},"functions":{"total":3,"covered":3,"skipped":0,"pct":100},"statements":{"total":4,"covered":4,"skipped":0,"pct":100},"branches":{"total":6,"covered":2,"skipped":0,"pct":33.33}}
,"/home/aph5nt/work/rbmk/repos/infra/chain-insights/.worktrees/sota-quality/src/monitor/atomic.ts": {"lines":{"total":3,"covered":3,"skipped":0,"pct":100},"functions":{"total":1,"covered":1,"skipped":0,"pct":100},"statements":{"total":3,"covered":3,"skipped":0,"pct":100},"branches":{"total":0,"covered":0,"skipped":0,"pct":100}}
,"/home/aph5nt/work/rbmk/repos/infra/chain-insights/.worktrees/sota-quality/src/monitor/cases.ts": {"lines":{"total":67,"covered":66,"skipped":0,"pct":98.5},"functions":{"total":17,"covered":17,"skipped":0,"pct":100},"statements":{"total":85,"covered":84,"skipped":0,"pct":98.82},"branches":{"total":39,"covered":35,"skipped":0,"pct":89.74}}
,"/home/aph5nt/work/rbmk/repos/infra/chain-insights/.worktrees/sota-quality/src/monitor/config.ts": {"lines":{"total":17,"covered":11,"skipped":0,"pct":64.7},"functions":{"total":2,"covered":1,"skipped":0,"pct":50},"statements":{"total":18,"covered":11,"skipped":0,"pct":61.11},"branches":{"total":6,"covered":1,"skipped":0,"pct":16.66}}
,"/home/aph5nt/work/rbmk/repos/infra/chain-insights/.worktrees/sota-quality/src/monitor/init.ts": {"lines":{"total":9,"covered":9,"skipped":0,"pct":100},"functions":{"total":3,"covered":3,"skipped":0,"pct":100},"statements":{"total":11,"covered":11,"skipped":0,"pct":100},"branches":{"total":4,"covered":4,"skipped":0,"pct":100}}
,"/home/aph5nt/work/rbmk/repos/infra/chain-insights/.worktrees/sota-quality/src/monitor/lock.ts": {"lines":{"total":16,"covered":15,"skipped":0,"pct":93.75},"functions":{"total":5,"covered":3,"skipped":0,"pct":60},"statements":{"total":21,"covered":17,"skipped":0,"pct":80.95},"branches":{"total":7,"covered":6,"skipped":0,"pct":85.71}}
,"/home/aph5nt/work/rbmk/repos/infra/chain-insights/.worktrees/sota-quality/src/monitor/paths.ts": {"lines":{"total":4,"covered":4,"skipped":0,"pct":100},"functions":{"total":1,"covered":1,"skipped":0,"pct":100},"statements":{"total":4,"covered":4,"skipped":0,"pct":100},"branches":{"total":0,"covered":0,"skipped":0,"pct":100}}
,"/home/aph5nt/work/rbmk/repos/infra/chain-insights/.worktrees/sota-quality/src/monitor/report.ts": {"lines":{"total":18,"covered":17,"skipped":0,"pct":94.44},"functions":{"total":2,"covered":2,"skipped":0,"pct":100},"statements":{"total":19,"covered":17,"skipped":0,"pct":89.47},"branches":{"total":8,"covered":6,"skipped":0,"pct":75}}
,"/home/aph5nt/work/rbmk/repos/infra/chain-insights/.worktrees/sota-quality/src/monitor/runner.ts": {"lines":{"total":9,"covered":9,"skipped":0,"pct":100},"functions":{"total":1,"covered":1,"skipped":0,"pct":100},"statements":{"total":9,"covered":9,"skipped":0,"pct":100},"branches":{"total":0,"covered":0,"skipped":0,"pct":100}}
,"/home/aph5nt/work/rbmk/repos/infra/chain-insights/.worktrees/sota-quality/src/monitor/render/dossier.ts": {"lines":{"total":20,"covered":20,"skipped":0,"pct":100},"functions":{"total":4,"covered":4,"skipped":0,"pct":100},"statements":{"total":21,"covered":21,"skipped":0,"pct":100},"branches":{"total":2,"covered":2,"skipped":0,"pct":100}}
,"/home/aph5nt/work/rbmk/repos/infra/chain-insights/.worktrees/sota-quality/src/monitor/render/index.ts": {"lines":{"total":32,"covered":32,"skipped":0,"pct":100},"functions":{"total":6,"covered":5,"skipped":0,"pct":83.33},"statements":{"total":33,"covered":32,"skipped":0,"pct":96.96},"branches":{"total":9,"covered":9,"skipped":0,"pct":100}}
,"/home/aph5nt/work/rbmk/repos/infra/chain-insights/.worktrees/sota-quality/src/monitor/render/mermaid.ts": {"lines":{"total":11,"covered":11,"skipped":0,"pct":100},"functions":{"total":4,"covered":4,"skipped":0,"pct":100},"statements":{"total":12,"covered":12,"skipped":0,"pct":100},"branches":{"total":5,"covered":4,"skipped":0,"pct":80}}
,"/home/aph5nt/work/rbmk/repos/infra/chain-insights/.worktrees/sota-quality/src/monitor/render/notes.ts": {"lines":{"total":23,"covered":23,"skipped":0,"pct":100},"functions":{"total":5,"covered":5,"skipped":0,"pct":100},"statements":{"total":23,"covered":23,"skipped":0,"pct":100},"branches":{"total":6,"covered":6,"skipped":0,"pct":100}}
,"/home/aph5nt/work/rbmk/repos/infra/chain-insights/.worktrees/sota-quality/src/monitor/render/verdict.ts": {"lines":{"total":12,"covered":11,"skipped":0,"pct":91.66},"functions":{"total":3,"covered":3,"skipped":0,"pct":100},"statements":{"total":13,"covered":12,"skipped":0,"pct":92.3},"branches":{"total":10,"covered":8,"skipped":0,"pct":80}}
,"/home/aph5nt/work/rbmk/repos/infra/chain-insights/.worktrees/sota-quality/src/server/app.ts": {"lines":{"total":79,"covered":70,"skipped":0,"pct":88.6},"functions":{"total":15,"covered":12,"skipped":0,"pct":80},"statements":{"total":86,"covered":74,"skipped":0,"pct":86.04},"branches":{"total":40,"covered":34,"skipped":0,"pct":85}}
,"/home/aph5nt/work/rbmk/repos/infra/chain-insights/.worktrees/sota-quality/src/server/index.ts": {"lines":{"total":23,"covered":19,"skipped":0,"pct":82.6},"functions":{"total":7,"covered":3,"skipped":0,"pct":42.85},"statements":{"total":27,"covered":19,"skipped":0,"pct":70.37},"branches":{"total":5,"covered":3,"skipped":0,"pct":60}}
,"/home/aph5nt/work/rbmk/repos/infra/chain-insights/.worktrees/sota-quality/src/server/resolve-port.ts": {"lines":{"total":5,"covered":5,"skipped":0,"pct":100},"functions":{"total":1,"covered":1,"skipped":0,"pct":100},"statements":{"total":6,"covered":6,"skipped":0,"pct":100},"branches":{"total":7,"covered":7,"skipped":0,"pct":100}}
,"/home/aph5nt/work/rbmk/repos/infra/chain-insights/.worktrees/sota-quality/src/viz/data-extractor.ts": {"lines":{"total":88,"covered":62,"skipped":0,"pct":70.45},"functions":{"total":17,"covered":13,"skipped":0,"pct":76.47},"statements":{"total":98,"covered":66,"skipped":0,"pct":67.34},"branches":{"total":76,"covered":44,"skipped":0,"pct":57.89}}
,"/home/aph5nt/work/rbmk/repos/infra/chain-insights/.worktrees/sota-quality/src/viz/graph-model.ts": {"lines":{"total":13,"covered":13,"skipped":0,"pct":100},"functions":{"total":4,"covered":4,"skipped":0,"pct":100},"statements":{"total":17,"covered":17,"skipped":0,"pct":100},"branches":{"total":7,"covered":6,"skipped":0,"pct":85.71}}
,"/home/aph5nt/work/rbmk/repos/infra/chain-insights/.worktrees/sota-quality/src/viz/graph-normalizer.ts": {"lines":{"total":59,"covered":55,"skipped":0,"pct":93.22},"functions":{"total":15,"covered":15,"skipped":0,"pct":100},"statements":{"total":72,"covered":65,"skipped":0,"pct":90.27},"branches":{"total":86,"covered":71,"skipped":0,"pct":82.55}}
,"/home/aph5nt/work/rbmk/repos/infra/chain-insights/.worktrees/sota-quality/src/viz/graph-shape.ts": {"lines":{"total":8,"covered":8,"skipped":0,"pct":100},"functions":{"total":3,"covered":3,"skipped":0,"pct":100},"statements":{"total":10,"covered":9,"skipped":0,"pct":90},"branches":{"total":21,"covered":20,"skipped":0,"pct":95.23}}
,"/home/aph5nt/work/rbmk/repos/infra/chain-insights/.worktrees/sota-quality/src/viz/html-generator.ts": {"lines":{"total":21,"covered":21,"skipped":0,"pct":100},"functions":{"total":7,"covered":7,"skipped":0,"pct":100},"statements":{"total":24,"covered":23,"skipped":0,"pct":95.83},"branches":{"total":10,"covered":9,"skipped":0,"pct":90}}
,"/home/aph5nt/work/rbmk/repos/infra/chain-insights/.worktrees/sota-quality/src/viz/index.ts": {"lines":{"total":24,"covered":11,"skipped":0,"pct":45.83},"functions":{"total":2,"covered":1,"skipped":0,"pct":50},"statements":{"total":24,"covered":11,"skipped":0,"pct":45.83},"branches":{"total":8,"covered":1,"skipped":0,"pct":12.5}}
,"/home/aph5nt/work/rbmk/repos/infra/chain-insights/.worktrees/sota-quality/src/wallet/index.ts": {"lines":{"total":61,"covered":55,"skipped":0,"pct":90.16},"functions":{"total":10,"covered":10,"skipped":0,"pct":100},"statements":{"total":63,"covered":56,"skipped":0,"pct":88.88},"branches":{"total":15,"covered":10,"skipped":0,"pct":66.66}}
,"/home/aph5nt/work/rbmk/repos/infra/chain-insights/.worktrees/sota-quality/src/wallet/tools.ts": {"lines":{"total":109,"covered":91,"skipped":0,"pct":83.48},"functions":{"total":23,"covered":22,"skipped":0,"pct":95.65},"statements":{"total":112,"covered":92,"skipped":0,"pct":82.14},"branches":{"total":88,"covered":65,"skipped":0,"pct":73.86}}
,"/home/aph5nt/work/rbmk/repos/infra/chain-insights/.worktrees/sota-quality/src/wallet/topup-server.ts": {"lines":{"total":75,"covered":55,"skipped":0,"pct":73.33},"functions":{"total":15,"covered":12,"skipped":0,"pct":80},"statements":{"total":77,"covered":57,"skipped":0,"pct":74.02},"branches":{"total":50,"covered":29,"skipped":0,"pct":58}}
,"/home/aph5nt/work/rbmk/repos/infra/chain-insights/.worktrees/sota-quality/src/wallet/mcp-proxy/qr.ts": {"lines":{"total":152,"covered":140,"skipped":0,"pct":92.1},"functions":{"total":16,"covered":16,"skipped":0,"pct":100},"statements":{"total":203,"covered":187,"skipped":0,"pct":92.11},"branches":{"total":98,"covered":81,"skipped":0,"pct":82.65}}
,"/home/aph5nt/work/rbmk/repos/infra/chain-insights/.worktrees/sota-quality/src/wallet/mcp-proxy/tools.ts": {"lines":{"total":26,"covered":4,"skipped":0,"pct":15.38},"functions":{"total":7,"covered":0,"skipped":0,"pct":0},"statements":{"total":26,"covered":4,"skipped":0,"pct":15.38},"branches":{"total":6,"covered":0,"skipped":0,"pct":0}}
,"/home/aph5nt/work/rbmk/repos/infra/chain-insights/.worktrees/sota-quality/src/wallet/mcp-proxy/topup-server.ts": {"lines":{"total":65,"covered":25,"skipped":0,"pct":38.46},"functions":{"total":13,"covered":6,"skipped":0,"pct":46.15},"statements":{"total":66,"covered":26,"skipped":0,"pct":39.39},"branches":{"total":22,"covered":5,"skipped":0,"pct":22.72}}
,"/home/aph5nt/work/rbmk/repos/infra/chain-insights/.worktrees/sota-quality/src/wallet/mcp-proxy/types.ts": {"lines":{"total":0,"covered":0,"skipped":0,"pct":100},"functions":{"total":0,"covered":0,"skipped":0,"pct":100},"statements":{"total":0,"covered":0,"skipped":0,"pct":100},"branches":{"total":0,"covered":0,"skipped":0,"pct":100}}
,"/home/aph5nt/work/rbmk/repos/infra/chain-insights/.worktrees/sota-quality/src/workspace/active.ts": {"lines":{"total":25,"covered":23,"skipped":0,"pct":92},"functions":{"total":6,"covered":4,"skipped":0,"pct":66.66},"statements":{"total":30,"covered":27,"skipped":0,"pct":90},"branches":{"total":28,"covered":19,"skipped":0,"pct":67.85}}
,"/home/aph5nt/work/rbmk/repos/infra/chain-insights/.worktrees/sota-quality/src/workspace/init.ts": {"lines":{"total":37,"covered":32,"skipped":0,"pct":86.48},"functions":{"total":5,"covered":5,"skipped":0,"pct":100},"statements":{"total":37,"covered":32,"skipped":0,"pct":86.48},"branches":{"total":8,"covered":3,"skipped":0,"pct":37.5}}
,"/home/aph5nt/work/rbmk/repos/infra/chain-insights/.worktrees/sota-quality/src/workspace/output-root.ts": {"lines":{"total":6,"covered":6,"skipped":0,"pct":100},"functions":{"total":2,"covered":2,"skipped":0,"pct":100},"statements":{"total":7,"covered":7,"skipped":0,"pct":100},"branches":{"total":4,"covered":4,"skipped":0,"pct":100}}
}
