TN:
SF:src/cli.ts
FN:24,(anonymous_0)
FN:27,(anonymous_1)
FN:28,(anonymous_2)
FN:47,runInstaller
FN:56,optionalNumber
FN:63,optionalNumberArg
FN:70,withGraphMcpClient
FN:92,printNetworkCapabilities
FN:108,(anonymous_8)
FN:121,(anonymous_9)
FN:141,(anonymous_10)
FN:161,(anonymous_11)
FN:199,(anonymous_12)
FN:219,(anonymous_13)
FN:234,(anonymous_14)
FN:257,(anonymous_15)
FN:279,(anonymous_16)
FN:294,(anonymous_17)
FN:313,(anonymous_18)
FN:334,(anonymous_19)
FN:341,(anonymous_20)
FN:348,(anonymous_21)
FN:359,(anonymous_22)
FN:375,(anonymous_23)
FN:414,(anonymous_24)
FN:433,(anonymous_25)
FN:447,(anonymous_26)
FN:465,(anonymous_27)
FN:475,(anonymous_28)
FN:493,(anonymous_29)
FN:530,(anonymous_30)
FN:543,(anonymous_31)
FN:580,(anonymous_32)
FN:582,(anonymous_33)
FN:602,(anonymous_34)
FN:626,(anonymous_35)
FN:667,(anonymous_36)
FN:694,appendRunLog
FN:709,(anonymous_38)
FN:728,(anonymous_39)
FN:747,(anonymous_40)
FN:772,(anonymous_41)
FN:792,(anonymous_42)
FN:825,(anonymous_43)
FN:846,(anonymous_44)
FN:870,(anonymous_45)
FN:893,(anonymous_46)
FN:914,(anonymous_47)
FN:934,(anonymous_48)
FNF:49
FNH:0
FNDA:0,(anonymous_0)
FNDA:0,(anonymous_1)
FNDA:0,(anonymous_2)
FNDA:0,runInstaller
FNDA:0,optionalNumber
FNDA:0,optionalNumberArg
FNDA:0,withGraphMcpClient
FNDA:0,printNetworkCapabilities
FNDA:0,(anonymous_8)
FNDA:0,(anonymous_9)
FNDA:0,(anonymous_10)
FNDA:0,(anonymous_11)
FNDA:0,(anonymous_12)
FNDA:0,(anonymous_13)
FNDA:0,(anonymous_14)
FNDA:0,(anonymous_15)
FNDA:0,(anonymous_16)
FNDA:0,(anonymous_17)
FNDA:0,(anonymous_18)
FNDA:0,(anonymous_19)
FNDA:0,(anonymous_20)
FNDA:0,(anonymous_21)
FNDA:0,(anonymous_22)
FNDA:0,(anonymous_23)
FNDA:0,(anonymous_24)
FNDA:0,(anonymous_25)
FNDA:0,(anonymous_26)
FNDA:0,(anonymous_27)
FNDA:0,(anonymous_28)
FNDA:0,(anonymous_29)
FNDA:0,(anonymous_30)
FNDA:0,(anonymous_31)
FNDA:0,(anonymous_32)
FNDA:0,(anonymous_33)
FNDA:0,(anonymous_34)
FNDA:0,(anonymous_35)
FNDA:0,(anonymous_36)
FNDA:0,appendRunLog
FNDA:0,(anonymous_38)
FNDA:0,(anonymous_39)
FNDA:0,(anonymous_40)
FNDA:0,(anonymous_41)
FNDA:0,(anonymous_42)
FNDA:0,(anonymous_43)
FNDA:0,(anonymous_44)
FNDA:0,(anonymous_45)
FNDA:0,(anonymous_46)
FNDA:0,(anonymous_47)
FNDA:0,(anonymous_48)
DA:9,0
DA:10,0
DA:12,0
DA:14,0
DA:23,0
DA:24,0
DA:27,0
DA:28,0
DA:29,0
DA:30,0
DA:32,0
DA:33,0
DA:35,0
DA:41,0
DA:42,0
DA:43,0
DA:44,0
DA:48,0
DA:49,0
DA:51,0
DA:52,0
DA:57,0
DA:58,0
DA:59,0
DA:60,0
DA:64,0
DA:65,0
DA:66,0
DA:67,0
DA:71,0
DA:72,0
DA:73,0
DA:74,0
DA:75,0
DA:76,0
DA:77,0
DA:78,0
DA:83,0
DA:84,0
DA:85,0
DA:86,0
DA:88,0
DA:93,0
DA:94,0
DA:95,0
DA:96,0
DA:97,0
DA:99,0
DA:103,0
DA:109,0
DA:110,0
DA:112,0
DA:113,0
DA:117,0
DA:122,0
DA:123,0
DA:124,0
DA:125,0
DA:126,0
DA:127,0
DA:128,0
DA:129,0
DA:130,0
DA:131,0
DA:133,0
DA:134,0
DA:138,0
DA:142,0
DA:143,0
DA:144,0
DA:145,0
DA:146,0
DA:149,0
DA:150,0
DA:151,0
DA:152,0
DA:153,0
DA:156,0
DA:162,0
DA:163,0
DA:164,0
DA:165,0
DA:166,0
DA:168,0
DA:169,0
DA:170,0
DA:173,0
DA:174,0
DA:175,0
DA:176,0
DA:178,0
DA:179,0
DA:180,0
DA:183,0
DA:184,0
DA:186,0
DA:187,0
DA:191,0
DA:200,0
DA:201,0
DA:202,0
DA:207,0
DA:208,0
DA:209,0
DA:211,0
DA:212,0
DA:220,0
DA:221,0
DA:222,0
DA:223,0
DA:224,0
DA:226,0
DA:227,0
DA:235,0
DA:236,0
DA:237,0
DA:238,0
DA:239,0
DA:240,0
DA:241,0
DA:243,0
DA:244,0
DA:249,0
DA:258,0
DA:259,0
DA:260,0
DA:261,0
DA:262,0
DA:267,0
DA:268,0
DA:269,0
DA:271,0
DA:272,0
DA:280,0
DA:281,0
DA:282,0
DA:283,0
DA:284,0
DA:286,0
DA:287,0
DA:295,0
DA:296,0
DA:297,0
DA:298,0
DA:299,0
DA:300,0
DA:302,0
DA:303,0
DA:308,0
DA:314,0
DA:315,0
DA:316,0
DA:317,0
DA:318,0
DA:319,0
DA:320,0
DA:322,0
DA:323,0
DA:327,0
DA:335,0
DA:342,0
DA:349,0
DA:353,0
DA:360,0
DA:361,0
DA:362,0
DA:363,0
DA:364,0
DA:366,0
DA:367,0
DA:368,0
DA:378,0
DA:379,0
DA:380,0
DA:381,0
DA:382,0
DA:383,0
DA:385,0
DA:386,0
DA:388,0
DA:390,0
DA:391,0
DA:392,0
DA:393,0
DA:394,0
DA:395,0
DA:397,0
DA:398,0
DA:399,0
DA:400,0
DA:401,0
DA:402,0
DA:406,0
DA:415,0
DA:416,0
DA:417,0
DA:418,0
DA:419,0
DA:420,0
DA:422,0
DA:423,0
DA:425,0
DA:426,0
DA:434,0
DA:435,0
DA:436,0
DA:437,0
DA:439,0
DA:440,0
DA:448,0
DA:449,0
DA:450,0
DA:452,0
DA:453,0
DA:466,0
DA:467,0
DA:468,0
DA:469,0
DA:474,0
DA:475,0
DA:476,0
DA:478,0
DA:481,0
DA:483,0
DA:484,0
DA:494,0
DA:495,0
DA:496,0
DA:497,0
DA:498,0
DA:499,0
DA:501,0
DA:502,0
DA:504,0
DA:505,0
DA:506,0
DA:507,0
DA:508,0
DA:511,0
DA:512,0
DA:513,0
DA:516,0
DA:517,0
DA:522,0
DA:531,0
DA:532,0
DA:534,0
DA:535,0
DA:544,0
DA:545,0
DA:546,0
DA:547,0
DA:548,0
DA:549,0
DA:550,0
DA:551,0
DA:552,0
DA:553,0
DA:554,0
DA:555,0
DA:556,0
DA:557,0
DA:558,0
DA:559,0
DA:560,0
DA:561,0
DA:562,0
DA:564,0
DA:567,0
DA:569,0
DA:570,0
DA:581,0
DA:582,0
DA:583,0
DA:584,0
DA:589,0
DA:592,0
DA:593,0
DA:603,0
DA:604,0
DA:605,0
DA:606,0
DA:607,0
DA:608,0
DA:610,0
DA:611,0
DA:612,0
DA:613,0
DA:616,0
DA:617,0
DA:618,0
DA:621,0
DA:622,0
DA:623,0
DA:626,0
DA:627,0
DA:628,0
DA:629,0
DA:630,0
DA:632,0
DA:633,0
DA:634,0
DA:635,0
DA:637,0
DA:639,0
DA:640,0
DA:641,0
DA:646,0
DA:647,0
DA:649,0
DA:650,0
DA:653,0
DA:654,0
DA:661,0
DA:668,0
DA:669,0
DA:670,0
DA:671,0
DA:673,0
DA:674,0
DA:675,0
DA:676,0
DA:677,0
DA:678,0
DA:679,0
DA:680,0
DA:681,0
DA:682,0
DA:683,0
DA:684,0
DA:686,0
DA:687,0
DA:691,0
DA:695,0
DA:696,0
DA:697,0
DA:698,0
DA:699,0
DA:702,0
DA:706,0
DA:710,0
DA:711,0
DA:712,0
DA:713,0
DA:714,0
DA:715,0
DA:716,0
DA:717,0
DA:718,0
DA:719,0
DA:723,0
DA:724,0
DA:725,0
DA:726,0
DA:727,0
DA:728,0
DA:729,0
DA:730,0
DA:731,0
DA:733,0
DA:735,0
DA:737,0
DA:738,0
DA:742,0
DA:748,0
DA:749,0
DA:750,0
DA:751,0
DA:752,0
DA:753,0
DA:754,0
DA:757,0
DA:758,0
DA:759,0
DA:764,0
DA:765,0
DA:769,0
DA:773,0
DA:774,0
DA:775,0
DA:776,0
DA:777,0
DA:779,0
DA:780,0
DA:784,0
DA:793,0
DA:794,0
DA:795,0
DA:796,0
DA:797,0
DA:798,0
DA:799,0
DA:800,0
DA:801,0
DA:802,0
DA:803,0
DA:804,0
DA:805,0
DA:806,0
DA:808,0
DA:809,0
DA:813,0
DA:817,0
DA:826,0
DA:827,0
DA:828,0
DA:829,0
DA:830,0
DA:835,0
DA:837,0
DA:838,0
DA:842,0
DA:847,0
DA:848,0
DA:849,0
DA:850,0
DA:851,0
DA:852,0
DA:853,0
DA:854,0
DA:856,0
DA:857,0
DA:859,0
DA:860,0
DA:864,0
DA:871,0
DA:872,0
DA:873,0
DA:874,0
DA:875,0
DA:876,0
DA:877,0
DA:878,0
DA:880,0
DA:881,0
DA:883,0
DA:884,0
DA:888,0
DA:894,0
DA:895,0
DA:896,0
DA:897,0
DA:898,0
DA:899,0
DA:900,0
DA:901,0
DA:903,0
DA:905,0
DA:906,0
DA:910,0
DA:915,0
DA:916,0
DA:917,0
DA:918,0
DA:919,0
DA:920,0
DA:921,0
DA:923,0
DA:926,0
DA:927,0
DA:934,0
DA:935,0
DA:936,0
LF:463
LH:0
BRDA:24,0,0,0
BRDA:24,0,1,0
BRDA:24,0,2,0
BRDA:27,1,0,0
BRDA:27,1,1,0
BRDA:27,1,2,0
BRDA:27,1,3,0
BRDA:28,2,0,0
BRDA:28,2,1,0
BRDA:28,3,0,0
BRDA:28,3,1,0
BRDA:28,3,2,0
BRDA:42,4,0,0
BRDA:42,4,1,0
BRDA:42,5,0,0
BRDA:42,5,1,0
BRDA:42,6,0,0
BRDA:42,6,1,0
BRDA:57,7,0,0
BRDA:57,7,1,0
BRDA:59,8,0,0
BRDA:59,8,1,0
BRDA:64,9,0,0
BRDA:64,9,1,0
BRDA:65,10,0,0
BRDA:65,10,1,0
BRDA:65,11,0,0
BRDA:65,11,1,0
BRDA:66,12,0,0
BRDA:66,12,1,0
BRDA:96,13,0,0
BRDA:96,13,1,0
BRDA:146,14,0,0
BRDA:146,14,1,0
BRDA:146,15,0,0
BRDA:146,15,1,0
BRDA:150,16,0,0
BRDA:150,16,1,0
BRDA:165,17,0,0
BRDA:165,17,1,0
BRDA:168,18,0,0
BRDA:168,18,1,0
BRDA:168,19,0,0
BRDA:168,19,1,0
BRDA:174,20,0,0
BRDA:174,20,1,0
BRDA:178,21,0,0
BRDA:178,21,1,0
BRDA:205,22,0,0
BRDA:205,22,1,0
BRDA:208,23,0,0
BRDA:208,23,1,0
BRDA:240,24,0,0
BRDA:240,24,1,0
BRDA:241,25,0,0
BRDA:241,25,1,0
BRDA:260,26,0,0
BRDA:260,26,1,0
BRDA:265,27,0,0
BRDA:265,27,1,0
BRDA:268,28,0,0
BRDA:268,28,1,0
BRDA:299,29,0,0
BRDA:299,29,1,0
BRDA:300,30,0,0
BRDA:300,30,1,0
BRDA:362,31,0,0
BRDA:362,31,1,0
BRDA:368,32,0,0
BRDA:368,32,1,0
BRDA:378,33,0,0
BRDA:378,33,1,0
BRDA:393,34,0,0
BRDA:393,34,1,0
BRDA:399,35,0,0
BRDA:399,35,1,0
BRDA:399,36,0,0
BRDA:399,36,1,0
BRDA:401,37,0,0
BRDA:401,37,1,0
BRDA:417,38,0,0
BRDA:417,38,1,0
BRDA:419,39,0,0
BRDA:419,39,1,0
BRDA:468,40,0,0
BRDA:468,40,1,0
BRDA:468,40,2,0
BRDA:471,41,0,0
BRDA:471,41,1,0
BRDA:474,42,0,0
BRDA:474,42,1,0
BRDA:476,43,0,0
BRDA:476,43,1,0
BRDA:501,44,0,0
BRDA:501,44,1,0
BRDA:511,45,0,0
BRDA:511,45,1,0
BRDA:552,46,0,0
BRDA:552,46,1,0
BRDA:553,47,0,0
BRDA:553,47,1,0
BRDA:610,48,0,0
BRDA:610,48,1,0
BRDA:616,49,0,0
BRDA:616,49,1,0
BRDA:621,50,0,0
BRDA:621,50,1,0
BRDA:627,51,0,0
BRDA:627,51,1,0
BRDA:633,52,0,0
BRDA:633,52,1,0
BRDA:639,53,0,0
BRDA:639,53,1,0
BRDA:642,54,0,0
BRDA:642,54,1,0
BRDA:643,55,0,0
BRDA:643,55,1,0
BRDA:644,56,0,0
BRDA:644,56,1,0
BRDA:669,57,0,0
BRDA:669,57,1,0
BRDA:669,58,0,0
BRDA:669,58,1,0
BRDA:717,59,0,0
BRDA:717,59,1,0
BRDA:731,60,0,0
BRDA:731,60,1,0
BRDA:735,61,0,0
BRDA:735,61,1,0
BRDA:754,62,0,0
BRDA:754,62,1,0
BRDA:757,63,0,0
BRDA:757,63,1,0
BRDA:759,64,0,0
BRDA:759,64,1,0
BRDA:794,65,0,0
BRDA:794,65,1,0
BRDA:852,66,0,0
BRDA:852,66,1,0
BRDA:876,67,0,0
BRDA:876,67,1,0
BRDA:899,68,0,0
BRDA:899,68,1,0
BRDA:920,69,0,0
BRDA:920,69,1,0
BRF:145
BRH:0
end_of_record
TN:
SF:src/index.ts
FNF:0
FNH:0
LF:0
LH:0
BRF:0
BRH:0
end_of_record
TN:
SF:src/update.ts
FN:39,compareSemverVersions
FN:49,resolveUpdateRegistryUrl
FN:53,buildPackageLatestUrl
FN:58,resolveNpmUpdateInvocation
FN:79,fetchLatestPackageVersion
FN:84,(anonymous_5)
FN:107,checkForUpdate
FN:131,runPackageUpdate
FN:143,shouldPromptForUpdate
FN:152,maybePromptForUpdate
FN:183,parseSemverCore
FNF:11
FNH:8
FNDA:5,compareSemverVersions
FNDA:3,resolveUpdateRegistryUrl
FNDA:4,buildPackageLatestUrl
FNDA:3,resolveNpmUpdateInvocation
FNDA:2,fetchLatestPackageVersion
FNDA:0,(anonymous_5)
FNDA:2,checkForUpdate
FNDA:0,runPackageUpdate
FNDA:4,shouldPromptForUpdate
FNDA:0,maybePromptForUpdate
FNDA:10,parseSemverCore
DA:7,1
DA:8,1
DA:40,5
DA:41,5
DA:42,5
DA:43,13
DA:44,10
DA:46,1
DA:50,3
DA:54,4
DA:55,4
DA:62,3
DA:63,3
DA:64,3
DA:65,3
DA:66,3
DA:72,0
DA:80,2
DA:81,2
DA:82,2
DA:83,2
DA:84,2
DA:86,2
DA:87,2
DA:94,2
DA:95,1
DA:97,1
DA:98,1
DA:99,0
DA:101,1
DA:103,2
DA:108,2
DA:109,2
DA:110,2
DA:111,2
DA:112,2
DA:113,1
DA:121,1
DA:132,0
DA:133,0
DA:134,0
DA:135,0
DA:137,0
DA:138,0
DA:139,0
DA:144,4
DA:145,4
DA:146,3
DA:147,2
DA:148,4
DA:149,4
DA:153,0
DA:155,0
DA:156,0
DA:158,0
DA:159,0
DA:160,0
DA:162,0
DA:166,0
DA:167,0
DA:168,0
DA:169,0
DA:170,0
DA:172,0
DA:173,0
DA:176,0
DA:179,0
DA:184,10
DA:185,10
DA:186,10
LF:70
LH:45
BRDA:43,0,0,3
BRDA:43,0,1,10
BRDA:44,1,0,1
BRDA:44,1,1,9
BRDA:49,2,0,3
BRDA:50,3,0,3
BRDA:50,3,1,2
BRDA:53,4,0,4
BRDA:54,5,0,2
BRDA:54,5,1,2
BRDA:59,6,0,3
BRDA:60,7,0,3
BRDA:65,8,0,3
BRDA:65,8,1,0
BRDA:73,9,0,0
BRDA:73,9,1,0
BRDA:79,10,0,2
BRDA:80,11,0,2
BRDA:80,11,1,0
BRDA:81,12,0,2
BRDA:81,12,1,1
BRDA:82,13,0,2
BRDA:82,13,1,0
BRDA:84,14,0,2
BRDA:84,14,1,2
BRDA:94,15,0,1
BRDA:94,15,1,1
BRDA:98,16,0,0
BRDA:98,16,1,1
BRDA:98,17,0,1
BRDA:98,17,1,1
BRDA:107,18,0,2
BRDA:108,19,0,2
BRDA:108,19,1,0
BRDA:109,20,0,2
BRDA:109,20,1,0
BRDA:131,21,0,0
BRDA:134,22,0,0
BRDA:134,22,1,0
BRDA:137,23,0,0
BRDA:137,23,1,0
BRDA:138,24,0,0
BRDA:138,24,1,0
BRDA:138,25,0,0
BRDA:138,25,1,0
BRDA:143,26,0,4
BRDA:144,27,0,4
BRDA:144,27,1,0
BRDA:145,28,0,1
BRDA:145,28,1,3
BRDA:146,29,0,1
BRDA:146,29,1,2
BRDA:147,30,0,2
BRDA:147,30,1,0
BRDA:148,31,0,4
BRDA:148,31,1,0
BRDA:149,32,0,4
BRDA:149,32,1,1
BRDA:152,33,0,0
BRDA:153,34,0,0
BRDA:153,34,1,0
BRDA:156,35,0,0
BRDA:156,35,1,0
BRDA:156,36,0,0
BRDA:156,36,1,0
BRDA:156,36,2,0
BRDA:158,37,0,0
BRDA:158,37,1,0
BRDA:163,38,0,0
BRDA:163,38,1,0
BRDA:168,39,0,0
BRDA:168,39,1,0
BRDA:168,40,0,0
BRDA:168,40,1,0
BRDA:185,41,0,0
BRDA:185,41,1,10
BRF:76
BRH:39
end_of_record
TN:
SF:src/version.ts
FNF:0
FNH:0
DA:3,2
DA:7,2
LF:2
LH:2
BRF:0
BRH:0
end_of_record
TN:
SF:src/config/index.ts
FN:8,configPath
FN:14,applyRuntimeEnvOverrides
FN:26,loadStoredConfig
FN:52,loadConfig
FN:58,saveConfig
FN:72,resetConfigCache
FNF:6
FNH:6
FNDA:24,configPath
FNDA:16,applyRuntimeEnvOverrides
FNDA:23,loadStoredConfig
FNDA:18,loadConfig
FNDA:5,saveConfig
FNDA:23,resetConfigCache
DA:9,24
DA:12,1
DA:16,16
DA:17,16
DA:19,9
DA:21,7
DA:27,23
DA:29,23
DA:30,23
DA:32,16
DA:33,16
DA:35,0
DA:39,7
DA:40,7
DA:42,0
DA:45,7
DA:46,7
DA:48,3
DA:53,18
DA:54,18
DA:55,15
DA:59,5
DA:61,5
DA:62,5
DA:64,4
DA:66,1
DA:67,1
DA:68,1
DA:69,1
DA:73,23
LF:30
LH:28
BRDA:21,0,0,3
BRDA:21,0,1,4
BRDA:32,1,0,16
BRDA:32,1,1,0
BRDA:53,2,0,0
BRDA:53,2,1,18
BRF:6
BRH:4
end_of_record
TN:
SF:src/config/limits.ts
FN:66,isLimitKey
FN:94,constructor
FN:113,limitCeiling
FN:129,limitDefault
FN:171,resolveLimitDetail
FN:192,resolveLimit
FN:207,limitsReport
FN:213,(anonymous_7)
FN:230,limitLiteral
FNF:9
FNH:4
FNDA:0,isLimitKey
FNDA:0,constructor
FNDA:10,limitCeiling
FNDA:5,limitDefault
FNDA:5,resolveLimitDetail
FNDA:5,resolveLimit
FNDA:0,limitsReport
FNDA:0,(anonymous_7)
FNDA:0,limitLiteral
DA:53,15
DA:64,15
DA:67,0
DA:84,15
DA:93,0
DA:95,0
DA:96,0
DA:97,0
DA:98,0
DA:99,0
DA:101,0
DA:105,0
DA:114,10
DA:115,10
DA:116,10
DA:117,0
DA:130,5
DA:131,5
DA:132,5
DA:137,5
DA:138,15
DA:139,0
DA:140,0
DA:141,0
DA:143,0
DA:148,5
DA:176,5
DA:177,5
DA:178,5
DA:179,5
DA:180,5
DA:182,0
DA:183,0
DA:185,0
DA:186,0
DA:188,0
DA:197,5
DA:213,0
DA:231,0
DA:232,0
DA:234,0
LF:41
LH:18
BRDA:115,0,0,0
BRDA:115,0,1,10
BRDA:116,1,0,10
BRDA:116,1,1,0
BRDA:116,2,0,10
BRDA:116,2,1,0
BRDA:129,3,0,5
BRDA:133,4,0,0
BRDA:133,4,1,5
BRDA:135,5,0,0
BRDA:135,5,1,5
BRDA:138,6,0,15
BRDA:138,6,1,0
BRDA:138,7,0,15
BRDA:138,7,1,0
BRDA:140,8,0,0
BRDA:140,8,1,0
BRDA:140,9,0,0
BRDA:140,9,1,0
BRDA:174,10,0,5
BRDA:179,11,0,5
BRDA:179,11,1,0
BRDA:179,12,0,5
BRDA:179,12,1,5
BRDA:182,13,0,0
BRDA:182,13,1,0
BRDA:182,14,0,0
BRDA:182,14,1,0
BRDA:185,15,0,0
BRDA:185,15,1,0
BRDA:185,16,0,0
BRDA:185,16,1,0
BRDA:195,17,0,5
BRDA:214,18,0,0
BRDA:214,18,1,0
BRDA:231,19,0,0
BRDA:231,19,1,0
BRDA:231,20,0,0
BRDA:231,20,1,0
BRF:39
BRH:13
end_of_record
TN:
SF:src/config/mcp-endpoint.ts
FN:7,isLoopbackHost
FN:14,isKubernetesServiceHost
FN:18,graphMcpEndpointEnvOverride
FN:24,validateMcpEndpoint
FNF:4
FNH:4
FNDA:19,isLoopbackHost
FNDA:16,isKubernetesServiceHost
FNDA:16,graphMcpEndpointEnvOverride
FNDA:26,validateMcpEndpoint
DA:3,3
DA:5,3
DA:8,19
DA:9,19
DA:10,16
DA:11,0
DA:15,16
DA:19,16
DA:21,16
DA:25,26
DA:26,26
DA:27,0
DA:31,26
DA:32,26
DA:34,0
DA:39,26
DA:40,1
DA:42,25
DA:43,2
DA:45,23
DA:46,0
DA:48,23
DA:49,13
DA:54,10
LF:24
LH:20
BRDA:9,0,0,3
BRDA:9,0,1,16
BRDA:10,1,0,16
BRDA:10,1,1,0
BRDA:19,2,0,16
BRDA:19,2,1,8
BRDA:21,3,0,12
BRDA:21,3,1,4
BRDA:26,4,0,0
BRDA:26,4,1,26
BRDA:39,5,0,1
BRDA:39,5,1,25
BRDA:39,6,0,26
BRDA:39,6,1,25
BRDA:42,7,0,2
BRDA:42,7,1,23
BRDA:42,8,0,25
BRDA:42,8,1,24
BRDA:45,9,0,0
BRDA:45,9,1,23
BRDA:45,10,0,23
BRDA:45,10,1,19
BRDA:48,11,0,13
BRDA:48,11,1,10
BRDA:48,12,0,23
BRDA:48,12,1,19
BRDA:48,12,2,16
BRF:27
BRH:24
end_of_record
TN:
SF:src/config/schema.ts
FN:13,limitBagSchema
FN:14,(anonymous_1)
FN:35,(anonymous_2)
FN:45,endpointSchema
FN:46,(anonymous_4)
FN:73,formatConfigValidationError
FN:74,(anonymous_6)
FN:77,parseInvestigatorConfig
FNF:8
FNH:6
FNDA:2,limitBagSchema
FNDA:0,(anonymous_1)
FNDA:0,(anonymous_2)
FNDA:2,endpointSchema
FNDA:14,(anonymous_4)
FNDA:7,formatConfigValidationError
FNDA:7,(anonymous_6)
FNDA:17,parseInvestigatorConfig
DA:14,2
DA:15,0
DA:16,0
DA:17,0
DA:18,0
DA:19,0
DA:21,0
DA:22,0
DA:23,0
DA:24,0
DA:33,2
DA:35,2
DA:36,0
DA:37,0
DA:38,0
DA:39,0
DA:40,0
DA:46,2
DA:47,14
DA:48,14
DA:50,7
DA:54,7
DA:59,2
DA:74,7
DA:78,17
DA:79,17
DA:80,7
DA:83,2
DA:85,2
LF:29
LH:15
BRDA:16,0,0,0
BRDA:16,0,1,0
BRDA:17,1,0,0
BRDA:17,1,1,0
BRDA:23,2,0,0
BRDA:23,2,1,0
BRDA:23,3,0,0
BRDA:23,3,1,0
BRDA:23,3,2,0
BRDA:38,4,0,0
BRDA:38,4,1,0
BRDA:79,5,0,10
BRDA:79,5,1,7
BRF:13
BRH:2
end_of_record
TN:
SF:src/federation/apply-merge.ts
FN:45,splitTopLevel
FN:68,extractClause
FN:81,parseProjection
FN:85,(anonymous_3)
FN:86,(anonymous_4)
FN:87,(anonymous_5)
FN:94,bareProperty
FN:106,deriveMergeOptionsFromQuery
FN:108,(anonymous_8)
FN:108,(anonymous_9)
FN:120,(anonymous_10)
FN:152,mergeGraphRows
FN:153,(anonymous_12)
FN:181,applyShardMergeToBatchEntries
FN:186,(anonymous_14)
FNF:15
FNH:15
FNDA:14,splitTopLevel
FNDA:18,extractClause
FNDA:9,parseProjection
FNDA:20,(anonymous_3)
FNDA:20,(anonymous_4)
FNDA:20,(anonymous_5)
FNDA:4,bareProperty
FNDA:9,deriveMergeOptionsFromQuery
FNDA:20,(anonymous_8)
FNDA:6,(anonymous_9)
FNDA:9,(anonymous_10)
FNDA:22,mergeGraphRows
FNDA:23,(anonymous_12)
FNDA:19,applyShardMergeToBatchEntries
FNDA:154,(anonymous_14)
DA:20,8
DA:25,8
DA:36,8
DA:46,14
DA:47,14
DA:48,14
DA:49,14
DA:50,514
DA:51,514
DA:52,514
DA:53,11
DA:54,11
DA:56,503
DA:59,14
DA:60,14
DA:69,18
DA:70,18
DA:71,18
DA:72,14
DA:73,14
DA:74,14
DA:75,37
DA:76,37
DA:78,14
DA:82,9
DA:83,9
DA:84,9
DA:85,20
DA:86,20
DA:88,20
DA:89,20
DA:90,0
DA:95,4
DA:96,4
DA:97,4
DA:107,9
DA:108,20
DA:110,9
DA:111,9
DA:113,9
DA:114,9
DA:117,5
DA:118,5
DA:119,5
DA:120,9
DA:121,5
DA:126,5
DA:127,4
DA:128,4
DA:129,4
DA:133,9
DA:134,9
DA:136,9
DA:153,23
DA:154,22
DA:155,20
DA:157,2
DA:158,2
DA:159,2
DA:185,19
DA:186,154
DA:187,19
DA:188,128
DA:189,21
DA:190,128
DA:191,20
DA:192,20
DA:193,1
DA:194,1
DA:195,1
LF:70
LH:69
BRDA:50,0,0,6
BRDA:50,0,1,508
BRDA:51,1,0,6
BRDA:51,1,1,508
BRDA:52,2,0,11
BRDA:52,2,1,503
BRDA:52,3,0,514
BRDA:52,3,1,11
BRDA:71,4,0,4
BRDA:71,4,1,14
BRDA:76,5,0,10
BRDA:76,5,1,27
BRDA:76,6,0,37
BRDA:76,6,1,14
BRDA:83,7,0,0
BRDA:83,7,1,9
BRDA:89,8,0,20
BRDA:89,8,1,0
BRDA:97,9,0,4
BRDA:97,9,1,0
BRDA:111,10,0,2
BRDA:111,10,1,7
BRDA:114,11,0,5
BRDA:114,11,1,4
BRDA:117,12,0,5
BRDA:117,12,1,0
BRDA:120,13,0,9
BRDA:120,13,1,6
BRDA:121,14,0,5
BRDA:121,14,1,0
BRDA:126,15,0,4
BRDA:126,15,1,1
BRDA:126,16,0,5
BRDA:126,16,1,5
BRDA:128,17,0,4
BRDA:128,17,1,0
BRDA:129,18,0,3
BRDA:129,18,1,1
BRDA:134,19,0,5
BRDA:134,19,1,4
BRDA:154,20,0,20
BRDA:154,20,1,2
BRDA:185,21,0,0
BRDA:185,21,1,19
BRDA:185,22,0,19
BRDA:185,22,1,19
BRDA:188,23,0,107
BRDA:188,23,1,21
BRDA:188,24,0,128
BRDA:188,24,1,128
BRDA:188,24,2,123
BRDA:188,24,3,123
BRDA:189,25,0,21
BRDA:189,25,1,0
BRDA:190,26,0,1
BRDA:190,26,1,127
BRDA:192,27,0,19
BRDA:192,27,1,1
BRDA:194,28,0,0
BRDA:194,28,1,1
BRF:60
BRH:51
end_of_record
TN:
SF:src/federation/merge.ts
FN:45,numeric
FN:49,isEdgeObject
FN:57,rowKey
FN:119,combineEdge
FN:192,mergeShardRows
FN:223,(anonymous_5)
FN:247,(anonymous_6)
FN:249,(anonymous_7)
FN:259,(anonymous_8)
FNF:9
FNH:9
FNDA:126,numeric
FNDA:83,isEdgeObject
FNDA:40,rowKey
FNDA:9,combineEdge
FNDA:21,mergeShardRows
FNDA:84,(anonymous_5)
FNDA:18,(anonymous_6)
FNDA:18,(anonymous_7)
FNDA:6,(anonymous_8)
DA:43,9
DA:46,126
DA:50,83
DA:51,48
DA:52,48
DA:58,40
DA:59,40
DA:60,89
DA:61,49
DA:62,21
DA:63,21
DA:64,21
DA:66,28
DA:68,40
DA:120,9
DA:124,9
DA:125,18
DA:126,122
DA:130,9
DA:131,9
DA:132,9
DA:134,9
DA:136,9
DA:137,9
DA:138,9
DA:139,9
DA:141,9
DA:142,18
DA:143,18
DA:144,18
DA:145,18
DA:147,18
DA:148,18
DA:149,10
DA:150,10
DA:152,18
DA:153,18
DA:154,11
DA:155,11
DA:157,18
DA:158,18
DA:159,2
DA:161,18
DA:162,18
DA:163,2
DA:165,18
DA:166,18
DA:167,2
DA:168,2
DA:172,9
DA:173,9
DA:174,9
DA:175,9
DA:176,9
DA:178,9
DA:179,9
DA:180,9
DA:182,9
DA:183,9
DA:186,9
DA:187,9
DA:189,9
DA:193,21
DA:194,21
DA:195,21
DA:196,21
DA:197,44
DA:198,44
DA:199,44
DA:200,44
DA:201,44
DA:202,102
DA:203,9
DA:204,9
DA:205,9
DA:207,93
DA:209,44
DA:215,9
DA:216,9
DA:217,14
DA:218,5
DA:220,9
DA:221,9
DA:223,84
DA:224,44
DA:230,21
DA:231,21
DA:232,40
DA:233,40
DA:234,40
DA:235,27
DA:238,21
DA:239,21
DA:241,27
DA:242,27
DA:243,27
DA:244,13
DA:245,16
DA:246,9
DA:247,18
DA:249,18
DA:250,9
DA:253,27
DA:256,21
DA:257,21
DA:258,4
DA:259,4
DA:260,6
DA:261,6
DA:262,6
DA:263,6
DA:266,21
DA:267,21
DA:272,21
LF:114
LH:114
BRDA:46,0,0,78
BRDA:46,0,1,48
BRDA:46,1,0,126
BRDA:46,1,1,78
BRDA:50,2,0,35
BRDA:50,2,1,48
BRDA:50,3,0,83
BRDA:50,3,1,48
BRDA:52,4,0,48
BRDA:52,4,1,48
BRDA:52,4,2,48
BRDA:60,5,0,40
BRDA:60,5,1,49
BRDA:61,6,0,21
BRDA:61,6,1,28
BRDA:126,7,0,61
BRDA:126,7,1,61
BRDA:126,8,0,122
BRDA:126,8,1,61
BRDA:142,9,0,18
BRDA:142,9,1,0
BRDA:143,10,0,18
BRDA:143,10,1,0
BRDA:148,11,0,10
BRDA:148,11,1,8
BRDA:148,12,0,18
BRDA:148,12,1,18
BRDA:148,12,2,9
BRDA:153,13,0,11
BRDA:153,13,1,7
BRDA:153,14,0,18
BRDA:153,14,1,18
BRDA:153,14,2,9
BRDA:158,15,0,2
BRDA:158,15,1,16
BRDA:158,16,0,18
BRDA:158,16,1,2
BRDA:158,16,2,1
BRDA:162,17,0,2
BRDA:162,17,1,16
BRDA:162,18,0,18
BRDA:162,18,1,2
BRDA:162,18,2,1
BRDA:166,19,0,2
BRDA:166,19,1,16
BRDA:174,20,0,9
BRDA:174,20,1,0
BRDA:176,21,0,1
BRDA:176,21,1,8
BRDA:178,22,0,9
BRDA:178,22,1,0
BRDA:180,23,0,1
BRDA:180,23,1,8
BRDA:182,24,0,1
BRDA:182,24,1,8
BRDA:183,25,0,1
BRDA:183,25,1,8
BRDA:186,26,0,4
BRDA:186,26,1,5
BRDA:187,27,0,1
BRDA:187,27,1,8
BRDA:187,28,0,1
BRDA:187,28,1,0
BRDA:192,29,0,21
BRDA:193,30,0,21
BRDA:193,30,1,17
BRDA:197,31,0,44
BRDA:197,31,1,0
BRDA:202,32,0,9
BRDA:202,32,1,93
BRDA:209,33,0,9
BRDA:209,33,1,35
BRDA:209,34,0,44
BRDA:209,34,1,9
BRDA:217,35,0,9
BRDA:217,35,1,5
BRDA:220,36,0,9
BRDA:220,36,1,7
BRDA:224,37,0,40
BRDA:224,37,1,4
BRDA:224,38,0,44
BRDA:224,38,1,9
BRDA:234,39,0,13
BRDA:234,39,1,27
BRDA:243,40,0,13
BRDA:243,40,1,14
BRDA:245,41,0,7
BRDA:245,41,1,9
BRDA:257,42,0,4
BRDA:257,42,1,17
BRDA:262,43,0,0
BRDA:262,43,1,6
BRDA:263,44,0,4
BRDA:263,44,1,2
BRDA:263,45,0,1
BRDA:263,45,1,5
BRDA:266,46,0,3
BRDA:266,46,1,18
BRDA:266,47,0,21
BRDA:266,47,1,3
BRDA:267,48,0,17
BRDA:267,48,1,4
BRDA:269,49,0,1
BRDA:269,49,1,3
BRF:104
BRH:97
end_of_record
TN:
SF:src/investigation/public-tools.ts
FN:46,escapeCypherString
FN:50,textFromToolResult
FN:52,(anonymous_2)
FN:53,(anonymous_3)
FN:57,parseGraphBatchResult
FN:65,topologyGraphQuery
FN:71,collectQueryFailure
FN:75,optionalResultsFor
FN:76,(anonymous_8)
FN:85,optionalResultsWithPrefix
FN:87,(anonymous_10)
FN:88,(anonymous_11)
FN:97,callGraphBatch
FN:107,(anonymous_13)
FN:126,parseAddressList
FN:130,(anonymous_15)
FN:134,graphArray
FN:136,(anonymous_17)
FN:139,addressProfileQuery
FN:167,addressFeatureQuery
FN:179,flowEdgeMap
FN:183,pathNodeMap
FN:194,moneyTrailIncidentQuery
FN:203,moneyTrailEndsQuery
FN:218,moneyTrailSeedProbeQuery
FN:227,moneyTrailCorridorQuery
FN:249,buildMoneyTrailBlock
FN:256,(anonymous_27)
FN:260,(anonymous_28)
FN:261,(anonymous_29)
FN:267,(anonymous_30)
FN:291,moneyTrailSummarySentence
FN:297,exchangeOutflowQueries
FN:298,(anonymous_33)
FN:301,exchangeOutflowQueryAtDepth
FN:302,(anonymous_35)
FN:304,(anonymous_36)
FN:305,(anonymous_37)
FN:309,(anonymous_38)
FN:317,(anonymous_39)
FN:317,(anonymous_40)
FN:324,exchangeInflowQueries
FN:325,(anonymous_42)
FN:328,exchangeInflowQueryAtDepth
FN:329,(anonymous_44)
FN:331,(anonymous_45)
FN:332,(anonymous_46)
FN:336,(anonymous_47)
FN:344,(anonymous_48)
FN:344,(anonymous_49)
FN:351,connectionProbeQuery
FN:365,compareAddressExistsQuery
FN:383,seedAddressExistsQuery
FN:394,probeSeedAddresses
FN:400,(anonymous_54)
FN:407,(anonymous_55)
FN:424,linkedExposureQueries
FN:451,crossSpaceLinkedQuery
FN:472,shouldIncludeRouteQueries
FN:480,connectionRouteQueries
FN:484,(anonymous_60)
FN:503,collectOrdered
FN:508,(anonymous_62)
FN:529,isExchangeMarker
FN:542,routeFromPathValue
FN:544,(anonymous_65)
FN:547,(anonymous_66)
FN:550,(anonymous_67)
FN:553,(anonymous_68)
FN:554,(anonymous_69)
FN:562,(anonymous_70)
FN:575,buildRouteEvidence
FN:579,(anonymous_72)
FN:597,formatExchangeRows
FN:598,(anonymous_74)
FN:607,numberValue
FN:616,isExchangeFlag
FN:627,hasExactExchangeLabel
FN:628,(anonymous_78)
FN:631,firstNumber
FN:639,firstString
FN:646,riskLevelFromScore
FN:653,riskRecommendation
FN:659,riskDrivers
FN:667,(anonymous_84)
FN:668,(anonymous_85)
FN:671,(anonymous_86)
FN:672,(anonymous_87)
FN:686,deriveLabelRows
FN:688,(anonymous_89)
FN:690,(anonymous_90)
FN:696,strongestLabelRiskLevel
FN:698,(anonymous_92)
FN:699,(anonymous_93)
FN:701,(anonymous_94)
FN:704,riskScoreSources
FN:719,(anonymous_96)
FN:728,terminalEdgeProperties
FN:733,enrichExchangeRows
FN:734,(anonymous_99)
FN:762,exchangeExposureFallbackScore
FN:776,riskAssessment
FN:818,formatRiskScore
FN:824,stringArrayValue
FN:830,restoreSystemLabels
FN:833,(anonymous_105)
FN:834,(anonymous_106)
FN:837,(anonymous_107)
FN:847,buildRiskGraph
FN:861,(anonymous_109)
FN:925,addressRisk
FN:1016,(anonymous_111)
FN:1080,(anonymous_112)
FN:1092,(anonymous_113)
FN:1111,(anonymous_114)
FN:1150,toCsvValue
FN:1154,subjectNodeForExchangeRow
FN:1162,buildAddressRiskTableHtml
FN:1164,(anonymous_118)
FN:1175,(anonymous_119)
FN:1199,(anonymous_120)
FN:1208,writeAddressRiskArtifacts
FN:1242,(anonymous_122)
FN:1252,(anonymous_123)
FN:1264,(anonymous_124)
FN:1306,statelessArtifacts
FN:1313,artifactEvidence
FN:1315,(anonymous_127)
FN:1316,(anonymous_128)
FN:1323,htmlEscape
FNF:130
FNH:114
FNDA:151,escapeCypherString
FNDA:16,textFromToolResult
FNDA:16,(anonymous_2)
FNDA:16,(anonymous_3)
FNDA:16,parseGraphBatchResult
FNDA:152,topologyGraphQuery
FNDA:5,collectQueryFailure
FNDA:44,optionalResultsFor
FNDA:104,(anonymous_8)
FNDA:28,optionalResultsWithPrefix
FNDA:226,(anonymous_10)
FNDA:64,(anonymous_11)
FNDA:17,callGraphBatch
FNDA:152,(anonymous_13)
FNDA:0,parseAddressList
FNDA:0,(anonymous_15)
FNDA:0,graphArray
FNDA:0,(anonymous_17)
FNDA:15,addressProfileQuery
FNDA:15,addressFeatureQuery
FNDA:180,flowEdgeMap
FNDA:270,pathNodeMap
FNDA:16,moneyTrailIncidentQuery
FNDA:2,moneyTrailEndsQuery
FNDA:0,moneyTrailSeedProbeQuery
FNDA:0,moneyTrailCorridorQuery
FNDA:37,buildMoneyTrailBlock
FNDA:12,(anonymous_27)
FNDA:12,(anonymous_28)
FNDA:11,(anonymous_29)
FNDA:2,(anonymous_30)
FNDA:5,moneyTrailSummarySentence
FNDA:15,exchangeOutflowQueries
FNDA:45,(anonymous_33)
FNDA:45,exchangeOutflowQueryAtDepth
FNDA:45,(anonymous_35)
FNDA:90,(anonymous_36)
FNDA:90,(anonymous_37)
FNDA:45,(anonymous_38)
FNDA:135,(anonymous_39)
FNDA:135,(anonymous_40)
FNDA:15,exchangeInflowQueries
FNDA:45,(anonymous_42)
FNDA:45,exchangeInflowQueryAtDepth
FNDA:45,(anonymous_44)
FNDA:90,(anonymous_45)
FNDA:90,(anonymous_46)
FNDA:45,(anonymous_47)
FNDA:135,(anonymous_48)
FNDA:135,(anonymous_49)
FNDA:0,connectionProbeQuery
FNDA:1,compareAddressExistsQuery
FNDA:0,seedAddressExistsQuery
FNDA:0,probeSeedAddresses
FNDA:0,(anonymous_54)
FNDA:0,(anonymous_55)
FNDA:0,linkedExposureQueries
FNDA:0,crossSpaceLinkedQuery
FNDA:31,shouldIncludeRouteQueries
FNDA:3,connectionRouteQueries
FNDA:6,(anonymous_60)
FNDA:13,collectOrdered
FNDA:181,(anonymous_62)
FNDA:7,isExchangeMarker
FNDA:9,routeFromPathValue
FNDA:39,(anonymous_65)
FNDA:38,(anonymous_66)
FNDA:19,(anonymous_67)
FNDA:7,(anonymous_68)
FNDA:3,(anonymous_69)
FNDA:12,(anonymous_70)
FNDA:2,buildRouteEvidence
FNDA:4,(anonymous_72)
FNDA:2,formatExchangeRows
FNDA:2,(anonymous_74)
FNDA:196,numberValue
FNDA:0,isExchangeFlag
FNDA:0,hasExactExchangeLabel
FNDA:0,(anonymous_78)
FNDA:17,firstNumber
FNDA:97,firstString
FNDA:16,riskLevelFromScore
FNDA:16,riskRecommendation
FNDA:17,riskDrivers
FNDA:13,(anonymous_84)
FNDA:13,(anonymous_85)
FNDA:2,(anonymous_86)
FNDA:2,(anonymous_87)
FNDA:14,deriveLabelRows
FNDA:12,(anonymous_89)
FNDA:26,(anonymous_90)
FNDA:17,strongestLabelRiskLevel
FNDA:13,(anonymous_92)
FNDA:13,(anonymous_93)
FNDA:9,(anonymous_94)
FNDA:17,riskScoreSources
FNDA:13,(anonymous_96)
FNDA:2,terminalEdgeProperties
FNDA:28,enrichExchangeRows
FNDA:2,(anonymous_99)
FNDA:20,exchangeExposureFallbackScore
FNDA:17,riskAssessment
FNDA:17,formatRiskScore
FNDA:78,stringArrayValue
FNDA:14,restoreSystemLabels
FNDA:17,(anonymous_105)
FNDA:17,(anonymous_106)
FNDA:17,(anonymous_107)
FNDA:14,buildRiskGraph
FNDA:3,(anonymous_109)
FNDA:15,addressRisk
FNDA:4,(anonymous_111)
FNDA:6,(anonymous_112)
FNDA:5,(anonymous_113)
FNDA:2,(anonymous_114)
FNDA:6,toCsvValue
FNDA:3,subjectNodeForExchangeRow
FNDA:3,buildAddressRiskTableHtml
FNDA:1,(anonymous_118)
FNDA:6,(anonymous_119)
FNDA:18,(anonymous_120)
FNDA:3,writeAddressRiskArtifacts
FNDA:1,(anonymous_122)
FNDA:6,(anonymous_123)
FNDA:1,(anonymous_124)
FNDA:11,statelessArtifacts
FNDA:14,artifactEvidence
FNDA:40,(anonymous_127)
FNDA:18,(anonymous_128)
FNDA:36,htmlEscape
DA:36,7
DA:37,7
DA:47,151
DA:51,16
DA:52,16
DA:53,16
DA:58,16
DA:59,16
DA:60,16
DA:61,16
DA:62,16
DA:66,152
DA:67,152
DA:68,121
DA:72,5
DA:76,104
DA:77,44
DA:78,36
DA:79,2
DA:80,2
DA:82,34
DA:86,28
DA:87,226
DA:89,64
DA:90,2
DA:91,2
DA:93,62
DA:102,17
DA:107,152
DA:120,16
DA:121,16
DA:122,16
DA:123,17
DA:127,0
DA:128,0
DA:130,0
DA:135,0
DA:136,0
DA:143,15
DA:149,15
DA:150,15
DA:168,15
DA:180,180
DA:186,270
DA:187,270
DA:195,16
DA:204,2
DA:219,0
DA:228,0
DA:247,7
DA:253,37
DA:255,10
DA:256,12
DA:258,10
DA:260,37
DA:261,37
DA:262,11
DA:263,11
DA:264,11
DA:267,37
DA:268,2
DA:269,2
DA:270,2
DA:273,37
DA:292,5
DA:298,45
DA:302,45
DA:303,45
DA:304,90
DA:305,45
DA:306,90
DA:307,90
DA:309,45
DA:310,45
DA:311,45
DA:312,45
DA:317,135
DA:325,45
DA:329,45
DA:330,45
DA:331,90
DA:332,45
DA:333,90
DA:334,90
DA:336,45
DA:337,45
DA:338,45
DA:339,45
DA:344,135
DA:352,0
DA:366,1
DA:384,0
DA:399,0
DA:400,0
DA:404,0
DA:407,0
DA:409,0
DA:410,0
DA:411,0
DA:412,0
DA:416,0
DA:418,0
DA:425,0
DA:452,0
DA:470,7
DA:477,31
DA:484,3
DA:485,6
DA:490,3
DA:507,13
DA:508,13
DA:509,181
DA:510,64
DA:511,24
DA:513,157
DA:514,77
DA:515,77
DA:516,104
DA:519,13
DA:520,13
DA:530,7
DA:531,5
DA:532,4
DA:533,4
DA:534,4
DA:536,0
DA:543,9
DA:544,39
DA:545,7
DA:546,6
DA:548,38
DA:550,19
DA:551,6
DA:553,7
DA:554,3
DA:555,6
DA:562,12
DA:579,2
DA:580,4
DA:581,4
DA:582,1
DA:583,4
DA:585,2
DA:586,2
DA:587,2
DA:598,2
DA:599,2
DA:600,2
DA:601,2
DA:602,2
DA:603,2
DA:608,196
DA:609,51
DA:610,3
DA:611,3
DA:613,48
DA:617,0
DA:618,0
DA:619,0
DA:620,0
DA:621,0
DA:623,0
DA:624,0
DA:628,0
DA:632,17
DA:633,17
DA:634,17
DA:636,11
DA:640,97
DA:641,97
DA:643,26
DA:647,16
DA:648,14
DA:649,14
DA:650,13
DA:654,16
DA:655,12
DA:656,12
DA:664,17
DA:666,17
DA:667,13
DA:668,13
DA:669,17
DA:671,17
DA:672,17
DA:673,17
DA:674,17
DA:676,17
DA:687,14
DA:688,14
DA:689,14
DA:690,26
DA:694,7
DA:697,17
DA:698,13
DA:699,13
DA:700,17
DA:701,9
DA:705,17
DA:706,17
DA:707,6
DA:714,17
DA:715,4
DA:719,13
DA:725,17
DA:729,2
DA:730,2
DA:734,28
DA:735,2
DA:736,2
DA:737,1
DA:749,7
DA:750,7
DA:751,7
DA:752,7
DA:753,7
DA:754,7
DA:763,20
DA:764,7
DA:765,7
DA:766,7
DA:767,7
DA:768,7
DA:769,7
DA:771,7
DA:772,7
DA:773,7
DA:781,17
DA:787,17
DA:788,17
DA:789,17
DA:790,17
DA:791,17
DA:792,17
DA:793,17
DA:797,17
DA:798,17
DA:803,2
DA:804,2
DA:806,17
DA:819,17
DA:820,17
DA:821,17
DA:825,78
DA:826,58
DA:827,57
DA:831,14
DA:832,14
DA:833,17
DA:834,17
DA:835,14
DA:838,17
DA:839,17
DA:840,17
DA:841,17
DA:842,17
DA:848,14
DA:849,14
DA:860,14
DA:861,14
DA:862,3
DA:863,3
DA:864,3
DA:865,3
DA:866,3
DA:867,3
DA:868,3
DA:877,14
DA:878,2
DA:879,2
DA:880,2
DA:881,2
DA:882,3
DA:883,3
DA:885,2
DA:886,2
DA:887,2
DA:888,2
DA:889,2
DA:898,2
DA:899,2
DA:900,2
DA:901,2
DA:914,14
DA:915,14
DA:930,15
DA:931,15
DA:932,15
DA:933,15
DA:934,15
DA:939,15
DA:940,15
DA:950,15
DA:951,15
DA:952,1
DA:953,1
DA:954,1
DA:956,15
DA:958,15
DA:972,15
DA:973,15
DA:977,15
DA:978,15
DA:979,1
DA:993,14
DA:998,15
DA:999,15
DA:1000,15
DA:1001,15
DA:1002,15
DA:1008,15
DA:1016,15
DA:1017,4
DA:1019,15
DA:1025,15
DA:1026,15
DA:1027,15
DA:1028,15
DA:1029,1
DA:1030,1
DA:1033,0
DA:1040,1
DA:1043,14
DA:1044,14
DA:1045,14
DA:1046,14
DA:1047,14
DA:1048,14
DA:1056,15
DA:1079,15
DA:1080,6
DA:1082,14
DA:1083,1
DA:1085,14
DA:1086,0
DA:1088,14
DA:1089,1
DA:1091,14
DA:1092,5
DA:1094,14
DA:1095,14
DA:1111,2
DA:1126,15
DA:1134,15
DA:1136,15
DA:1151,6
DA:1155,3
DA:1163,3
DA:1164,3
DA:1165,1
DA:1166,1
DA:1167,1
DA:1175,6
DA:1177,3
DA:1199,18
DA:1216,3
DA:1217,3
DA:1222,3
DA:1223,3
DA:1224,3
DA:1225,3
DA:1226,3
DA:1227,3
DA:1228,3
DA:1229,3
DA:1230,3
DA:1231,3
DA:1232,3
DA:1240,3
DA:1243,1
DA:1244,1
DA:1245,1
DA:1252,6
DA:1255,3
DA:1264,1
DA:1275,3
DA:1276,3
DA:1277,3
DA:1278,3
DA:1279,3
DA:1280,3
DA:1295,3
DA:1307,11
DA:1314,14
DA:1315,40
DA:1316,18
DA:1324,36
DA:1336,7
LF:388
LH:356
BRDA:51,0,0,16
BRDA:51,0,1,0
BRDA:59,1,0,0
BRDA:59,1,1,16
BRDA:61,2,0,0
BRDA:61,2,1,16
BRDA:67,3,0,31
BRDA:67,3,1,121
BRDA:72,4,0,5
BRDA:72,4,1,0
BRDA:77,5,0,8
BRDA:77,5,1,36
BRDA:78,6,0,2
BRDA:78,6,1,34
BRDA:82,7,0,34
BRDA:82,7,1,0
BRDA:86,8,0,28
BRDA:86,8,1,0
BRDA:89,9,0,2
BRDA:89,9,1,62
BRDA:90,10,0,2
BRDA:90,10,1,0
BRDA:93,11,0,62
BRDA:93,11,1,0
BRDA:120,12,0,0
BRDA:120,12,1,16
BRDA:120,13,0,0
BRDA:120,13,1,0
BRDA:127,14,0,0
BRDA:127,14,1,0
BRDA:127,15,0,0
BRDA:127,15,1,0
BRDA:136,16,0,0
BRDA:136,16,1,0
BRDA:136,17,0,0
BRDA:136,17,1,0
BRDA:136,17,2,0
BRDA:253,18,0,27
BRDA:253,18,1,10
BRDA:256,19,0,12
BRDA:256,19,1,0
BRDA:256,20,0,12
BRDA:256,20,1,0
BRDA:258,21,0,10
BRDA:258,21,1,0
BRDA:258,21,2,0
BRDA:262,22,0,11
BRDA:262,22,1,0
BRDA:263,23,0,11
BRDA:263,23,1,0
BRDA:264,24,0,1
BRDA:264,24,1,10
BRDA:268,25,0,2
BRDA:268,25,1,0
BRDA:269,26,0,1
BRDA:269,26,1,1
BRDA:269,27,0,1
BRDA:269,27,1,0
BRDA:270,28,0,2
BRDA:270,28,1,0
BRDA:270,29,0,2
BRDA:270,29,1,1
BRDA:276,30,0,37
BRDA:276,30,1,0
BRDA:277,31,0,37
BRDA:277,31,1,0
BRDA:278,32,0,37
BRDA:278,32,1,0
BRDA:279,33,0,1
BRDA:279,33,1,9
BRDA:282,34,0,1
BRDA:282,34,1,0
BRDA:283,35,0,1
BRDA:283,35,1,0
BRDA:284,36,0,1
BRDA:284,36,1,0
BRDA:292,37,0,2
BRDA:292,37,1,3
BRDA:306,38,0,45
BRDA:306,38,1,45
BRDA:316,39,0,30
BRDA:316,39,1,15
BRDA:333,40,0,45
BRDA:333,40,1,45
BRDA:343,41,0,30
BRDA:343,41,1,15
BRDA:399,42,0,0
BRDA:399,42,1,0
BRDA:416,43,0,0
BRDA:416,43,1,0
BRDA:509,44,0,24
BRDA:509,44,1,157
BRDA:513,45,0,77
BRDA:513,45,1,80
BRDA:513,46,0,157
BRDA:513,46,1,151
BRDA:515,47,0,31
BRDA:515,47,1,46
BRDA:530,48,0,2
BRDA:530,48,1,5
BRDA:530,49,0,7
BRDA:530,49,1,7
BRDA:530,49,2,6
BRDA:531,50,0,1
BRDA:531,50,1,4
BRDA:532,51,0,4
BRDA:532,51,1,0
BRDA:534,52,0,4
BRDA:534,52,1,4
BRDA:534,52,2,3
BRDA:534,52,3,3
BRDA:543,53,0,2
BRDA:543,53,1,7
BRDA:543,54,0,9
BRDA:543,54,1,7
BRDA:545,55,0,1
BRDA:545,55,1,6
BRDA:548,56,0,38
BRDA:548,56,1,12
BRDA:581,57,0,3
BRDA:581,57,1,1
BRDA:582,58,0,1
BRDA:582,58,1,0
BRDA:591,59,0,2
BRDA:591,59,1,1
BRDA:599,60,0,2
BRDA:599,60,1,0
BRDA:600,61,0,2
BRDA:600,61,1,0
BRDA:601,62,0,2
BRDA:601,62,1,0
BRDA:602,63,0,2
BRDA:602,63,1,0
BRDA:608,64,0,145
BRDA:608,64,1,51
BRDA:608,65,0,196
BRDA:608,65,1,145
BRDA:609,66,0,3
BRDA:609,66,1,48
BRDA:609,67,0,51
BRDA:609,67,1,3
BRDA:611,68,0,3
BRDA:611,68,1,0
BRDA:617,69,0,0
BRDA:617,69,1,0
BRDA:618,70,0,0
BRDA:618,70,1,0
BRDA:618,71,0,0
BRDA:618,71,1,0
BRDA:618,71,2,0
BRDA:619,72,0,0
BRDA:619,72,1,0
BRDA:621,73,0,0
BRDA:621,73,1,0
BRDA:623,74,0,0
BRDA:623,74,1,0
BRDA:628,75,0,0
BRDA:628,75,1,0
BRDA:634,76,0,6
BRDA:634,76,1,11
BRDA:641,77,0,71
BRDA:641,77,1,26
BRDA:641,78,0,97
BRDA:641,78,1,71
BRDA:647,79,0,2
BRDA:647,79,1,14
BRDA:648,80,0,0
BRDA:648,80,1,14
BRDA:649,81,0,1
BRDA:649,81,1,13
BRDA:654,82,0,4
BRDA:654,82,1,12
BRDA:654,83,0,16
BRDA:654,83,1,13
BRDA:655,84,0,0
BRDA:655,84,1,12
BRDA:669,85,0,4
BRDA:669,85,1,13
BRDA:673,86,0,2
BRDA:673,86,1,15
BRDA:674,87,0,0
BRDA:674,87,1,17
BRDA:688,88,0,2
BRDA:688,88,1,12
BRDA:688,89,0,12
BRDA:688,89,1,12
BRDA:688,89,2,12
BRDA:690,90,0,26
BRDA:690,90,1,0
BRDA:690,91,0,26
BRDA:690,91,1,0
BRDA:699,92,0,13
BRDA:699,92,1,13
BRDA:700,93,0,13
BRDA:700,93,1,4
BRDA:706,94,0,6
BRDA:706,94,1,11
BRDA:714,95,0,4
BRDA:714,95,1,13
BRDA:729,96,0,1
BRDA:729,96,1,1
BRDA:736,97,0,1
BRDA:736,97,1,1
BRDA:739,98,0,1
BRDA:739,98,1,0
BRDA:740,99,0,2
BRDA:740,99,1,1
BRDA:741,100,0,2
BRDA:741,100,1,1
BRDA:742,101,0,2
BRDA:742,101,1,1
BRDA:743,102,0,2
BRDA:743,102,1,1
BRDA:744,103,0,2
BRDA:744,103,1,1
BRDA:763,104,0,13
BRDA:763,104,1,7
BRDA:766,105,0,7
BRDA:766,105,1,0
BRDA:767,106,0,7
BRDA:767,106,1,1
BRDA:768,107,0,7
BRDA:768,107,1,6
BRDA:769,108,0,2
BRDA:769,108,1,5
BRDA:789,109,0,2
BRDA:789,109,1,15
BRDA:790,110,0,17
BRDA:790,110,1,13
BRDA:791,111,0,17
BRDA:791,111,1,13
BRDA:791,112,0,1
BRDA:791,112,1,12
BRDA:791,113,0,13
BRDA:791,113,1,1
BRDA:793,114,0,2
BRDA:793,114,1,15
BRDA:797,115,0,4
BRDA:797,115,1,13
BRDA:798,116,0,2
BRDA:798,116,1,15
BRDA:799,117,0,17
BRDA:799,117,1,4
BRDA:799,117,2,3
BRDA:809,118,0,6
BRDA:809,118,1,11
BRDA:810,119,0,2
BRDA:810,119,1,15
BRDA:811,120,0,5
BRDA:811,120,1,12
BRDA:811,121,0,17
BRDA:811,121,1,13
BRDA:811,122,0,1
BRDA:811,122,1,11
BRDA:812,123,0,1
BRDA:812,123,1,16
BRDA:820,124,0,0
BRDA:820,124,1,17
BRDA:820,125,0,0
BRDA:820,125,1,0
BRDA:821,126,0,11
BRDA:821,126,1,6
BRDA:825,127,0,20
BRDA:825,127,1,58
BRDA:826,128,0,1
BRDA:826,128,1,57
BRDA:826,129,0,58
BRDA:826,129,1,1
BRDA:831,130,0,0
BRDA:831,130,1,14
BRDA:833,131,0,17
BRDA:833,131,1,0
BRDA:833,132,0,0
BRDA:833,132,1,0
BRDA:834,133,0,17
BRDA:834,133,1,17
BRDA:834,133,2,5
BRDA:838,134,0,0
BRDA:838,134,1,17
BRDA:838,135,0,17
BRDA:838,135,1,17
BRDA:838,135,2,17
BRDA:840,136,0,17
BRDA:840,136,1,0
BRDA:840,137,0,0
BRDA:840,137,1,0
BRDA:842,138,0,5
BRDA:842,138,1,12
BRDA:853,139,0,14
BRDA:853,139,1,9
BRDA:854,140,0,4
BRDA:854,140,1,10
BRDA:855,141,0,0
BRDA:855,141,1,14
BRDA:856,142,0,3
BRDA:856,142,1,11
BRDA:857,143,0,3
BRDA:857,143,1,11
BRDA:862,144,0,3
BRDA:862,144,1,2
BRDA:863,145,0,3
BRDA:863,145,1,3
BRDA:864,146,0,3
BRDA:864,146,1,3
BRDA:865,147,0,3
BRDA:865,147,1,3
BRDA:866,148,0,3
BRDA:866,148,1,3
BRDA:867,149,0,3
BRDA:867,149,1,3
BRDA:871,150,0,1
BRDA:871,150,1,2
BRDA:872,151,0,0
BRDA:872,151,1,3
BRDA:872,152,0,3
BRDA:872,152,1,0
BRDA:873,153,0,1
BRDA:873,153,1,2
BRDA:874,154,0,1
BRDA:874,154,1,2
BRDA:878,155,0,1
BRDA:878,155,1,1
BRDA:879,156,0,1
BRDA:879,156,1,1
BRDA:880,157,0,0
BRDA:880,157,1,2
BRDA:885,158,0,2
BRDA:885,158,1,0
BRDA:886,159,0,2
BRDA:886,159,1,0
BRDA:887,160,0,2
BRDA:887,160,1,0
BRDA:888,161,0,2
BRDA:888,161,1,2
BRDA:888,161,2,1
BRDA:894,162,0,1
BRDA:894,162,1,1
BRDA:899,163,0,2
BRDA:899,163,1,0
BRDA:900,164,0,2
BRDA:900,164,1,0
BRDA:905,165,0,2
BRDA:905,165,1,0
BRDA:906,166,0,2
BRDA:906,166,1,0
BRDA:907,167,0,2
BRDA:907,167,1,0
BRDA:932,168,0,15
BRDA:932,168,1,14
BRDA:933,169,0,0
BRDA:933,169,1,15
BRDA:934,170,0,0
BRDA:934,170,1,15
BRDA:951,171,0,1
BRDA:951,171,1,14
BRDA:956,172,0,0
BRDA:956,172,1,15
BRDA:956,173,0,15
BRDA:956,173,1,1
BRDA:964,174,0,0
BRDA:964,174,1,15
BRDA:968,175,0,0
BRDA:968,175,1,15
BRDA:978,176,0,1
BRDA:978,176,1,14
BRDA:995,177,0,14
BRDA:995,177,1,0
BRDA:996,178,0,15
BRDA:996,178,1,13
BRDA:1001,179,0,0
BRDA:1001,179,1,14
BRDA:1002,180,0,0
BRDA:1002,180,1,14
BRDA:1017,181,0,4
BRDA:1017,181,1,3
BRDA:1028,182,0,1
BRDA:1028,182,1,14
BRDA:1040,183,0,1
BRDA:1040,183,1,0
BRDA:1048,184,0,3
BRDA:1048,184,1,11
BRDA:1048,185,0,14
BRDA:1048,185,1,11
BRDA:1050,186,0,3
BRDA:1050,186,1,0
BRDA:1051,187,0,3
BRDA:1051,187,1,0
BRDA:1062,188,0,3
BRDA:1062,188,1,11
BRDA:1062,189,0,3
BRDA:1062,189,1,0
BRDA:1063,190,0,15
BRDA:1063,190,1,11
BRDA:1063,191,0,15
BRDA:1063,191,1,11
BRDA:1066,192,0,2
BRDA:1066,192,1,12
BRDA:1069,193,0,1
BRDA:1069,193,1,1
BRDA:1071,194,0,1
BRDA:1071,194,1,0
BRDA:1074,195,0,11
BRDA:1074,195,1,1
BRDA:1076,196,0,1
BRDA:1076,196,1,0
BRDA:1079,197,0,3
BRDA:1079,197,1,12
BRDA:1079,198,0,15
BRDA:1079,198,1,14
BRDA:1082,199,0,1
BRDA:1082,199,1,13
BRDA:1085,200,0,0
BRDA:1085,200,1,14
BRDA:1086,201,0,0
BRDA:1086,201,1,0
BRDA:1088,202,0,1
BRDA:1088,202,1,13
BRDA:1091,203,0,5
BRDA:1091,203,1,9
BRDA:1101,204,0,0
BRDA:1101,204,1,14
BRDA:1105,205,0,3
BRDA:1105,205,1,11
BRDA:1110,206,0,12
BRDA:1110,206,1,2
BRDA:1111,207,0,12
BRDA:1111,207,1,2
BRDA:1113,208,0,0
BRDA:1113,208,1,14
BRDA:1117,209,0,0
BRDA:1117,209,1,0
BRDA:1121,210,0,1
BRDA:1121,210,1,13
BRDA:1122,211,0,5
BRDA:1122,211,1,9
BRDA:1126,212,0,3
BRDA:1126,212,1,11
BRDA:1151,213,0,0
BRDA:1151,213,1,6
BRDA:1151,214,0,6
BRDA:1151,214,1,6
BRDA:1156,215,0,0
BRDA:1156,215,1,3
BRDA:1157,216,0,0
BRDA:1157,216,1,0
BRDA:1157,216,2,0
BRDA:1158,217,0,3
BRDA:1158,217,1,0
BRDA:1158,217,2,0
BRDA:1165,218,0,1
BRDA:1165,218,1,0
BRDA:1168,219,0,1
BRDA:1168,219,1,0
BRDA:1171,220,0,1
BRDA:1171,220,1,0
BRDA:1172,221,0,1
BRDA:1172,221,1,0
BRDA:1173,222,0,1
BRDA:1173,222,1,0
BRDA:1243,223,0,1
BRDA:1243,223,1,0
BRDA:1246,224,0,1
BRDA:1246,224,1,0
BRDA:1249,225,0,1
BRDA:1249,225,1,0
BRDA:1250,226,0,1
BRDA:1250,226,1,0
BRDA:1251,227,0,1
BRDA:1251,227,1,0
BRDA:1261,228,0,0
BRDA:1261,228,1,3
BRDA:1315,229,0,40
BRDA:1315,229,1,29
BRDA:1315,229,2,18
BRDA:1324,230,0,36
BRDA:1324,230,1,0
BRF:476
BRH:345
end_of_record
TN:
SF:src/investigation/risk-level.ts
FN:15,normalizeRiskLevel
FN:25,isUnscoredRiskLevel
FN:34,riskSeverityRank
FNF:3
FNH:3
FNDA:35,normalizeRiskLevel
FNDA:19,isUnscoredRiskLevel
FNDA:6,riskSeverityRank
DA:11,8
DA:12,8
DA:16,35
DA:17,20
DA:18,20
DA:19,19
DA:20,15
DA:21,1
DA:26,19
DA:35,6
DA:36,6
DA:37,6
LF:12
LH:12
BRDA:16,0,0,15
BRDA:16,0,1,20
BRDA:18,1,0,1
BRDA:18,1,1,19
BRDA:19,2,0,4
BRDA:19,2,1,15
BRDA:20,3,0,14
BRDA:20,3,1,1
BRDA:36,4,0,0
BRDA:36,4,1,6
BRDA:36,5,0,6
BRDA:36,5,1,6
BRF:12
BRH:11
end_of_record
TN:
SF:src/lib/recount-units.ts
FN:19,isRecord
FN:23,isNode
FN:32,isEdge
FN:43,isPath
FN:53,countGraphValue
FN:80,recountBillableUnits
FNF:6
FNH:6
FNDA:15,isRecord
FNDA:10,isNode
FNDA:4,isEdge
FNDA:2,isPath
FNDA:19,countGraphValue
FNDA:3,recountBillableUnits
DA:20,15
DA:24,10
DA:25,10
DA:33,4
DA:34,4
DA:44,2
DA:45,2
DA:54,19
DA:55,6
DA:56,4
DA:59,15
DA:61,10
DA:62,6
DA:63,6
DA:66,4
DA:67,2
DA:68,2
DA:71,2
DA:72,1
DA:73,1
DA:74,1
DA:77,1
DA:83,3
DA:85,3
DA:86,10
DA:89,3
DA:90,3
LF:27
LH:27
BRDA:20,0,0,15
BRDA:20,0,1,10
BRDA:20,0,2,10
BRDA:25,1,0,10
BRDA:25,1,1,6
BRDA:25,1,2,6
BRDA:25,1,3,6
BRDA:25,1,4,6
BRDA:34,2,0,4
BRDA:34,2,1,2
BRDA:34,2,2,2
BRDA:34,2,3,2
BRDA:34,2,4,2
BRDA:34,2,5,2
BRDA:34,2,6,2
BRDA:45,3,0,2
BRDA:45,3,1,1
BRDA:45,3,2,1
BRDA:54,4,0,4
BRDA:54,4,1,15
BRDA:59,5,0,5
BRDA:59,5,1,10
BRDA:61,6,0,6
BRDA:61,6,1,4
BRDA:66,7,0,2
BRDA:66,7,1,2
BRDA:71,8,0,1
BRDA:71,8,1,1
BRF:28
BRH:28
end_of_record
TN:
SF:src/lib/usage-accumulator.ts
FN:32,createUsageAccumulator
FN:38,usageBlock
FN:42,isRecord
FN:46,numberValue
FN:55,textOfToolResult
FN:60,(anonymous_5)
FN:61,(anonymous_6)
FN:69,accumulateFacts
FN:112,recordGraphQueryBatchResult
FN:130,recordGraphQueryResult
FN:150,wrapClientForUsageTracking
FN:152,get
FN:154,(anonymous_12)
FNF:13
FNH:13
FNDA:26,createUsageAccumulator
FNDA:25,usageBlock
FNDA:316,isRecord
FNDA:106,numberValue
FNDA:26,textOfToolResult
FNDA:25,(anonymous_5)
FNDA:25,(anonymous_6)
FNDA:26,accumulateFacts
FNDA:25,recordGraphQueryBatchResult
FNDA:1,recordGraphQueryResult
FNDA:25,wrapClientForUsageTracking
FNDA:28,get
FNDA:28,(anonymous_12)
DA:33,26
DA:39,25
DA:43,316
DA:47,106
DA:48,95
DA:49,0
DA:50,0
DA:52,95
DA:56,26
DA:57,26
DA:58,26
DA:59,25
DA:60,25
DA:61,25
DA:70,26
DA:72,23
DA:73,23
DA:74,1
DA:75,1
DA:76,1
DA:79,23
DA:80,23
DA:81,26
DA:85,26
DA:86,8
DA:87,15
DA:91,14
DA:92,97
DA:93,97
DA:97,23
DA:98,22
DA:99,136
DA:101,1
DA:102,0
DA:114,25
DA:115,25
DA:116,25
DA:117,1
DA:118,0
DA:121,1
DA:124,25
DA:125,25
DA:126,25
DA:131,1
DA:133,1
DA:134,1
DA:135,0
DA:137,1
DA:138,1
DA:141,0
DA:143,1
DA:151,25
DA:153,28
DA:154,28
DA:155,28
DA:156,27
DA:157,27
DA:158,28
DA:159,25
DA:160,2
DA:161,1
DA:163,27
DA:166,0
DA:167,0
LF:64
LH:56
BRDA:43,0,0,316
BRDA:43,0,1,270
BRDA:43,0,2,270
BRDA:47,1,0,11
BRDA:47,1,1,95
BRDA:47,2,0,106
BRDA:47,2,1,11
BRDA:48,3,0,0
BRDA:48,3,1,95
BRDA:48,4,0,95
BRDA:48,4,1,0
BRDA:50,5,0,0
BRDA:50,5,1,0
BRDA:56,6,0,0
BRDA:56,6,1,26
BRDA:58,7,0,1
BRDA:58,7,1,25
BRDA:60,8,0,25
BRDA:60,8,1,25
BRDA:60,8,2,25
BRDA:70,9,0,3
BRDA:70,9,1,23
BRDA:73,10,0,1
BRDA:73,10,1,22
BRDA:75,11,0,1
BRDA:75,11,1,0
BRDA:76,12,0,1
BRDA:76,12,1,0
BRDA:80,13,0,8
BRDA:80,13,1,15
BRDA:81,14,0,22
BRDA:81,14,1,1
BRDA:85,15,0,8
BRDA:85,15,1,15
BRDA:87,16,0,14
BRDA:87,16,1,1
BRDA:93,17,0,2
BRDA:93,17,1,95
BRDA:97,18,0,22
BRDA:97,18,1,1
BRDA:99,19,0,3
BRDA:99,19,1,133
BRDA:101,20,0,0
BRDA:101,20,1,1
BRDA:101,21,0,1
BRDA:101,21,1,0
BRDA:116,22,0,24
BRDA:116,22,1,1
BRDA:117,23,0,0
BRDA:117,23,1,1
BRDA:117,24,0,1
BRDA:117,24,1,1
BRDA:124,25,0,22
BRDA:124,25,1,3
BRDA:124,26,0,25
BRDA:124,26,1,22
BRDA:125,27,0,22
BRDA:125,27,1,3
BRDA:134,28,0,0
BRDA:134,28,1,1
BRDA:134,29,0,1
BRDA:134,29,1,1
BRDA:138,30,0,1
BRDA:138,30,1,0
BRDA:153,31,0,28
BRDA:153,31,1,0
BRDA:157,32,0,27
BRDA:157,32,1,0
BRDA:157,33,0,27
BRDA:157,33,1,27
BRDA:158,34,0,25
BRDA:158,34,1,2
BRDA:160,35,0,1
BRDA:160,35,1,1
BRDA:167,36,0,0
BRDA:167,36,1,0
BRF:76
BRH:60
end_of_record
TN:
SF:src/mcp/action-log.ts
FN:24,actionLogPath
FN:39,ensureDir
FN:64,writeEntry
FN:72,appendActionLog
FN:78,(anonymous_4)
FN:88,isRecord
FN:95,actionLogSignalsFromResult
FN:112,installActionLogging
FN:114,(anonymous_8)
FNF:9
FNH:9
FNDA:25,actionLogPath
FNDA:9,ensureDir
FNDA:9,writeEntry
FNDA:25,appendActionLog
FNDA:9,(anonymous_4)
FNDA:48,isRecord
FNDA:18,actionLogSignalsFromResult
FNDA:3,installActionLogging
FNDA:3,(anonymous_8)
DA:25,25
DA:26,25
DA:40,9
DA:41,9
DA:42,9
DA:43,20
DA:44,20
DA:45,20
DA:47,18
DA:48,1
DA:62,3
DA:65,9
DA:66,8
DA:73,25
DA:74,25
DA:75,9
DA:76,9
DA:79,9
DA:80,9
DA:89,48
DA:96,18
DA:97,18
DA:98,10
DA:101,18
DA:102,18
DA:105,18
DA:113,3
DA:114,3
DA:115,3
DA:116,3
DA:117,3
DA:118,3
DA:119,3
DA:120,3
DA:121,2
DA:122,2
DA:123,2
DA:125,1
DA:126,1
DA:129,3
DA:130,3
LF:41
LH:41
BRDA:26,0,0,9
BRDA:26,0,1,16
BRDA:41,1,0,9
BRDA:41,1,1,0
BRDA:43,2,0,20
BRDA:43,2,1,0
BRDA:47,3,0,17
BRDA:47,3,1,1
BRDA:74,4,0,16
BRDA:74,4,1,9
BRDA:89,5,0,48
BRDA:89,5,1,32
BRDA:89,5,2,32
BRDA:96,6,0,18
BRDA:96,6,1,0
BRDA:97,7,0,8
BRDA:97,7,1,10
BRDA:98,8,0,2
BRDA:98,8,1,8
BRDA:102,9,0,2
BRDA:102,9,1,8
BRDA:102,10,0,18
BRDA:102,10,1,2
BRDA:116,11,0,3
BRDA:116,11,1,0
BRDA:117,12,0,3
BRDA:117,12,1,0
BRDA:118,13,0,3
BRDA:118,13,1,0
BRF:29
BRH:23
end_of_record
TN:
SF:src/mcp/artifact-server.ts
FN:9,isHealthy
FN:11,(anonymous_1)
FN:24,waitUntilHealthy
FN:32,ensureArtifactServer
FN:43,(anonymous_4)
FN:57,closeArtifactServers
FNF:6
FNH:0
FNDA:0,isHealthy
FNDA:0,(anonymous_1)
FNDA:0,waitUntilHealthy
FNDA:0,ensureArtifactServer
FNDA:0,(anonymous_4)
FNDA:0,closeArtifactServers
DA:7,0
DA:10,0
DA:11,0
DA:12,0
DA:13,0
DA:16,0
DA:18,0
DA:20,0
DA:25,0
DA:26,0
DA:27,0
DA:29,0
DA:33,0
DA:34,0
DA:36,0
DA:37,0
DA:42,0
DA:43,0
DA:44,0
DA:45,0
DA:48,0
DA:49,0
DA:51,0
DA:52,0
DA:53,0
DA:58,0
DA:59,0
DA:60,0
LF:28
LH:0
BRDA:26,0,0,0
BRDA:26,0,1,0
BRDA:33,1,0,0
BRDA:33,1,1,0
BRDA:34,2,0,0
BRDA:34,2,1,0
BRF:6
BRH:0
end_of_record
TN:
SF:src/mcp/call-args.ts
FN:13,parseMcpArgValue
FN:28,parseMcpCallArgs
FNF:2
FNH:2
FNDA:23,parseMcpArgValue
FNDA:14,parseMcpCallArgs
DA:5,1
DA:14,23
DA:15,23
DA:17,23
DA:18,1
DA:21,22
DA:22,1
DA:25,21
DA:29,14
DA:30,14
DA:31,24
DA:32,24
DA:33,1
DA:35,23
DA:36,23
DA:38,13
LF:16
LH:16
BRDA:15,0,0,0
BRDA:15,0,1,23
BRDA:17,1,0,1
BRDA:17,1,1,22
BRDA:17,2,0,23
BRDA:17,2,1,23
BRDA:21,3,0,1
BRDA:21,3,1,21
BRDA:21,4,0,22
BRDA:21,4,1,1
BRDA:32,5,0,1
BRDA:32,5,1,23
BRF:12
BRH:11
end_of_record
TN:
SF:src/mcp/capabilities.ts
FN:62,publicNetworkCapabilities
FN:63,(anonymous_1)
FN:83,metadataNetworksUrl
FN:91,fetchNetworkCapabilities
FN:117,availableTools
FN:125,(anonymous_5)
FN:126,(anonymous_6)
FN:130,availableToolLines
FN:140,shortDate
FN:145,datasetLabel
FN:160,formatNetworkCapabilities
FN:164,(anonymous_11)
FN:164,(anonymous_12)
FN:165,(anonymous_13)
FN:167,(anonymous_14)
FN:175,(anonymous_15)
FNF:16
FNH:16
FNDA:3,publicNetworkCapabilities
FNDA:3,(anonymous_1)
FNDA:4,metadataNetworksUrl
FNDA:4,fetchNetworkCapabilities
FNDA:4,availableTools
FNDA:23,(anonymous_5)
FNDA:21,(anonymous_6)
FNDA:4,availableToolLines
FNDA:4,shortDate
FNDA:4,datasetLabel
FNDA:4,formatNetworkCapabilities
FNDA:14,(anonymous_11)
FNDA:42,(anonymous_12)
FNDA:4,(anonymous_13)
FNDA:10,(anonymous_14)
FNDA:12,(anonymous_15)
DA:50,2
DA:51,2
DA:60,2
DA:63,3
DA:64,3
DA:84,4
DA:85,4
DA:86,4
DA:87,4
DA:88,4
DA:94,4
DA:95,4
DA:96,4
DA:97,4
DA:98,4
DA:99,4
DA:102,4
DA:103,4
DA:105,1
DA:107,3
DA:108,0
DA:110,3
DA:111,3
DA:112,0
DA:114,3
DA:118,4
DA:124,4
DA:125,23
DA:126,21
DA:127,4
DA:131,4
DA:132,4
DA:133,3
DA:134,3
DA:135,9
DA:137,3
DA:141,4
DA:142,4
DA:146,4
DA:147,4
DA:148,2
DA:151,4
DA:154,4
DA:155,2
DA:156,1
DA:157,1
DA:161,4
DA:162,4
DA:163,4
DA:164,42
DA:165,4
DA:166,4
DA:167,10
DA:173,4
DA:175,12
LF:55
LH:53
BRDA:66,0,0,3
BRDA:66,0,1,0
BRDA:70,1,0,3
BRDA:70,1,1,0
BRDA:73,2,0,1
BRDA:73,2,1,2
BRDA:74,3,0,0
BRDA:74,3,1,3
BRDA:98,4,0,4
BRDA:98,4,1,0
BRDA:107,5,0,0
BRDA:107,5,1,3
BRDA:111,6,0,0
BRDA:111,6,1,3
BRDA:111,7,0,3
BRDA:111,7,1,3
BRDA:118,8,0,3
BRDA:118,8,1,1
BRDA:120,9,0,3
BRDA:120,9,1,0
BRDA:123,10,0,1
BRDA:123,10,1,0
BRDA:132,11,0,1
BRDA:132,11,1,3
BRDA:141,12,0,0
BRDA:141,12,1,4
BRDA:147,13,0,2
BRDA:147,13,1,2
BRDA:148,14,0,1
BRDA:148,14,1,1
BRDA:148,15,0,2
BRDA:148,15,1,1
BRDA:151,16,0,2
BRDA:151,16,1,0
BRDA:151,17,0,4
BRDA:151,17,1,2
BRDA:154,18,0,0
BRDA:154,18,1,4
BRDA:154,19,0,4
BRDA:154,19,1,1
BRDA:155,20,0,1
BRDA:155,20,1,1
BRDA:156,21,0,0
BRDA:156,21,1,1
BRDA:161,22,0,0
BRDA:161,22,1,4
BRDA:168,23,0,4
BRDA:168,23,1,6
BRDA:168,24,0,4
BRDA:168,24,1,0
BRDA:169,25,0,4
BRDA:169,25,1,6
BRF:52
BRH:38
end_of_record
TN:
SF:src/mcp/client.ts
FN:31,resolvePaymentAssetPreference
FN:43,createAssetPreferenceReorderingFetch
FN:45,(anonymous_2)
FN:72,constructor
FN:78,applyMcpAuthHeaders
FN:86,createHeaderFetch
FN:87,(anonymous_6)
FN:114,paymentRequirementFromResponse
FN:147,isAutoApprovableBaseUsdc
FN:160,describePermit2ApprovalNeededError
FN:171,describePaymentRequiredResponse
FN:198,createPaymentFailureReportingFetch
FN:203,(anonymous_12)
FN:246,createMcpFetchClient
FN:292,createMcpAuthFetchClient
FN:297,resolveGraphMcpEndpoint
FN:301,createConfiguredGraphPaidOrFreeFetch
FN:311,createConfiguredGraphMcpFetch
FNF:18
FNH:18
FNDA:19,resolvePaymentAssetPreference
FNDA:19,createAssetPreferenceReorderingFetch
FNDA:1,(anonymous_2)
FNDA:15,constructor
FNDA:9,applyMcpAuthHeaders
FNDA:4,createHeaderFetch
FNDA:5,(anonymous_6)
FNDA:26,paymentRequirementFromResponse
FNDA:6,isAutoApprovableBaseUsdc
FNDA:4,describePermit2ApprovalNeededError
FNDA:10,describePaymentRequiredResponse
FNDA:25,createPaymentFailureReportingFetch
FNDA:19,(anonymous_12)
FNDA:19,createMcpFetchClient
FNDA:4,createMcpAuthFetchClient
FNDA:5,resolveGraphMcpEndpoint
FNDA:3,createConfiguredGraphPaidOrFreeFetch
FNDA:5,createConfiguredGraphMcpFetch
DA:18,3
DA:19,3
DA:20,3
DA:22,3
DA:32,19
DA:44,19
DA:45,1
DA:46,1
DA:47,1
DA:48,1
DA:49,1
DA:52,1
DA:53,1
DA:55,0
DA:57,1
DA:59,1
DA:60,1
DA:61,1
DA:62,1
DA:63,1
DA:73,15
DA:74,15
DA:79,9
DA:80,9
DA:81,9
DA:82,9
DA:83,9
DA:87,4
DA:88,5
DA:89,5
DA:90,5
DA:92,5
DA:100,3
DA:115,26
DA:116,26
DA:118,24
DA:119,24
DA:120,24
DA:124,24
DA:125,26
DA:126,26
DA:127,26
DA:137,0
DA:148,6
DA:149,2
DA:150,2
DA:161,4
DA:162,4
DA:163,4
DA:172,10
DA:173,10
DA:175,9
DA:176,9
DA:177,9
DA:178,1
DA:180,8
DA:185,10
DA:186,10
DA:187,0
DA:189,8
DA:190,7
DA:192,1
DA:194,0
DA:203,25
DA:204,19
DA:205,19
DA:206,16
DA:207,16
DA:208,6
DA:209,4
DA:211,2
DA:212,2
DA:220,1
DA:225,1
DA:226,1
DA:227,0
DA:229,10
DA:231,25
DA:247,19
DA:252,19
DA:253,19
DA:272,19
DA:277,19
DA:293,4
DA:294,4
DA:298,5
DA:302,3
DA:303,3
DA:304,2
DA:307,1
DA:308,1
DA:314,5
DA:315,2
DA:316,2
DA:317,1
DA:319,1
DA:322,3
LF:97
LH:92
BRDA:31,0,0,19
BRDA:32,1,0,19
BRDA:32,1,1,18
BRDA:44,2,0,18
BRDA:44,2,1,1
BRDA:47,3,0,0
BRDA:47,3,1,1
BRDA:49,4,0,0
BRDA:49,4,1,1
BRDA:57,5,0,0
BRDA:57,5,1,1
BRDA:57,6,0,1
BRDA:57,6,1,1
BRDA:88,7,0,0
BRDA:88,7,1,5
BRDA:89,8,0,5
BRDA:89,8,1,4
BRDA:116,9,0,2
BRDA:116,9,1,24
BRDA:124,10,0,24
BRDA:124,10,1,0
BRDA:124,11,0,24
BRDA:124,11,1,24
BRDA:125,12,0,24
BRDA:125,12,1,0
BRDA:126,13,0,24
BRDA:126,13,1,0
BRDA:129,14,0,24
BRDA:129,14,1,0
BRDA:130,15,0,24
BRDA:130,15,1,0
BRDA:132,16,0,24
BRDA:132,16,1,0
BRDA:132,17,0,26
BRDA:132,17,1,24
BRDA:133,18,0,2
BRDA:133,18,1,22
BRDA:134,19,0,6
BRDA:134,19,1,18
BRDA:148,20,0,4
BRDA:148,20,1,2
BRDA:149,21,0,0
BRDA:149,21,1,2
BRDA:161,22,0,4
BRDA:161,22,1,0
BRDA:162,23,0,4
BRDA:162,23,1,0
BRDA:173,24,0,1
BRDA:173,24,1,9
BRDA:177,25,0,1
BRDA:177,25,1,8
BRDA:177,26,0,9
BRDA:177,26,1,4
BRDA:177,26,2,1
BRDA:181,27,0,8
BRDA:181,27,1,0
BRDA:182,28,0,8
BRDA:182,28,1,0
BRDA:183,29,0,8
BRDA:183,29,1,0
BRDA:185,30,0,8
BRDA:185,30,1,0
BRDA:186,31,0,0
BRDA:186,31,1,10
BRDA:189,32,0,7
BRDA:189,32,1,1
BRDA:205,33,0,3
BRDA:205,33,1,16
BRDA:207,34,0,6
BRDA:207,34,1,10
BRDA:207,35,0,16
BRDA:207,35,1,10
BRDA:208,36,0,4
BRDA:208,36,1,2
BRDA:217,37,0,0
BRDA:217,37,1,2
BRDA:226,38,0,1
BRDA:226,38,1,0
BRDA:277,39,0,0
BRDA:277,39,1,19
BRDA:292,40,0,4
BRDA:303,41,0,2
BRDA:303,41,1,1
BRDA:314,42,0,2
BRDA:314,42,1,3
BRDA:316,43,0,1
BRDA:316,43,1,1
BRF:87
BRH:66
end_of_record
TN:
SF:src/mcp/format.ts
FN:11,formatToolsTable
FN:15,(anonymous_1)
FNF:2
FNH:2
FNDA:5,formatToolsTable
FNDA:4,(anonymous_1)
DA:3,1
DA:4,1
DA:12,5
DA:13,4
DA:14,4
DA:15,4
DA:16,4
DA:17,4
DA:18,4
DA:20,4
LF:10
LH:10
BRDA:12,0,0,1
BRDA:12,0,1,4
BRDA:17,1,0,4
BRDA:17,1,1,1
BRF:4
BRH:4
end_of_record
TN:
SF:src/mcp/graph-client.ts
FN:28,isRecord
FN:32,normalizeChainInsightsResult
FN:69,callGraphQueryBatch
FN:96,callUsageStatus
FNF:4
FNH:4
FNDA:12,isRecord
FNDA:4,normalizeChainInsightsResult
FNDA:5,callGraphQueryBatch
FNDA:1,callUsageStatus
DA:29,12
DA:33,4
DA:34,0
DA:37,4
DA:38,4
DA:39,0
DA:42,4
DA:43,0
DA:46,4
DA:47,4
DA:48,0
DA:51,4
DA:52,4
DA:53,1
DA:56,3
DA:57,3
DA:58,0
DA:61,3
DA:70,5
DA:71,5
DA:72,1
DA:75,4
DA:76,1
DA:79,3
DA:84,3
DA:85,1
DA:88,3
DA:93,3
DA:97,1
DA:102,1
LF:30
LH:25
BRDA:29,0,0,12
BRDA:29,0,1,12
BRDA:29,0,2,12
BRDA:33,1,0,0
BRDA:33,1,1,4
BRDA:38,2,0,0
BRDA:38,2,1,4
BRDA:42,3,0,0
BRDA:42,3,1,4
BRDA:47,4,0,0
BRDA:47,4,1,4
BRDA:52,5,0,1
BRDA:52,5,1,3
BRDA:57,6,0,0
BRDA:57,6,1,3
BRDA:57,7,0,3
BRDA:57,7,1,0
BRDA:71,8,0,1
BRDA:71,8,1,4
BRDA:75,9,0,1
BRDA:75,9,1,3
BRDA:84,10,0,1
BRDA:84,10,1,2
BRF:23
BRH:17
end_of_record
TN:
SF:src/mcp/graph-reports.ts
FN:28,graphPayloadSchema
FN:34,sanitizeSlug
FN:43,timestampSegment
FN:47,uniqueFilename
FN:52,ensurePrivateDirectory
FN:57,writeGraphReport
FNF:6
FNH:6
FNDA:3,graphPayloadSchema
FNDA:12,sanitizeSlug
FNDA:12,timestampSegment
FNDA:12,uniqueFilename
FNDA:24,ensurePrivateDirectory
FNDA:15,writeGraphReport
DA:8,2
DA:29,3
DA:35,12
DA:40,12
DA:44,12
DA:48,12
DA:49,12
DA:53,24
DA:54,24
DA:61,15
DA:62,15
DA:63,3
DA:64,3
DA:65,1
DA:68,2
DA:71,12
DA:76,15
DA:77,15
DA:78,15
DA:80,15
DA:81,12
DA:82,12
DA:84,12
LF:23
LH:23
BRDA:29,0,0,3
BRDA:29,0,1,0
BRDA:29,1,0,3
BRDA:29,1,1,3
BRDA:29,1,2,3
BRDA:40,2,0,12
BRDA:40,2,1,1
BRDA:43,3,0,12
BRDA:62,4,0,3
BRDA:62,4,1,12
BRDA:64,5,0,1
BRDA:64,5,1,2
BRDA:73,6,0,12
BRDA:73,6,1,6
BRDA:74,7,0,15
BRDA:74,7,1,6
BRF:16
BRH:15
end_of_record
TN:
SF:src/mcp/payment-asset-preference.ts
FN:40,orderPaymentOptions
FN:47,(anonymous_1)
FN:52,(anonymous_2)
FN:55,(anonymous_3)
FN:59,(anonymous_4)
FNF:5
FNH:5
FNDA:7,orderPaymentOptions
FNDA:11,(anonymous_1)
FNDA:46,(anonymous_2)
FNDA:67,(anonymous_3)
FNDA:23,(anonymous_4)
DA:24,4
DA:45,7
DA:47,11
DA:50,7
DA:52,6
DA:53,46
DA:54,46
DA:55,67
DA:56,46
DA:59,23
LF:10
LH:10
BRDA:50,0,0,1
BRDA:50,0,1,6
BRDA:55,1,0,67
BRDA:55,1,1,47
BRDA:56,2,0,23
BRDA:56,2,1,23
BRF:6
BRH:6
end_of_record
TN:
SF:src/mcp/print-result.ts
FN:13,printMcpTextContent
FN:15,(anonymous_1)
FN:16,(anonymous_2)
FNF:3
FNH:3
FNDA:3,printMcpTextContent
FNDA:3,(anonymous_1)
FNDA:3,(anonymous_2)
DA:14,3
DA:15,3
DA:16,3
DA:18,3
DA:19,2
DA:22,2
LF:6
LH:6
BRDA:14,0,0,3
BRDA:14,0,1,0
BRDA:16,1,0,3
BRDA:16,1,1,0
BRDA:18,2,0,2
BRDA:18,2,1,1
BRDA:19,3,0,2
BRDA:19,3,1,1
BRF:8
BRH:6
end_of_record
TN:
SF:src/mcp/proxy.ts
FN:36,resolveMcpProxyMode
FN:123,readGraphAppHtml
FN:141,graphArtifactOrigins
FN:148,hasGraphApp
FN:164,graphToolMeta
FN:185,knownPublicToolInputSchema
FN:213,fallbackGraphPrimitiveTools
FN:214,(anonymous_7)
FN:220,isRecord
FN:224,redactLogValue
FN:227,(anonymous_10)
FN:233,errorForLog
FN:241,sanitizeCypher
FN:245,cypherLogPayload
FN:262,(anonymous_14)
FN:273,createMcpLogger
FN:277,write
FN:295,(anonymous_17)
FN:296,(anonymous_18)
FN:300,installToolLogging
FN:303,(anonymous_20)
FN:304,(anonymous_21)
FN:334,installRemoteCypherLogging
FN:337,(anonymous_23)
FN:391,remoteToolRequestOptions
FN:401,isBlankArgument
FN:408,normalizeRemoteToolArguments
FN:414,(anonymous_27)
FN:417,validateKnownPublicToolArguments
FN:433,claudeFacingToolDescription
FN:445,knownPublicToolAnnotations
FN:468,promptResult
FN:483,registerLocalPrompts
FN:495,(anonymous_33)
FN:515,(anonymous_34)
FN:528,(anonymous_35)
FN:544,(anonymous_36)
FN:569,(anonymous_37)
FN:591,(anonymous_38)
FN:604,(anonymous_39)
FN:613,hasGraphArrayFields
FN:616,(anonymous_41)
FN:619,sanitizeStructuredContentForGraphPayload
FN:626,sanitizeStructuredValue
FN:641,getRemoteGraphPayload
FN:666,normalizeRemoteToolResult
FN:700,shouldIncludeAttachments
FN:704,writeLocalGraphMeta
FN:724,graphMetaResult
FN:734,defaultRobinhoodCapability
FN:745,cleanNetworkCapabilities
FN:752,(anonymous_51)
FN:780,jsonTextResult
FN:795,createProxy
FN:907,(anonymous_54)
FN:932,(anonymous_55)
FN:937,(anonymous_56)
FN:938,(anonymous_57)
FN:939,(anonymous_58)
FN:956,(anonymous_59)
FN:985,(anonymous_60)
FN:1034,(anonymous_61)
FN:1073,(anonymous_62)
FN:1119,(anonymous_63)
FN:1175,(anonymous_64)
FN:1221,(anonymous_65)
FN:1309,(anonymous_66)
FN:1309,(anonymous_67)
FN:1314,(anonymous_68)
FN:1319,(anonymous_69)
FN:1320,(anonymous_70)
FN:1327,(anonymous_71)
FNF:72
FNH:59
FNDA:43,resolveMcpProxyMode
FNDA:1,readGraphAppHtml
FNDA:80,graphArtifactOrigins
FNDA:76,hasGraphApp
FNDA:10,graphToolMeta
FNDA:76,knownPublicToolInputSchema
FNDA:3,fallbackGraphPrimitiveTools
FNDA:6,(anonymous_7)
FNDA:164,isRecord
FNDA:64,redactLogValue
FNDA:39,(anonymous_10)
FNDA:3,errorForLog
FNDA:34,sanitizeCypher
FNDA:17,cypherLogPayload
FNDA:34,(anonymous_14)
FNDA:39,createMcpLogger
FNDA:216,write
FNDA:211,(anonymous_17)
FNDA:5,(anonymous_18)
FNDA:39,installToolLogging
FNDA:260,(anonymous_20)
FNDA:22,(anonymous_21)
FNDA:36,installRemoteCypherLogging
FNDA:17,(anonymous_23)
FNDA:12,remoteToolRequestOptions
FNDA:26,isBlankArgument
FNDA:13,normalizeRemoteToolArguments
FNDA:23,(anonymous_27)
FNDA:13,validateKnownPublicToolArguments
FNDA:76,claudeFacingToolDescription
FNDA:136,knownPublicToolAnnotations
FNDA:3,promptResult
FNDA:39,registerLocalPrompts
FNDA:2,(anonymous_33)
FNDA:0,(anonymous_34)
FNDA:0,(anonymous_35)
FNDA:1,(anonymous_36)
FNDA:0,(anonymous_37)
FNDA:0,(anonymous_38)
FNDA:0,(anonymous_39)
FNDA:1,hasGraphArrayFields
FNDA:1,(anonymous_41)
FNDA:8,sanitizeStructuredContentForGraphPayload
FNDA:39,sanitizeStructuredValue
FNDA:11,getRemoteGraphPayload
FNDA:11,normalizeRemoteToolResult
FNDA:14,shouldIncludeAttachments
FNDA:3,writeLocalGraphMeta
FNDA:3,graphMetaResult
FNDA:1,defaultRobinhoodCapability
FNDA:2,cleanNetworkCapabilities
FNDA:2,(anonymous_51)
FNDA:3,jsonTextResult
FNDA:39,createProxy
FNDA:129,(anonymous_54)
FNDA:0,(anonymous_55)
FNDA:0,(anonymous_56)
FNDA:0,(anonymous_57)
FNDA:0,(anonymous_58)
FNDA:2,(anonymous_59)
FNDA:2,(anonymous_60)
FNDA:1,(anonymous_61)
FNDA:1,(anonymous_62)
FNDA:3,(anonymous_63)
FNDA:1,(anonymous_64)
FNDA:13,(anonymous_65)
FNDA:129,(anonymous_66)
FNDA:129,(anonymous_67)
FNDA:0,(anonymous_68)
FNDA:0,(anonymous_69)
FNDA:0,(anonymous_70)
FNDA:0,(anonymous_71)
DA:21,1
DA:27,1
DA:28,1
DA:31,1
DA:32,1
DA:37,43
DA:38,43
DA:39,4
DA:40,1
DA:43,1
DA:52,1
DA:66,1
DA:67,1
DA:69,1
DA:70,1
DA:72,1
DA:81,1
DA:100,1
DA:107,1
DA:115,1
DA:124,1
DA:130,1
DA:131,3
DA:132,3
DA:134,2
DA:138,0
DA:142,80
DA:149,76
DA:150,76
DA:156,10
DA:159,66
DA:160,66
DA:161,66
DA:165,10
DA:167,10
DA:171,10
DA:186,76
DA:188,10
DA:195,24
DA:200,26
DA:209,16
DA:214,6
DA:221,164
DA:225,64
DA:226,60
DA:227,26
DA:228,39
DA:229,38
DA:234,3
DA:235,3
DA:242,34
DA:246,17
DA:247,17
DA:248,0
DA:256,17
DA:257,7
DA:258,7
DA:262,34
DA:270,10
DA:274,39
DA:275,39
DA:278,216
DA:279,216
DA:280,216
DA:281,216
DA:293,39
DA:295,211
DA:296,5
DA:301,39
DA:302,39
DA:303,39
DA:304,260
DA:305,22
DA:306,22
DA:310,22
DA:311,22
DA:312,22
DA:313,22
DA:318,22
DA:320,0
DA:325,0
DA:328,260
DA:330,39
DA:331,39
DA:335,36
DA:336,36
DA:337,36
DA:338,17
DA:339,17
DA:340,17
DA:341,17
DA:342,17
DA:343,7
DA:348,17
DA:349,17
DA:350,16
DA:351,7
DA:357,16
DA:358,16
DA:367,16
DA:369,1
DA:370,0
DA:376,1
DA:384,1
DA:387,36
DA:388,36
DA:392,12
DA:393,4
DA:398,8
DA:402,26
DA:403,25
DA:404,8
DA:405,4
DA:409,13
DA:410,13
DA:412,11
DA:413,11
DA:414,23
DA:421,13
DA:422,13
DA:424,11
DA:425,22
DA:426,1
DA:430,10
DA:434,76
DA:435,76
DA:436,76
DA:437,60
DA:446,136
DA:451,120
DA:458,16
DA:469,3
DA:484,39
DA:495,2
DA:508,39
DA:515,0
DA:521,39
DA:528,0
DA:534,39
DA:544,1
DA:558,39
DA:569,0
DA:584,39
DA:591,0
DA:597,39
DA:604,0
DA:614,1
DA:615,1
DA:616,1
DA:622,8
DA:623,5
DA:627,39
DA:629,18
DA:630,18
DA:631,41
DA:632,39
DA:633,5
DA:635,34
DA:638,18
DA:642,11
DA:643,11
DA:644,5
DA:645,5
DA:646,5
DA:647,0
DA:650,5
DA:651,5
DA:652,2
DA:653,2
DA:655,0
DA:658,3
DA:659,3
DA:660,1
DA:663,2
DA:672,11
DA:673,11
DA:675,11
DA:676,2
DA:677,2
DA:678,2
DA:682,2
DA:683,2
DA:692,8
DA:701,14
DA:710,3
DA:711,3
DA:712,3
DA:713,3
DA:717,3
DA:718,3
DA:725,3
DA:735,1
DA:746,2
DA:747,2
DA:748,2
DA:749,2
DA:752,2
DA:753,2
DA:756,2
DA:767,2
DA:781,3
DA:797,39
DA:798,39
DA:799,39
DA:800,39
DA:802,39
DA:803,39
DA:804,39
DA:805,39
DA:806,39
DA:810,39
DA:811,39
DA:819,39
DA:824,39
DA:825,39
DA:829,39
DA:830,39
DA:832,1
DA:836,1
DA:837,1
DA:842,39
DA:843,38
DA:844,38
DA:847,36
DA:848,36
DA:853,2
DA:858,2
DA:859,2
DA:860,2
DA:863,0
DA:864,0
DA:869,2
DA:874,2
DA:875,2
DA:881,39
DA:884,39
DA:886,39
DA:888,16
DA:889,16
DA:890,16
DA:891,16
DA:895,23
DA:896,20
DA:901,3
DA:902,3
DA:907,129
DA:910,39
DA:914,39
DA:916,39
DA:917,36
DA:918,36
DA:920,0
DA:924,0
DA:930,39
DA:932,39
DA:937,39
DA:938,0
DA:939,0
DA:940,0
DA:943,39
DA:957,2
DA:958,1
DA:959,1
DA:960,1
DA:962,0
DA:968,1
DA:972,39
DA:986,2
DA:987,2
DA:988,0
DA:996,2
DA:997,1
DA:999,1
DA:1000,1
DA:1003,2
DA:1012,0
DA:1020,39
DA:1021,38
DA:1035,1
DA:1036,1
DA:1037,1
DA:1038,1
DA:1039,1
DA:1045,0
DA:1058,39
DA:1073,1
DA:1094,39
DA:1095,29
DA:1120,3
DA:1121,3
DA:1122,0
DA:1130,3
DA:1131,3
DA:1137,3
DA:1143,3
DA:1150,0
DA:1151,0
DA:1153,0
DA:1162,39
DA:1175,1
DA:1217,39
DA:1218,129
DA:1219,76
DA:1220,76
DA:1221,129
DA:1222,13
DA:1223,13
DA:1224,0
DA:1232,13
DA:1233,13
DA:1234,13
DA:1235,1
DA:1240,12
DA:1244,12
DA:1245,12
DA:1248,7
DA:1255,4
DA:1256,0
DA:1261,4
DA:1262,4
DA:1263,4
DA:1264,1
DA:1275,3
DA:1281,129
DA:1288,129
DA:1289,10
DA:1299,66
DA:1304,39
DA:1305,39
DA:1306,39
DA:1309,129
DA:1314,39
DA:1315,0
DA:1316,0
DA:1317,0
DA:1319,39
DA:1320,39
DA:1326,1
DA:1327,0
DA:1328,0
DA:1329,0
LF:341
LH:306
BRDA:36,0,0,43
BRDA:38,1,0,39
BRDA:38,1,1,4
BRDA:38,2,0,43
BRDA:38,2,1,4
BRDA:39,3,0,3
BRDA:39,3,1,1
BRDA:39,4,0,4
BRDA:39,4,1,2
BRDA:39,4,2,1
BRDA:134,5,0,0
BRDA:134,5,1,2
BRDA:150,6,0,10
BRDA:150,6,1,66
BRDA:151,7,0,76
BRDA:151,7,1,10
BRDA:151,7,2,10
BRDA:151,7,3,10
BRDA:159,8,0,0
BRDA:159,8,1,66
BRDA:160,9,0,0
BRDA:160,9,1,66
BRDA:161,10,0,66
BRDA:161,10,1,66
BRDA:165,11,0,10
BRDA:165,11,1,0
BRDA:167,12,0,10
BRDA:167,12,1,0
BRDA:167,13,0,10
BRDA:167,13,1,10
BRDA:167,13,2,10
BRDA:186,14,0,10
BRDA:186,14,1,24
BRDA:186,14,2,26
BRDA:186,14,3,16
BRDA:221,15,0,164
BRDA:221,15,1,160
BRDA:221,15,2,126
BRDA:225,16,0,4
BRDA:225,16,1,60
BRDA:226,17,0,34
BRDA:226,17,1,26
BRDA:228,18,0,1
BRDA:228,18,1,38
BRDA:236,19,0,3
BRDA:236,19,1,0
BRDA:237,20,0,3
BRDA:237,20,1,0
BRDA:246,21,0,0
BRDA:246,21,1,17
BRDA:247,22,0,0
BRDA:247,22,1,17
BRDA:252,23,0,0
BRDA:252,23,1,0
BRDA:256,24,0,7
BRDA:256,24,1,10
BRDA:257,25,0,7
BRDA:257,25,1,0
BRDA:262,26,0,34
BRDA:262,26,1,0
BRDA:264,27,0,34
BRDA:264,27,1,0
BRDA:265,28,0,34
BRDA:265,28,1,0
BRDA:275,29,0,39
BRDA:275,29,1,39
BRDA:277,30,0,216
BRDA:278,31,0,0
BRDA:278,31,1,216
BRDA:312,32,0,22
BRDA:312,32,1,22
BRDA:340,33,0,17
BRDA:340,33,1,0
BRDA:342,34,0,7
BRDA:342,34,1,10
BRDA:350,35,0,7
BRDA:350,35,1,9
BRDA:354,36,0,7
BRDA:354,36,1,7
BRDA:369,37,0,0
BRDA:369,37,1,1
BRDA:392,38,0,4
BRDA:392,38,1,8
BRDA:392,39,0,12
BRDA:392,39,1,12
BRDA:402,40,0,1
BRDA:402,40,1,25
BRDA:402,41,0,26
BRDA:402,41,1,25
BRDA:403,42,0,17
BRDA:403,42,1,8
BRDA:404,43,0,4
BRDA:404,43,1,4
BRDA:404,44,0,4
BRDA:404,44,1,4
BRDA:409,45,0,13
BRDA:409,45,1,0
BRDA:410,46,0,2
BRDA:410,46,1,11
BRDA:413,47,0,0
BRDA:413,47,1,11
BRDA:422,48,0,2
BRDA:422,48,1,11
BRDA:425,49,0,1
BRDA:425,49,1,21
BRDA:434,50,0,76
BRDA:434,50,1,16
BRDA:434,50,2,0
BRDA:436,51,0,16
BRDA:436,51,1,60
BRDA:446,52,0,120
BRDA:446,52,1,16
BRDA:447,53,0,136
BRDA:447,53,1,88
BRDA:447,53,2,36
BRDA:500,54,0,0
BRDA:500,54,1,2
BRDA:576,55,0,0
BRDA:576,55,1,0
BRDA:614,56,0,0
BRDA:614,56,1,1
BRDA:614,57,0,1
BRDA:614,57,1,1
BRDA:614,57,2,1
BRDA:622,58,0,3
BRDA:622,58,1,5
BRDA:627,59,0,21
BRDA:627,59,1,18
BRDA:627,60,0,39
BRDA:627,60,1,39
BRDA:627,60,2,20
BRDA:631,61,0,2
BRDA:631,61,1,39
BRDA:632,62,0,5
BRDA:632,62,1,34
BRDA:632,63,0,39
BRDA:632,63,1,5
BRDA:643,64,0,6
BRDA:643,64,1,5
BRDA:643,65,0,11
BRDA:643,65,1,5
BRDA:643,65,2,5
BRDA:645,66,0,0
BRDA:645,66,1,5
BRDA:646,67,0,0
BRDA:646,67,1,5
BRDA:646,68,0,5
BRDA:646,68,1,5
BRDA:646,68,2,5
BRDA:651,69,0,2
BRDA:651,69,1,3
BRDA:652,70,0,2
BRDA:652,70,1,0
BRDA:652,71,0,2
BRDA:652,71,1,1
BRDA:659,72,0,1
BRDA:659,72,1,2
BRDA:659,73,0,3
BRDA:659,73,1,3
BRDA:659,73,2,3
BRDA:669,74,0,11
BRDA:670,75,0,11
BRDA:673,76,0,11
BRDA:673,76,1,6
BRDA:675,77,0,2
BRDA:675,77,1,9
BRDA:675,78,0,11
BRDA:675,78,1,2
BRDA:680,79,0,2
BRDA:680,79,1,0
BRDA:684,80,0,2
BRDA:684,80,1,0
BRDA:693,81,0,8
BRDA:693,81,1,0
BRDA:695,82,0,2
BRDA:695,82,1,6
BRDA:701,83,0,14
BRDA:701,83,1,14
BRDA:710,84,0,0
BRDA:710,84,1,3
BRDA:725,85,0,3
BRDA:725,85,1,0
BRDA:746,86,0,1
BRDA:746,86,1,1
BRDA:747,87,0,1
BRDA:747,87,1,1
BRDA:748,88,0,1
BRDA:748,88,1,1
BRDA:749,89,0,1
BRDA:749,89,1,1
BRDA:749,90,0,2
BRDA:749,90,1,1
BRDA:753,91,0,2
BRDA:753,91,1,2
BRDA:756,92,0,1
BRDA:756,92,1,1
BRDA:759,93,0,1
BRDA:759,93,1,0
BRDA:760,94,0,1
BRDA:760,94,1,0
BRDA:761,95,0,0
BRDA:761,95,1,1
BRDA:805,96,0,38
BRDA:805,96,1,1
BRDA:808,97,0,38
BRDA:808,97,1,1
BRDA:842,98,0,38
BRDA:842,98,1,1
BRDA:881,99,0,36
BRDA:881,99,1,3
BRDA:886,100,0,16
BRDA:886,100,1,23
BRDA:886,101,0,39
BRDA:886,101,1,19
BRDA:895,102,0,20
BRDA:895,102,1,3
BRDA:907,103,0,39
BRDA:907,103,1,0
BRDA:912,104,0,38
BRDA:912,104,1,1
BRDA:916,105,0,36
BRDA:916,105,1,3
BRDA:938,106,0,0
BRDA:938,106,1,0
BRDA:939,107,0,0
BRDA:939,107,1,0
BRDA:957,108,0,1
BRDA:957,108,1,1
BRDA:957,109,0,2
BRDA:957,109,1,2
BRDA:987,110,0,0
BRDA:987,110,1,2
BRDA:991,111,0,0
BRDA:991,111,1,0
BRDA:996,112,0,1
BRDA:996,112,1,1
BRDA:1000,113,0,1
BRDA:1000,113,1,0
BRDA:1004,114,0,1
BRDA:1004,114,1,0
BRDA:1006,115,0,0
BRDA:1006,115,1,0
BRDA:1020,116,0,38
BRDA:1020,116,1,1
BRDA:1094,117,0,29
BRDA:1094,117,1,10
BRDA:1121,118,0,0
BRDA:1121,118,1,3
BRDA:1125,119,0,0
BRDA:1125,119,1,0
BRDA:1150,120,0,0
BRDA:1150,120,1,0
BRDA:1179,121,0,1
BRDA:1179,121,1,0
BRDA:1217,122,0,39
BRDA:1217,122,1,0
BRDA:1218,123,0,53
BRDA:1218,123,1,76
BRDA:1219,124,0,0
BRDA:1219,124,1,76
BRDA:1220,125,0,76
BRDA:1220,125,1,16
BRDA:1223,126,0,0
BRDA:1223,126,1,13
BRDA:1227,127,0,0
BRDA:1227,127,1,0
BRDA:1234,128,0,1
BRDA:1234,128,1,12
BRDA:1245,129,0,4
BRDA:1245,129,1,8
BRDA:1255,130,0,0
BRDA:1255,130,1,4
BRDA:1261,131,0,4
BRDA:1261,131,1,0
BRDA:1262,132,0,4
BRDA:1262,132,1,4
BRDA:1263,133,0,1
BRDA:1263,133,1,3
BRDA:1285,134,0,60
BRDA:1285,134,1,16
BRDA:1288,135,0,10
BRDA:1288,135,1,66
BRDA:1309,136,0,39
BRDA:1309,136,1,0
BRDA:1309,137,0,129
BRDA:1309,137,1,76
BRDA:1326,138,0,0
BRDA:1326,138,1,1
BRDA:1326,139,0,1
BRDA:1326,139,1,1
BRF:290
BRH:227
end_of_record
TN:
SF:src/mcp/schema-cache.ts
FN:23,schemaPath
FN:27,loadSchema
FN:40,saveSchema
FNF:3
FNH:3
FNDA:12,schemaPath
FNDA:9,loadSchema
FNDA:3,saveSchema
DA:5,1
DA:24,12
DA:28,9
DA:29,9
DA:30,8
DA:31,8
DA:32,6
DA:33,3
DA:35,2
DA:36,1
DA:41,3
DA:42,3
DA:43,3
DA:44,3
LF:14
LH:14
BRDA:31,0,0,1
BRDA:31,0,1,7
BRDA:32,1,0,3
BRDA:32,1,1,3
BRDA:32,2,0,6
BRDA:32,2,1,4
BRDA:35,3,0,1
BRDA:35,3,1,1
BRDA:43,4,0,1
BRDA:43,4,1,2
BRF:10
BRH:10
end_of_record
TN:
SF:src/mcp/tool-visibility.ts
FN:42,isHiddenRemoteToolName
FN:46,visibleRemoteTools
FN:47,(anonymous_2)
FN:50,assertPublicMcpToolName
FN:66,validatePublicMcpToolArguments
FN:70,(anonymous_5)
FNF:6
FNH:6
FNDA:27,isHiddenRemoteToolName
FNDA:5,visibleRemoteTools
FNDA:14,(anonymous_2)
FNDA:13,assertPublicMcpToolName
FNDA:7,validatePublicMcpToolArguments
FNDA:7,(anonymous_5)
DA:1,2
DA:22,2
DA:35,2
DA:43,27
DA:47,14
DA:51,13
DA:52,6
DA:63,13
DA:67,7
DA:68,7
DA:70,7
DA:71,3
DA:73,0
LF:13
LH:12
BRDA:51,0,0,7
BRDA:51,0,1,6
BRDA:52,1,0,0
BRDA:52,1,1,6
BRDA:54,2,0,1
BRDA:54,2,1,5
BRDA:56,3,0,1
BRDA:56,3,1,4
BRDA:58,4,0,1
BRDA:58,4,1,3
BRDA:60,5,0,1
BRDA:60,5,1,2
BRDA:68,6,0,4
BRDA:68,6,1,3
BRDA:71,7,0,3
BRDA:71,7,1,0
BRDA:74,8,0,0
BRDA:74,8,1,0
BRF:18
BRH:14
end_of_record
TN:
SF:src/mcp/usage-status.ts
FN:18,primitiveBackendUsageStatus
FN:37,usageStatusText
FN:41,isMissingUsageStatusToolError
FNF:3
FNH:3
FNDA:2,primitiveBackendUsageStatus
FNDA:1,usageStatusText
FNDA:1,isMissingUsageStatusToolError
DA:19,2
DA:38,1
DA:42,1
DA:43,1
LF:4
LH:4
BRDA:42,0,0,1
BRDA:42,0,1,0
BRDA:43,1,0,1
BRDA:43,1,1,0
BRDA:43,1,2,0
BRDA:43,1,3,0
BRF:6
BRH:2
end_of_record
TN:
SF:src/monitor/atomic.ts
FN:7,writeJsonAtomic
FNF:1
FNH:1
FNDA:46,writeJsonAtomic
DA:8,46
DA:9,46
DA:10,46
LF:3
LH:3
BRF:0
BRH:0
end_of_record
TN:
SF:src/monitor/cases.ts
FN:43,assertAddresses
FN:56,assertCaseId
FN:60,readCase
FN:76,assertOpen
FN:84,writeCase
FN:91,caseFile
FN:95,addCase
FN:104,(anonymous_7)
FN:104,(anonymous_8)
FN:115,addCaseSeeds
FN:126,(anonymous_10)
FN:142,removeCaseSeeds
FN:152,(anonymous_12)
FN:154,(anonymous_13)
FN:168,listCases
FN:185,(anonymous_15)
FN:188,closeCase
FNF:17
FNH:17
FNDA:42,assertAddresses
FNDA:48,assertCaseId
FNDA:22,readCase
FNDA:10,assertOpen
FNDA:11,writeCase
FNDA:67,caseFile
FNDA:26,addCase
FNDA:1,(anonymous_7)
FNDA:22,(anonymous_8)
FNDA:13,addCaseSeeds
FNDA:7,(anonymous_10)
FNDA:5,removeCaseSeeds
FNDA:4,(anonymous_12)
FNDA:3,(anonymous_13)
FNDA:16,listCases
FNDA:9,(anonymous_15)
FNDA:9,closeCase
DA:34,5
DA:41,5
DA:44,42
DA:45,41
DA:46,45
DA:47,5
DA:50,36
DA:57,48
DA:61,22
DA:62,22
DA:63,22
DA:64,22
DA:66,2
DA:67,0
DA:77,10
DA:78,2
DA:85,11
DA:86,11
DA:87,11
DA:88,11
DA:92,67
DA:100,26
DA:101,26
DA:102,24
DA:103,24
DA:104,24
DA:105,23
DA:106,22
DA:107,22
DA:108,22
DA:109,22
DA:122,13
DA:123,13
DA:124,6
DA:125,6
DA:126,7
DA:127,6
DA:128,4
DA:129,13
DA:130,4
DA:136,13
DA:148,5
DA:149,5
DA:150,4
DA:151,4
DA:152,4
DA:153,4
DA:154,3
DA:155,2
DA:156,1
DA:157,5
DA:158,1
DA:164,5
DA:165,1
DA:169,16
DA:171,16
DA:172,16
DA:174,3
DA:176,13
DA:177,13
DA:178,14
DA:179,14
DA:185,13
DA:194,9
DA:195,7
DA:196,6
DA:197,6
LF:67
LH:66
BRDA:44,0,0,1
BRDA:44,0,1,41
BRDA:46,1,0,5
BRDA:46,1,1,40
BRDA:57,2,0,4
BRDA:57,2,1,44
BRDA:66,3,0,2
BRDA:66,3,1,0
BRDA:77,4,0,2
BRDA:77,4,1,8
BRDA:101,5,0,1
BRDA:101,5,1,25
BRDA:105,6,0,1
BRDA:105,6,1,22
BRDA:120,7,0,13
BRDA:127,8,0,1
BRDA:127,8,1,5
BRDA:128,9,0,4
BRDA:128,9,1,3
BRDA:134,10,0,4
BRDA:134,10,1,3
BRDA:134,11,0,1
BRDA:134,11,1,3
BRDA:153,12,0,1
BRDA:153,12,1,3
BRDA:155,13,0,1
BRDA:155,13,1,1
BRDA:156,14,0,1
BRDA:156,14,1,0
BRDA:161,15,0,0
BRDA:161,15,1,1
BRDA:162,16,0,5
BRDA:162,16,1,0
BRDA:164,17,0,1
BRDA:164,17,1,4
BRDA:185,18,0,8
BRDA:185,18,1,5
BRDA:195,19,0,1
BRDA:195,19,1,6
BRF:39
BRH:35
end_of_record
TN:
SF:src/monitor/config.ts
FN:23,loadMonitorConfig
FN:46,(anonymous_1)
FNF:2
FNH:1
FNDA:1,loadMonitorConfig
FNDA:0,(anonymous_1)
DA:11,1
DA:15,1
DA:21,1
DA:24,1
DA:26,1
DA:27,1
DA:33,0
DA:34,0
DA:36,0
DA:39,1
DA:40,1
DA:42,0
DA:44,1
DA:45,1
DA:46,0
DA:47,0
DA:49,1
LF:17
LH:11
BRDA:33,0,0,0
BRDA:33,0,1,0
BRDA:45,1,0,0
BRDA:45,1,1,1
BRDA:46,2,0,0
BRDA:46,2,1,0
BRF:6
BRH:1
end_of_record
TN:
SF:src/monitor/init.ts
FN:28,initVictimWorkspace
FN:34,(anonymous_1)
FN:34,(anonymous_2)
FNF:3
FNH:3
FNDA:4,initVictimWorkspace
FNDA:1,(anonymous_1)
FNDA:3,(anonymous_2)
DA:26,1
DA:33,4
DA:34,4
DA:35,4
DA:36,1
DA:40,3
DA:45,2
DA:46,2
DA:47,2
LF:9
LH:9
BRDA:35,0,0,1
BRDA:35,0,1,3
BRDA:42,1,0,1
BRDA:42,1,1,2
BRF:4
BRH:4
end_of_record
TN:
SF:src/monitor/lock.ts
FN:12,pidAlive
FN:22,acquireRunLock
FN:27,(anonymous_2)
FN:30,(anonymous_3)
FN:39,(anonymous_4)
FNF:5
FNH:3
FNDA:2,pidAlive
FNDA:3,acquireRunLock
FNDA:2,(anonymous_2)
FNDA:0,(anonymous_3)
FNDA:0,(anonymous_4)
DA:13,2
DA:14,2
DA:15,2
DA:18,1
DA:23,3
DA:24,3
DA:25,4
DA:26,4
DA:27,2
DA:29,2
DA:30,2
DA:31,2
DA:32,1
DA:36,1
DA:39,1
DA:40,0
LF:16
LH:15
BRDA:29,0,0,0
BRDA:29,0,1,2
BRDA:31,1,0,1
BRDA:31,1,1,1
BRDA:31,2,0,2
BRDA:31,2,1,2
BRDA:31,2,2,2
BRF:7
BRH:6
end_of_record
TN:
SF:src/monitor/paths.ts
FN:14,monitorPaths
FNF:1
FNH:1
FNDA:164,monitorPaths
DA:15,164
DA:16,164
DA:17,164
DA:18,164
LF:4
LH:4
BRF:0
BRH:0
end_of_record
TN:
SF:src/monitor/report.ts
FN:10,lastRunTimestamp
FN:28,statusText
FNF:2
FNH:2
FNDA:2,lastRunTimestamp
FNDA:2,statusText
DA:11,2
DA:13,2
DA:14,2
DA:16,1
DA:18,1
DA:19,1
DA:20,1
DA:21,1
DA:22,1
DA:24,0
DA:29,2
DA:33,2
DA:34,2
DA:35,2
DA:36,1
DA:37,1
DA:38,1
DA:41,2
LF:18
LH:17
BRDA:19,0,0,0
BRDA:19,0,1,1
BRDA:22,1,0,1
BRDA:22,1,1,0
BRDA:33,2,0,1
BRDA:33,2,1,1
BRDA:35,3,0,1
BRDA:35,3,1,1
BRF:8
BRH:6
end_of_record
TN:
SF:src/monitor/runner.ts
FN:23,runMonitorOnce
FNF:1
FNH:1
FNDA:4,runMonitorOnce
DA:29,4
DA:30,4
DA:31,4
DA:32,2
DA:33,2
DA:34,2
DA:35,1
DA:37,1
DA:40,4
LF:9
LH:9
BRF:0
BRH:0
end_of_record
TN:
SF:src/monitor/render/dossier.ts
FN:19,cell
FN:23,utcDate
FN:28,renderDossier
FN:46,writeDossier
FNF:4
FNH:4
FNDA:18,cell
FNDA:12,utcDate
FNDA:13,renderDossier
FNDA:10,writeDossier
DA:20,18
DA:24,12
DA:29,13
DA:30,13
DA:31,13
DA:32,13
DA:33,13
DA:34,13
DA:35,13
DA:36,13
DA:37,13
DA:38,13
DA:40,13
DA:42,13
DA:43,13
DA:51,10
DA:52,10
DA:53,9
DA:54,9
DA:55,9
LF:20
LH:20
BRDA:37,0,0,12
BRDA:37,0,1,1
BRF:2
BRH:2
end_of_record
TN:
SF:src/monitor/render/index.ts
FN:29,readRenderState
FN:37,readCaseDoc
FN:43,caseRenderKey
FN:46,(anonymous_3)
FN:53,renderCaseFromDoc
FN:83,renderAllCasesFromDoc
FNF:6
FNH:5
FNDA:18,readRenderState
FNDA:11,readCaseDoc
FNDA:15,caseRenderKey
FNDA:0,(anonymous_3)
FNDA:11,renderCaseFromDoc
FNDA:1,renderAllCasesFromDoc
DA:30,18
DA:31,18
DA:33,13
DA:38,11
DA:39,11
DA:44,15
DA:45,15
DA:46,15
DA:47,15
DA:60,11
DA:61,11
DA:62,1
DA:64,10
DA:65,10
DA:66,10
DA:67,1
DA:69,9
DA:70,9
DA:71,9
DA:74,8
DA:75,8
DA:76,8
DA:77,8
DA:78,8
DA:79,8
DA:80,8
DA:89,1
DA:90,1
DA:91,1
DA:92,1
DA:93,1
DA:95,1
LF:32
LH:32
BRDA:58,0,0,11
BRDA:61,1,0,1
BRDA:61,1,1,10
BRDA:66,2,0,1
BRDA:66,2,1,9
BRDA:66,3,0,10
BRDA:66,3,1,9
BRDA:92,4,0,1
BRDA:92,4,1,1
BRF:9
BRH:9
end_of_record
TN:
SF:src/monitor/render/mermaid.ts
FN:11,mermaidNodeText
FN:19,buildMermaidFlow
FN:25,(anonymous_2)
FN:30,(anonymous_3)
FNF:4
FNH:4
FNDA:26,mermaidNodeText
FNDA:12,buildMermaidFlow
FNDA:23,(anonymous_2)
FNDA:23,(anonymous_3)
DA:7,3
DA:12,26
DA:13,26
DA:23,12
DA:24,12
DA:25,12
DA:26,23
DA:28,12
DA:29,12
DA:30,23
DA:32,12
LF:11
LH:11
BRDA:13,0,0,24
BRDA:13,0,1,2
BRDA:21,1,0,12
BRDA:29,2,0,12
BRDA:29,2,1,0
BRF:5
BRH:4
end_of_record
TN:
SF:src/monitor/render/notes.ts
FN:9,publishedCaseDir
FN:13,utcDate
FN:17,safeFilename
FN:22,writeAddressNotes
FN:52,writeTimeline
FNF:5
FNH:5
FNDA:30,publishedCaseDir
FNDA:18,utcDate
FNDA:11,safeFilename
FNDA:9,writeAddressNotes
FNDA:10,writeTimeline
DA:10,30
DA:14,18
DA:18,11
DA:27,9
DA:28,9
DA:29,9
DA:30,9
DA:31,11
DA:32,11
DA:43,11
DA:44,11
DA:45,11
DA:47,9
DA:57,10
DA:58,10
DA:59,10
DA:60,10
DA:61,10
DA:62,10
DA:63,6
DA:64,6
DA:66,10
DA:67,10
LF:23
LH:23
BRDA:38,0,0,2
BRDA:38,0,1,9
BRDA:60,1,0,10
BRDA:60,1,1,7
BRDA:63,2,0,2
BRDA:63,2,1,4
BRF:6
BRH:6
end_of_record
TN:
SF:src/monitor/render/verdict.ts
FN:19,utcDate
FN:24,lastCaseActivity
FN:32,computeVerdict
FNF:3
FNH:3
FNDA:15,utcDate
FNDA:18,lastCaseActivity
FNDA:15,computeVerdict
DA:17,3
DA:20,15
DA:25,18
DA:26,18
DA:27,8
DA:29,18
DA:37,15
DA:39,15
DA:40,12
DA:42,3
DA:43,0
DA:49,3
LF:12
LH:11
BRDA:26,0,0,18
BRDA:26,0,1,11
BRDA:27,1,0,8
BRDA:27,1,1,0
BRDA:39,2,0,12
BRDA:39,2,1,3
BRDA:39,3,0,15
BRDA:39,3,1,15
BRDA:42,4,0,0
BRDA:42,4,1,3
BRF:10
BRH:8
end_of_record
TN:
SF:src/server/app.ts
FN:15,withinRoot
FN:20,realPathWithinRoot
FN:29,toWorkspaceRelative
FN:33,listWorkspaceEntries
FN:41,visit
FN:85,findVizHtml
FN:96,isSafeGraphReportFilename
FN:106,createApp
FN:109,(anonymous_8)
FN:111,(anonymous_9)
FN:121,(anonymous_10)
FN:133,(anonymous_11)
FN:160,(anonymous_12)
FN:164,(anonymous_13)
FN:175,(anonymous_14)
FNF:15
FNH:12
FNDA:42,withinRoot
FNDA:11,realPathWithinRoot
FNDA:15,toWorkspaceRelative
FNDA:2,listWorkspaceEntries
FNDA:19,visit
FNDA:2,findVizHtml
FNDA:5,isSafeGraphReportFilename
FNDA:14,createApp
FNDA:3,(anonymous_8)
FNDA:0,(anonymous_9)
FNDA:3,(anonymous_10)
FNDA:5,(anonymous_11)
FNDA:0,(anonymous_12)
FNDA:2,(anonymous_13)
FNDA:0,(anonymous_14)
DA:6,12
DA:7,12
DA:16,42
DA:17,42
DA:21,11
DA:22,11
DA:23,10
DA:25,1
DA:30,15
DA:38,2
DA:39,2
DA:42,19
DA:43,19
DA:46,19
DA:47,19
DA:49,4
DA:52,15
DA:53,19
DA:55,15
DA:59,15
DA:60,15
DA:62,15
DA:63,8
DA:66,8
DA:67,8
DA:69,0
DA:72,8
DA:73,9
DA:77,2
DA:78,10
DA:79,10
DA:82,2
DA:86,2
DA:87,2
DA:88,2
DA:89,2
DA:90,2
DA:92,1
DA:97,5
DA:107,14
DA:109,14
DA:111,14
DA:112,0
DA:113,0
DA:114,0
DA:121,14
DA:122,3
DA:123,3
DA:124,1
DA:126,2
DA:127,2
DA:128,1
DA:130,1
DA:133,14
DA:134,5
DA:135,5
DA:136,2
DA:139,3
DA:140,3
DA:141,3
DA:142,3
DA:143,0
DA:145,3
DA:146,2
DA:149,1
DA:150,1
DA:151,1
DA:156,0
DA:160,14
DA:161,0
DA:164,14
DA:165,2
DA:166,2
DA:167,2
DA:168,2
DA:175,14
DA:176,0
DA:177,0
DA:180,14
LF:79
LH:70
BRDA:17,0,0,42
BRDA:17,0,1,42
BRDA:17,0,2,41
BRDA:35,1,0,2
BRDA:36,2,0,2
BRDA:43,3,0,0
BRDA:43,3,1,19
BRDA:52,4,0,1
BRDA:52,4,1,14
BRDA:52,5,0,8
BRDA:52,5,1,6
BRDA:52,6,0,6
BRDA:52,6,1,0
BRDA:53,7,0,0
BRDA:53,7,1,19
BRDA:59,8,0,6
BRDA:59,8,1,9
BRDA:62,9,0,7
BRDA:62,9,1,8
BRDA:62,10,0,15
BRDA:62,10,1,8
BRDA:63,11,0,0
BRDA:63,11,1,8
BRDA:79,12,0,10
BRDA:79,12,1,0
BRDA:98,13,0,5
BRDA:98,13,1,5
BRDA:98,13,2,4
BRDA:98,13,3,3
BRDA:98,13,4,3
BRDA:123,14,0,1
BRDA:123,14,1,2
BRDA:127,15,0,1
BRDA:127,15,1,1
BRDA:135,16,0,2
BRDA:135,16,1,3
BRDA:142,17,0,0
BRDA:142,17,1,3
BRDA:145,18,0,2
BRDA:145,18,1,1
BRF:40
BRH:34
end_of_record
TN:
SF:src/server/index.ts
FN:4,startServer
FN:12,(anonymous_1)
FN:15,(anonymous_2)
FN:25,(anonymous_3)
FN:35,(anonymous_4)
FN:36,(anonymous_5)
FN:36,(anonymous_6)
FNF:7
FNH:3
FNDA:14,startServer
FNDA:14,(anonymous_1)
FNDA:0,(anonymous_2)
FNDA:15,(anonymous_3)
FNDA:0,(anonymous_4)
FNDA:0,(anonymous_5)
FNDA:0,(anonymous_6)
DA:5,14
DA:6,14
DA:12,14
DA:13,14
DA:15,14
DA:16,0
DA:17,0
DA:19,0
DA:21,0
DA:24,14
DA:25,14
DA:26,15
DA:27,1
DA:28,1
DA:30,14
DA:31,14
DA:32,14
DA:33,14
DA:35,14
DA:36,14
DA:38,14
DA:39,14
DA:41,14
LF:23
LH:19
BRDA:4,0,0,14
BRDA:16,1,0,0
BRDA:16,1,1,0
BRDA:26,2,0,1
BRDA:26,2,1,14
BRF:5
BRH:3
end_of_record
TN:
SF:src/server/resolve-port.ts
FN:10,resolveServerPort
FNF:1
FNH:1
FNDA:7,resolveServerPort
DA:11,7
DA:12,5
DA:13,5
DA:14,4
DA:16,1
LF:5
LH:5
BRDA:11,0,0,2
BRDA:11,0,1,5
BRDA:13,1,0,4
BRDA:13,1,1,1
BRDA:13,2,0,5
BRDA:13,2,1,3
BRDA:13,2,2,2
BRF:7
BRH:7
end_of_record
TN:
SF:src/viz/data-extractor.ts
FN:10,parseEvidenceJson
FN:50,extractEmbeddedJson
FN:53,(anonymous_2)
FN:54,(anonymous_3)
FN:72,isSimpleTx
FN:82,isGraphDataLike
FN:91,compactEvidenceToSimpleTxs
FN:103,(anonymous_7)
FN:104,(anonymous_8)
FN:116,buildGraphFromSimpleTxs
FN:118,(anonymous_10)
FN:152,(anonymous_11)
FN:173,extractGraphFromJson
FN:208,mergeNodes
FN:231,pickEarlier
FN:237,pickLater
FN:246,aggregateEdges
FNF:17
FNH:13
FNDA:4,parseEvidenceJson
FNDA:3,extractEmbeddedJson
FNDA:158,(anonymous_2)
FNDA:92,(anonymous_3)
FNDA:4,isSimpleTx
FNDA:7,isGraphDataLike
FNDA:1,compactEvidenceToSimpleTxs
FNDA:1,(anonymous_7)
FNDA:1,(anonymous_8)
FNDA:3,buildGraphFromSimpleTxs
FNDA:4,(anonymous_10)
FNDA:7,(anonymous_11)
FNDA:7,extractGraphFromJson
FNDA:0,mergeNodes
FNDA:0,pickEarlier
FNDA:0,pickLater
FNDA:0,aggregateEdges
DA:11,4
DA:12,4
DA:14,4
DA:15,1
DA:16,1
DA:17,1
DA:18,1
DA:19,1
DA:20,1
DA:21,0
DA:28,0
DA:35,4
DA:37,3
DA:38,3
DA:39,1
DA:40,1
DA:41,1
DA:42,1
DA:47,2
DA:51,3
DA:52,3
DA:53,158
DA:54,92
DA:55,3
DA:56,1
DA:73,4
DA:83,7
DA:92,1
DA:93,1
DA:99,0
DA:102,1
DA:103,1
DA:104,1
DA:118,4
DA:128,3
DA:129,3
DA:130,4
DA:131,4
DA:135,3
DA:136,3
DA:137,7
DA:139,3
DA:140,4
DA:141,4
DA:142,4
DA:143,4
DA:144,4
DA:146,4
DA:147,4
DA:148,4
DA:152,3
DA:153,7
DA:163,3
DA:174,7
DA:176,2
DA:179,5
DA:180,3
DA:181,3
DA:182,4
DA:183,3
DA:185,1
DA:188,3
DA:189,3
DA:199,2
DA:209,0
DA:210,0
DA:211,0
DA:213,0
DA:214,0
DA:215,0
DA:216,0
DA:225,0
DA:228,0
DA:232,0
DA:233,0
DA:234,0
DA:238,0
DA:239,0
DA:240,0
DA:247,0
DA:248,0
DA:249,0
DA:250,0
DA:251,0
DA:252,0
DA:254,0
DA:257,0
DA:265,11
LF:88
LH:62
BRDA:16,0,0,0
BRDA:16,0,1,1
BRDA:19,1,0,1
BRDA:19,1,1,0
BRDA:21,2,0,0
BRDA:21,2,1,0
BRDA:22,3,0,0
BRDA:22,3,1,0
BRDA:22,3,2,0
BRDA:22,3,3,0
BRDA:35,4,0,1
BRDA:35,4,1,3
BRDA:38,5,0,1
BRDA:38,5,1,2
BRDA:41,6,0,0
BRDA:41,6,1,1
BRDA:42,7,0,1
BRDA:42,7,1,0
BRDA:42,8,0,1
BRDA:42,8,1,1
BRDA:53,9,0,2
BRDA:53,9,1,156
BRDA:53,10,0,158
BRDA:53,10,1,157
BRDA:55,11,0,2
BRDA:55,11,1,1
BRDA:74,12,0,4
BRDA:74,12,1,4
BRDA:74,12,2,4
BRDA:74,12,3,3
BRDA:74,12,4,3
BRDA:84,13,0,7
BRDA:84,13,1,6
BRDA:84,13,2,6
BRDA:84,13,3,2
BRDA:93,14,0,0
BRDA:93,14,1,1
BRDA:94,15,0,1
BRDA:94,15,1,1
BRDA:94,15,2,1
BRDA:94,15,3,1
BRDA:103,16,0,1
BRDA:103,16,1,1
BRDA:103,16,2,1
BRDA:142,17,0,4
BRDA:142,17,1,0
BRDA:146,18,0,4
BRDA:146,18,1,0
BRDA:157,19,0,7
BRDA:157,19,1,0
BRDA:158,20,0,7
BRDA:158,20,1,0
BRDA:159,21,0,7
BRDA:159,21,1,0
BRDA:174,22,0,2
BRDA:174,22,1,5
BRDA:179,23,0,3
BRDA:179,23,1,2
BRDA:182,24,0,3
BRDA:182,24,1,1
BRDA:215,25,0,0
BRDA:215,25,1,0
BRDA:232,26,0,0
BRDA:232,26,1,0
BRDA:233,27,0,0
BRDA:233,27,1,0
BRDA:234,28,0,0
BRDA:234,28,1,0
BRDA:238,29,0,0
BRDA:238,29,1,0
BRDA:239,30,0,0
BRDA:239,30,1,0
BRDA:240,31,0,0
BRDA:240,31,1,0
BRDA:251,32,0,0
BRDA:251,32,1,0
BRF:76
BRH:44
end_of_record
TN:
SF:src/viz/graph-model.ts
FN:54,truncateGraph
FN:57,(anonymous_1)
FN:59,(anonymous_2)
FN:60,(anonymous_3)
FNF:4
FNH:4
[...]
FNDA:2,(anonymous_3)
DA:4,13
DA:7,13
DA:10,13
DA:23,13
DA:36,13
DA:52,13
DA:55,5
DA:56,5
DA:57,447
DA:58,3
DA:59,300
DA:60,3
DA:61,3
LF:13
LH:13
BRDA:54,0,0,5
BRDA:55,1,0,5
BRDA:55,1,1,0
BRDA:56,2,0,2
BRDA:56,2,1,3
BRDA:60,3,0,2
BRDA:60,3,1,1
BRF:7
BRH:6
end_of_record
TN:
SF:src/viz/graph-normalizer.ts
FN:15,isRecord
FN:19,stringArray
FN:23,unique
FN:27,lowerSnake
FN:36,isGraphTypeLabel
FN:40,displayLabels
FN:41,(anonymous_6)
FN:44,systemLabels
FN:53,normalizeRoles
FN:60,(anonymous_9)
FN:67,normalizeNodeType
FN:77,normalizeNode
FN:124,normalizeEdgeType
FN:137,normalizeEdge
FN:157,normalizeGraphPayload
FNF:15
FNH:15
FNDA:75,isRecord
FNDA:264,stringArray
FNDA:132,unique
FNDA:115,lowerSnake
FNDA:58,isGraphTypeLabel
FNDA:33,displayLabels
FNDA:29,(anonymous_6)
FNDA:33,systemLabels
FNDA:33,normalizeRoles
FNDA:25,(anonymous_9)
FNDA:33,normalizeNodeType
FNDA:33,normalizeNode
FNDA:12,normalizeEdgeType
FNDA:12,normalizeEdge
FNDA:30,normalizeGraphPayload
DA:1,9
DA:2,9
DA:16,75
DA:20,264
DA:24,132
DA:28,115
DA:37,58
DA:41,33
DA:45,33
DA:54,33
DA:55,33
DA:56,33
DA:57,32
DA:59,33
DA:60,33
DA:61,5
DA:64,33
DA:68,33
DA:69,22
DA:71,11
DA:72,0
DA:73,0
DA:74,0
DA:78,33
DA:80,33
DA:81,33
DA:82,159
DA:97,93
DA:99,66
DA:102,33
DA:103,33
DA:105,33
DA:106,33
DA:108,33
DA:109,33
DA:111,33
DA:112,33
DA:114,33
DA:115,33
DA:117,33
DA:118,1
DA:121,33
DA:126,12
DA:133,12
DA:134,12
DA:138,12
DA:140,12
DA:141,12
DA:142,63
DA:143,40
DA:146,12
DA:147,5
DA:149,12
DA:150,5
DA:152,12
DA:154,12
DA:158,30
DA:159,0
DA:162,30
LF:59
LH:55
BRDA:16,0,0,75
BRDA:16,0,1,75
BRDA:16,0,2,75
BRDA:20,1,0,121
BRDA:20,1,1,143
BRDA:55,2,0,2
BRDA:55,2,1,31
BRDA:56,3,0,1
BRDA:56,3,1,32
BRDA:57,4,0,1
BRDA:57,4,1,31
BRDA:60,5,0,5
BRDA:60,5,1,28
BRDA:60,6,0,33
BRDA:60,6,1,28
BRDA:68,7,0,22
BRDA:68,7,1,11
BRDA:68,8,0,33
BRDA:68,8,1,22
BRDA:71,9,0,11
BRDA:71,9,1,0
BRDA:71,10,0,11
BRDA:71,10,1,4
BRDA:73,11,0,0
BRDA:73,11,1,0
BRDA:78,12,0,0
BRDA:78,12,1,33
BRDA:82,13,0,93
BRDA:82,13,1,66
BRDA:102,14,0,27
BRDA:102,14,1,6
BRDA:102,15,0,6
BRDA:102,15,1,0
BRDA:103,16,0,33
BRDA:103,16,1,0
BRDA:105,17,0,29
BRDA:105,17,1,4
BRDA:106,18,0,33
BRDA:106,18,1,0
BRDA:112,19,0,1
BRDA:112,19,1,32
BRDA:115,20,0,24
BRDA:115,20,1,9
BRDA:117,21,0,1
BRDA:117,21,1,32
BRDA:117,22,0,33
BRDA:117,22,1,33
BRDA:117,22,2,1
BRDA:126,23,0,7
BRDA:126,23,1,5
BRDA:126,24,0,12
BRDA:126,24,1,7
BRDA:128,25,0,4
BRDA:128,25,1,1
BRDA:128,26,0,5
BRDA:128,26,1,4
BRDA:130,27,0,0
BRDA:130,27,1,1
BRDA:130,28,0,1
BRDA:130,28,1,0
BRDA:134,29,0,7
BRDA:134,29,1,5
BRDA:138,30,0,0
BRDA:138,30,1,12
BRDA:142,31,0,23
BRDA:142,31,1,40
BRDA:146,32,0,5
BRDA:146,32,1,7
BRDA:146,33,0,12
BRDA:146,33,1,5
BRDA:149,34,0,5
BRDA:149,34,1,7
BRDA:149,35,0,12
BRDA:149,35,1,5
BRDA:158,36,0,0
BRDA:158,36,1,30
BRDA:158,37,0,30
BRDA:158,37,1,30
BRDA:165,38,0,30
BRDA:165,38,1,0
BRDA:166,39,0,30
BRDA:166,39,1,0
BRDA:167,40,0,30
BRDA:167,40,1,0
BRDA:168,41,0,30
BRDA:168,41,1,0
BRF:86
BRH:71
end_of_record
TN:
SF:src/viz/graph-shape.ts
FN:3,isRecord
FN:7,classifyGraphResultShape
FN:10,(anonymous_2)
FNF:3
FNH:3
FNDA:7,isRecord
FNDA:9,classifyGraphResultShape
FNDA:7,(anonymous_2)
DA:4,7
DA:8,9
DA:10,6
DA:11,7
DA:13,7
DA:14,7
DA:15,7
DA:19,7
LF:8
LH:8
BRDA:4,0,0,7
BRDA:4,0,1,7
BRDA:4,0,2,7
BRDA:8,1,0,3
BRDA:8,1,1,6
BRDA:8,2,0,9
BRDA:8,2,1,7
BRDA:10,3,0,4
BRDA:10,3,1,2
BRDA:11,4,0,0
BRDA:11,4,1,7
BRDA:13,5,0,7
BRDA:13,5,1,1
BRDA:14,6,0,7
BRDA:14,6,1,1
BRDA:15,7,0,7
BRDA:15,7,1,6
BRDA:15,7,2,5
BRDA:19,8,0,7
BRDA:19,8,1,6
BRDA:19,8,2,5
BRF:21
BRH:20
end_of_record
TN:
SF:src/viz/html-generator.ts
FN:46,transformToGraphHtml
FN:47,(anonymous_1)
FN:58,(anonymous_2)
FN:75,generateHtml
FN:80,generateInlineGraphHtml
FN:87,sanitizePathSegment
FN:92,writeVizHtml
FNF:7
FNH:7
FNDA:23,transformToGraphHtml
FNDA:26,(anonymous_1)
FNDA:21,(anonymous_2)
FNDA:18,generateHtml
FNDA:21,generateInlineGraphHtml
FNDA:4,sanitizePathSegment
FNDA:4,writeVizHtml
DA:8,6
DA:9,6
DA:10,6
DA:37,6
DA:47,26
DA:58,23
DA:66,23
DA:76,18
DA:77,18
DA:81,21
DA:82,21
DA:84,21
DA:88,4
DA:89,4
DA:93,4
DA:94,4
DA:95,4
DA:96,4
DA:97,4
DA:98,4
DA:99,4
LF:21
LH:21
BRDA:49,0,0,1
BRDA:49,0,1,25
BRDA:50,1,0,18
BRDA:50,1,1,8
BRDA:53,2,0,26
BRDA:53,2,1,1
BRDA:54,3,0,1
BRDA:54,3,1,25
BRDA:88,4,0,0
BRDA:88,4,1,4
BRF:10
BRH:9
end_of_record
TN:
SF:src/viz/index.ts
FN:13,sanitizeSourceId
FN:20,generateVisualization
FNF:2
FNH:1
FNDA:0,sanitizeSourceId
FNDA:1,generateVisualization
DA:14,0
DA:15,0
DA:17,0
DA:28,1
DA:29,1
DA:31,1
DA:32,1
DA:34,0
DA:36,1
DA:37,1
DA:38,1
DA:39,0
DA:40,0
DA:41,0
DA:42,0
DA:43,0
DA:44,0
DA:45,0
DA:46,0
DA:48,0
DA:51,1
DA:52,1
DA:53,1
DA:55,1
LF:24
LH:11
BRDA:14,0,0,0
BRDA:14,0,1,0
BRDA:14,1,0,0
BRDA:14,1,1,0
BRDA:28,2,0,1
BRDA:28,2,1,0
BRDA:39,3,0,0
BRDA:39,3,1,0
BRF:8
BRH:1
end_of_record
TN:
SF:src/wallet/index.ts
FN:9,walletPath
FN:15,deriveKey
FN:30,normalizeWalletPrivateKey
FN:37,walletAddressFromPrivateKey
FN:48,encryptKey
FN:85,existingWalletAddress
FN:97,backupExistingWallet
FN:116,setWalletPrivateKey
FN:146,decryptKey
FN:189,isWalletConfigured
FNF:10
FNH:10
FNDA:35,walletPath
FNDA:17,deriveKey
FNDA:24,normalizeWalletPrivateKey
FNDA:6,walletAddressFromPrivateKey
FNDA:12,encryptKey
FNDA:1,existingWalletAddress
FNDA:1,backupExistingWallet
FNDA:5,setWalletPrivateKey
FNDA:7,decryptKey
FNDA:8,isWalletConfigured
DA:10,35
DA:16,17
DA:31,24
DA:32,1
DA:34,23
DA:38,6
DA:49,12
DA:50,12
DA:51,12
DA:52,12
DA:53,12
DA:55,12
DA:61,12
DA:63,12
DA:70,12
DA:71,12
DA:72,11
DA:86,1
DA:87,1
DA:89,0
DA:98,1
DA:100,1
DA:101,1
DA:103,0
DA:104,0
DA:106,1
DA:107,1
DA:120,5
DA:121,5
DA:123,5
DA:124,2
DA:125,1
DA:126,1
DA:127,1
DA:133,1
DA:136,4
DA:137,4
DA:148,7
DA:149,7
DA:151,1
DA:152,1
DA:153,1
DA:157,0
DA:160,6
DA:161,6
DA:162,6
DA:163,6
DA:164,6
DA:165,6
DA:166,6
DA:168,6
DA:170,6
DA:172,6
DA:177,6
DA:179,0
DA:190,8
DA:191,8
DA:192,3
DA:194,5
DA:195,5
DA:196,0
LF:61
LH:55
BRDA:31,0,0,1
BRDA:31,0,1,23
BRDA:103,1,0,0
BRDA:103,1,1,0
BRDA:118,2,0,5
BRDA:123,3,0,2
BRDA:123,3,1,3
BRDA:124,4,0,1
BRDA:124,4,1,1
BRDA:126,5,0,1
BRDA:126,5,1,0
BRDA:152,6,0,1
BRDA:152,6,1,0
BRDA:195,7,0,5
BRDA:195,7,1,0
BRF:15
BRH:10
end_of_record
TN:
SF:src/wallet/tools.ts
FN:112,resolveMaxAutoApprovalUnits
FN:138,getWalletAccount
FN:144,baseRpcUrls
FN:147,(anonymous_3)
FN:151,getBalanceUsdc
FN:176,getBalanceEth
FN:196,getPaymentApprovalUnits
FN:220,getPaymentApprovalUsdc
FN:228,parsePaymentApprovalUnits
FN:236,isPositiveDecimal
FN:242,decimalStatus
FN:246,readinessNextSteps
FN:266,buildWalletReadiness
FN:299,getWalletReadiness
FN:318,formatWalletReadiness
FN:334,(anonymous_15)
FN:338,approvePaymentAllowance
FN:387,prepareWalletForPaidCalls
FN:426,formatWalletBalance
FN:436,getWalletBalanceResult
FN:461,formatWalletBalanceResult
FN:466,getWalletBalanceText
FN:470,buildTopupInfo
FNF:23
FNH:22
FNDA:3,resolveMaxAutoApprovalUnits
FNDA:1,getWalletAccount
FNDA:18,baseRpcUrls
FNDA:72,(anonymous_3)
FNDA:5,getBalanceUsdc
FNDA:4,getBalanceEth
FNDA:7,getPaymentApprovalUnits
FNDA:1,getPaymentApprovalUsdc
FNDA:2,parsePaymentApprovalUnits
FNDA:9,isPositiveDecimal
FNDA:8,decimalStatus
FNDA:4,readinessNextSteps
FNDA:4,buildWalletReadiness
FNDA:2,getWalletReadiness
FNDA:2,formatWalletReadiness
FNDA:1,(anonymous_15)
FNDA:2,approvePaymentAllowance
FNDA:3,prepareWalletForPaidCalls
FNDA:11,formatWalletBalance
FNDA:1,getWalletBalanceResult
FNDA:1,formatWalletBalanceResult
FNDA:0,getWalletBalanceText
FNDA:1,buildTopupInfo
DA:6,2
DA:7,2
DA:8,2
DA:9,2
DA:10,2
DA:17,2
DA:18,2
DA:25,2
DA:113,3
DA:114,3
DA:115,2
DA:139,1
DA:140,1
DA:141,1
DA:145,18
DA:147,72
DA:155,5
DA:156,6
DA:157,6
DA:161,6
DA:167,5
DA:173,0
DA:180,4
DA:181,4
DA:182,4
DA:186,4
DA:187,4
DA:193,0
DA:200,7
DA:201,7
DA:202,7
DA:206,7
DA:217,0
DA:224,1
DA:225,1
DA:229,2
DA:230,2
DA:231,1
DA:233,1
DA:237,9
DA:238,9
DA:239,9
DA:243,8
DA:247,4
DA:248,4
DA:249,0
DA:251,4
DA:252,0
DA:254,4
DA:255,0
DA:257,4
DA:258,2
DA:260,4
DA:261,0
DA:263,4
DA:273,4
DA:274,4
DA:275,4
DA:276,4
DA:277,4
DA:278,4
DA:279,4
DA:293,4
DA:303,2
DA:304,0
DA:309,2
DA:319,2
DA:320,2
DA:323,2
DA:326,2
DA:334,1
DA:343,2
DA:344,0
DA:345,2
DA:346,0
DA:353,2
DA:354,2
DA:355,2
DA:356,2
DA:357,2
DA:362,2
DA:368,2
DA:369,2
DA:370,0
DA:372,2
DA:373,2
DA:380,0
DA:384,0
DA:388,3
DA:389,3
DA:390,1
DA:391,1
DA:398,2
DA:399,0
DA:401,2
DA:402,0
DA:411,2
DA:412,0
DA:415,2
DA:416,2
DA:423,2
DA:427,11
DA:437,1
DA:438,0
DA:442,1
DA:462,1
DA:463,1
DA:467,0
DA:471,1
LF:109
LH:91
BRDA:112,0,0,3
BRDA:114,1,0,1
BRDA:114,1,1,2
BRDA:144,2,0,18
BRDA:146,3,0,2
BRDA:146,3,1,16
BRDA:153,4,0,5
BRDA:178,5,0,4
BRDA:198,6,0,7
BRDA:222,7,0,1
BRDA:225,8,0,0
BRDA:225,8,1,1
BRDA:230,9,0,1
BRDA:230,9,1,1
BRDA:230,10,0,2
BRDA:230,10,1,1
BRDA:237,11,0,0
BRDA:237,11,1,9
BRDA:239,12,0,9
BRDA:239,12,1,9
BRDA:243,13,0,0
BRDA:243,13,1,8
BRDA:248,14,0,0
BRDA:248,14,1,4
BRDA:251,15,0,0
BRDA:251,15,1,4
BRDA:254,16,0,0
BRDA:254,16,1,4
BRDA:254,17,0,4
BRDA:254,17,1,2
BRDA:257,18,0,2
BRDA:257,18,1,2
BRDA:257,19,0,4
BRDA:257,19,1,2
BRDA:260,20,0,0
BRDA:260,20,1,4
BRDA:273,21,0,4
BRDA:273,21,1,0
BRDA:278,22,0,4
BRDA:278,22,1,4
BRDA:283,23,0,0
BRDA:283,23,1,4
BRDA:301,24,0,2
BRDA:303,25,0,2
BRDA:303,25,1,0
BRDA:319,26,0,1
BRDA:319,26,1,1
BRDA:320,27,0,1
BRDA:320,27,1,1
BRDA:323,28,0,1
BRDA:323,28,1,1
BRDA:340,29,0,2
BRDA:341,30,0,2
BRDA:343,31,0,2
BRDA:343,31,1,0
BRDA:345,32,0,0
BRDA:345,32,1,2
BRDA:345,33,0,2
BRDA:345,33,1,2
BRDA:369,34,0,0
BRDA:369,34,1,2
BRDA:376,35,0,2
BRDA:376,35,1,0
BRDA:380,36,0,0
BRDA:380,36,1,0
BRDA:387,37,0,3
BRDA:388,38,0,3
BRDA:388,38,1,1
BRDA:389,39,0,1
BRDA:389,39,1,2
BRDA:389,40,0,3
BRDA:389,40,1,2
BRDA:398,41,0,2
BRDA:398,41,1,0
BRDA:401,42,0,0
BRDA:401,42,1,2
BRDA:411,43,0,0
BRDA:411,43,1,2
BRDA:411,44,0,2
BRDA:411,44,1,2
BRDA:430,45,0,0
BRDA:430,45,1,11
BRDA:437,46,0,1
BRDA:437,46,1,0
BRDA:455,47,0,0
BRDA:455,47,1,1
BRDA:477,48,0,1
BRDA:477,48,1,0
BRF:88
BRH:65
end_of_record
TN:
SF:src/wallet/topup-server.ts
FN:23,constructor
FN:35,toWalletAddress
FN:43,send
FN:52,normalizeProxyTarget
FN:79,proxyToCopiedServer
FN:98,getTopupArtifactUrl
FN:102,getTopupUrl
FN:106,stopTopupServer
FN:113,(anonymous_8)
FN:113,(anonymous_9)
FN:116,startTopupServer
FN:129,(anonymous_11)
FN:151,(anonymous_12)
FN:164,(anonymous_13)
FN:166,(anonymous_14)
FNF:15
FNH:12
FNDA:4,constructor
FNDA:2,toWalletAddress
FNDA:5,send
FNDA:5,normalizeProxyTarget
FNDA:1,proxyToCopiedServer
FNDA:0,getTopupArtifactUrl
FNDA:0,getTopupUrl
FNDA:1,stopTopupServer
FNDA:1,(anonymous_8)
FNDA:1,(anonymous_9)
FNDA:2,startTopupServer
FNDA:5,(anonymous_11)
FNDA:0,(anonymous_12)
FNDA:1,(anonymous_13)
FNDA:1,(anonymous_14)
DA:17,2
DA:18,2
DA:24,4
DA:25,4
DA:26,4
DA:36,2
DA:37,2
DA:38,1
DA:40,1
DA:44,5
DA:49,5
DA:53,5
DA:54,2
DA:57,3
DA:58,3
DA:59,0
DA:63,3
DA:64,3
DA:66,0
DA:69,3
DA:70,2
DA:73,1
DA:84,1
DA:85,1
DA:86,1
DA:87,0
DA:90,1
DA:91,1
DA:92,1
DA:93,1
DA:99,0
DA:103,0
DA:107,1
DA:108,0
DA:111,1
DA:112,1
DA:113,1
DA:117,2
DA:119,2
DA:120,0
DA:123,1
DA:125,1
DA:126,0
DA:129,1
DA:130,5
DA:132,5
DA:133,5
DA:135,4
DA:136,4
DA:137,4
DA:139,0
DA:140,0
DA:142,1
DA:144,1
DA:145,0
DA:146,0
DA:147,0
DA:150,1
DA:151,1
DA:152,0
DA:153,0
DA:154,0
DA:156,0
DA:158,1
DA:161,0
DA:164,1
DA:165,1
DA:166,1
DA:167,1
DA:168,1
DA:169,0
DA:170,0
DA:172,1
DA:176,1
DA:183,1
LF:75
LH:55
BRDA:36,0,0,2
BRDA:36,0,1,0
BRDA:37,1,0,1
BRDA:37,1,1,1
BRDA:53,2,0,2
BRDA:53,2,1,3
BRDA:53,3,0,5
BRDA:53,3,1,4
BRDA:58,4,0,0
BRDA:58,4,1,3
BRDA:69,5,0,2
BRDA:69,5,1,1
BRDA:69,6,0,3
BRDA:69,6,1,2
BRDA:86,7,0,0
BRDA:86,7,1,1
BRDA:91,8,0,1
BRDA:91,8,1,0
BRDA:99,9,0,0
BRDA:99,9,1,0
BRDA:103,10,0,0
BRDA:103,10,1,0
BRDA:107,11,0,0
BRDA:107,11,1,1
BRDA:119,12,0,0
BRDA:119,12,1,2
BRDA:119,13,0,2
BRDA:119,13,1,0
BRDA:125,14,0,0
BRDA:125,14,1,1
BRDA:130,15,0,5
BRDA:130,15,1,0
BRDA:135,16,0,4
BRDA:135,16,1,0
BRDA:144,17,0,0
BRDA:144,17,1,1
BRDA:144,18,0,1
BRDA:144,18,1,1
BRDA:145,19,0,0
BRDA:145,19,1,0
BRDA:150,20,0,1
BRDA:150,20,1,0
BRDA:150,21,0,1
BRDA:150,21,1,1
BRDA:152,22,0,0
BRDA:152,22,1,0
BRDA:168,23,0,0
BRDA:168,23,1,1
BRDA:168,24,0,1
BRDA:168,24,1,1
BRF:50
BRH:29
end_of_record
TN:
SF:src/wallet/mcp-proxy/qr.ts
FN:24,createMatrix
FN:32,addFinderPattern
FN:51,addAlignmentPattern
FN:63,addTimingPatterns
FN:70,addFormatInfo
FN:85,encodeData
FN:133,initGF
FN:144,gfMul
FN:149,rsEncode
FN:174,placeData
FN:182,(anonymous_10)
FN:183,(anonymous_11)
FN:196,applyMask0
FN:217,generateQrSvg
FN:242,(anonymous_14)
FN:277,(anonymous_15)
FNF:16
FNH:16
FNDA:2,createMatrix
FNDA:6,addFinderPattern
FNDA:2,addAlignmentPattern
FNDA:2,addTimingPatterns
FNDA:4,addFormatInfo
FNDA:2,encodeData
FNDA:2,initGF
FNDA:1078,gfMul
FNDA:2,rsEncode
FNDA:2,placeData
FNDA:300,(anonymous_10)
FNDA:300,(anonymous_11)
FNDA:2,applyMask0
FNDA:2,generateQrSvg
FNDA:50,(anonymous_14)
FNDA:654,(anonymous_15)
DA:8,2
DA:11,2
DA:12,2
DA:15,2
DA:16,2
DA:19,2
DA:22,2
DA:25,2
DA:26,2
DA:27,50
DA:29,2
DA:33,6
DA:34,54
DA:35,486
DA:36,486
DA:37,486
DA:38,384
DA:39,294
DA:40,198
DA:42,96
DA:45,90
DA:52,2
DA:53,10
DA:54,50
DA:55,34
DA:57,16
DA:64,2
DA:65,18
DA:66,18
DA:71,4
DA:72,24
DA:73,4
DA:74,4
DA:75,4
DA:76,24
DA:78,32
DA:79,32
DA:82,4
DA:86,2
DA:87,2
DA:90,8
DA:93,16
DA:96,2
DA:97,672
DA:101,2
DA:102,0
DA:103,0
DA:107,8
DA:110,2
DA:111,2
DA:112,2
DA:113,0
DA:114,0
DA:115,0
DA:119,2
DA:120,2
DA:121,88
DA:122,704
DA:123,88
DA:126,2
DA:130,2
DA:131,2
DA:133,2
DA:134,2
DA:135,2
DA:136,510
DA:137,510
DA:138,510
DA:139,510
DA:141,514
DA:145,1078
DA:146,1078
DA:151,2
DA:152,2
DA:153,20
DA:154,20
DA:155,110
DA:156,110
DA:158,20
DA:161,2
DA:162,2
DA:163,88
DA:164,88
DA:165,88
DA:166,968
DA:171,2
DA:175,2
DA:176,2
DA:178,2
DA:179,24
DA:181,24
DA:182,300
DA:183,300
DA:185,24
DA:186,600
DA:187,1200
DA:188,1200
DA:189,718
DA:192,24
DA:197,2
DA:198,50
DA:199,1250
DA:200,718
DA:201,358
DA:219,2
DA:220,2
DA:221,2
DA:222,2
DA:223,2
DA:225,2
DA:228,2
DA:229,2
DA:230,2
DA:233,2
DA:236,2
DA:239,2
DA:242,50
DA:245,2
DA:246,2
DA:247,2
DA:250,2
DA:251,2
DA:252,864
DA:256,2
DA:259,2
DA:262,2
DA:265,2
DA:266,2
DA:267,2
DA:268,2
DA:269,2
DA:272,2
DA:273,2
DA:274,2
DA:277,2
DA:278,654
DA:280,2
DA:281,50
DA:283,1250
DA:284,0
DA:286,1250
DA:287,654
DA:288,654
DA:294,2
DA:295,0
DA:296,0
DA:297,0
DA:298,0
DA:300,0
DA:301,0
DA:304,2
DA:305,2
LF:152
LH:140
BRDA:37,0,0,102
BRDA:37,0,1,384
BRDA:37,1,0,486
BRDA:37,1,1,450
BRDA:37,1,2,432
BRDA:37,1,3,400
BRDA:38,2,0,294
BRDA:38,2,1,90
BRDA:38,3,0,384
BRDA:38,3,1,368
BRDA:38,3,2,336
BRDA:38,3,3,322
BRDA:39,4,0,198
BRDA:39,4,1,96
BRDA:39,5,0,294
BRDA:39,5,1,252
BRDA:39,5,2,210
BRDA:39,5,3,180
BRDA:39,5,4,150
BRDA:39,5,5,120
BRDA:39,5,6,90
BRDA:39,5,7,72
BRDA:54,6,0,34
BRDA:54,6,1,16
BRDA:54,7,0,50
BRDA:54,7,1,30
BRDA:54,7,2,18
BRDA:54,7,3,6
BRDA:65,8,0,18
BRDA:65,8,1,0
BRDA:65,9,0,10
BRDA:65,9,1,8
BRDA:66,10,0,18
BRDA:66,10,1,0
BRDA:66,11,0,10
BRDA:66,11,1,8
BRDA:101,12,0,2
BRDA:101,12,1,0
BRDA:103,13,0,0
BRDA:103,13,1,0
BRDA:122,14,0,704
BRDA:122,14,1,522
BRDA:139,15,0,256
BRDA:139,15,1,254
BRDA:145,16,0,0
BRDA:145,16,1,1078
BRDA:145,17,0,1078
BRDA:145,17,1,1078
BRDA:164,18,0,88
BRDA:164,18,1,0
BRDA:179,19,0,2
BRDA:179,19,1,22
BRDA:181,20,0,12
BRDA:181,20,1,12
BRDA:188,21,0,482
BRDA:188,21,1,718
BRDA:189,22,0,718
BRDA:189,22,1,0
BRDA:199,23,0,532
BRDA:199,23,1,718
BRDA:200,24,0,358
BRDA:200,24,1,360
BRDA:217,25,0,2
BRDA:219,26,0,0
BRDA:219,26,1,2
BRDA:220,27,0,2
BRDA:220,27,1,0
BRDA:221,28,0,2
BRDA:221,28,1,2
BRDA:222,29,0,2
BRDA:222,29,1,2
BRDA:223,30,0,2
BRDA:223,30,1,2
BRDA:265,31,0,2
BRDA:265,31,1,2
BRDA:266,32,0,2
BRDA:266,32,1,2
BRDA:278,33,0,654
BRDA:278,33,1,192
BRDA:278,33,2,588
BRDA:278,33,3,126
BRDA:278,33,4,522
BRDA:278,33,5,206
BRDA:283,34,0,0
BRDA:283,34,1,1250
BRDA:283,35,0,1250
BRDA:283,35,1,0
BRDA:283,35,2,0
BRDA:283,35,3,0
BRDA:283,35,4,0
BRDA:286,36,0,654
BRDA:286,36,1,596
BRDA:287,37,0,198
BRDA:287,37,1,456
BRDA:294,38,0,0
BRDA:294,38,1,2
BRDA:294,39,0,2
BRDA:294,39,1,0
BRF:98
BRH:81
end_of_record
TN:
SF:src/wallet/mcp-proxy/tools.ts
FN:23,walletAddress
FN:27,getBalanceUsdc
FN:31,(anonymous_2)
FN:52,getBalanceEth
FN:56,(anonymous_4)
FN:72,getBalance
FN:86,getTopupInfo
FNF:7
FNH:0
FNDA:0,walletAddress
FNDA:0,getBalanceUsdc
FNDA:0,(anonymous_2)
FNDA:0,getBalanceEth
FNDA:0,(anonymous_4)
FNDA:0,getBalance
FNDA:0,getTopupInfo
DA:5,2
DA:6,2
DA:7,2
DA:13,2
DA:24,0
DA:28,0
DA:29,0
DA:31,0
DA:34,0
DA:35,0
DA:36,0
DA:37,0
DA:43,0
DA:49,0
DA:53,0
DA:54,0
DA:56,0
DA:59,0
DA:60,0
DA:61,0
DA:62,0
DA:63,0
DA:69,0
DA:73,0
DA:77,0
DA:87,0
LF:26
LH:4
BRDA:24,0,0,0
BRDA:24,0,1,0
BRDA:30,1,0,0
BRDA:30,1,1,0
BRDA:55,2,0,0
BRDA:55,2,1,0
BRF:6
BRH:0
end_of_record
TN:
SF:src/wallet/mcp-proxy/topup-server.ts
FN:16,loadAsset
FN:34,assertWalletAddress
FN:42,escapeHtml
FN:51,jsonForScript
FN:58,getTopupUrl
FN:62,startTopupServer
FN:69,(anonymous_6)
FN:70,(anonymous_7)
FN:78,(anonymous_8)
FN:81,(anonymous_9)
FN:104,(anonymous_10)
FN:120,generateArtifactHtml
FN:335,generatePage
FNF:13
FNH:6
FNDA:4,loadAsset
FNDA:4,assertWalletAddress
FNDA:4,escapeHtml
FNDA:2,jsonForScript
FNDA:0,getTopupUrl
FNDA:1,startTopupServer
FNDA:0,(anonymous_6)
FNDA:0,(anonymous_7)
FNDA:0,(anonymous_8)
FNDA:0,(anonymous_9)
FNDA:0,(anonymous_10)
FNDA:3,generateArtifactHtml
FNDA:0,generatePage
DA:10,2
DA:11,2
DA:13,2
DA:17,4
DA:21,4
DA:22,4
DA:24,0
DA:25,0
DA:28,2
DA:29,2
DA:31,2
DA:32,2
DA:35,4
DA:36,4
DA:37,2
DA:39,2
DA:43,4
DA:52,2
DA:59,0
DA:63,1
DA:65,1
DA:66,0
DA:69,0
DA:70,0
DA:71,0
DA:72,0
DA:73,0
DA:74,0
DA:77,0
DA:78,0
DA:79,0
DA:80,0
DA:82,0
DA:83,0
DA:85,0
DA:88,0
DA:89,0
DA:90,0
DA:91,0
DA:94,0
DA:95,0
DA:96,0
DA:97,0
DA:100,0
DA:101,0
DA:104,0
DA:105,0
DA:106,0
DA:107,0
DA:108,0
DA:109,0
DA:110,0
DA:112,0
DA:116,0
DA:121,3
DA:122,3
DA:123,3
DA:124,3
DA:126,3
DA:129,3
DA:131,3
DA:336,0
DA:337,0
DA:338,0
DA:340,0
LF:65
LH:25
BRDA:35,0,0,4
BRDA:35,0,1,0
BRDA:36,1,0,2
BRDA:36,1,1,2
BRDA:59,2,0,0
BRDA:59,2,1,0
BRDA:65,3,0,0
BRDA:65,3,1,1
BRDA:65,4,0,1
BRDA:65,4,1,0
BRDA:71,5,0,0
BRDA:71,5,1,0
BRDA:77,6,0,0
BRDA:77,6,1,0
BRDA:88,7,0,0
BRDA:88,7,1,0
BRDA:94,8,0,0
BRDA:94,8,1,0
BRDA:106,9,0,0
BRDA:106,9,1,0
BRDA:106,10,0,0
BRDA:106,10,1,0
BRF:22
BRH:5
end_of_record
TN:
SF:src/wallet/mcp-proxy/types.ts
FNF:0
FNH:0
LF:0
LH:0
BRF:0
BRH:0
end_of_record
TN:
SF:src/workspace/active.ts
FN:19,workspaceFromRoot
FN:31,(anonymous_1)
FN:41,findActiveWorkspace
FN:59,activeMetadataDir
FN:63,activeArtifactsRoot
FN:67,activeDataDir
FNF:6
FNH:4
FNDA:111,workspaceFromRoot
FNDA:1,(anonymous_1)
FNDA:106,findActiveWorkspace
FNDA:0,activeMetadataDir
FNDA:0,activeArtifactsRoot
FNDA:39,activeDataDir
DA:20,111
DA:21,111
DA:22,111
DA:23,111
DA:25,105
DA:26,105
DA:28,105
DA:29,111
DA:30,111
DA:31,1
DA:33,111
DA:42,106
DA:43,106
DA:44,104
DA:45,104
DA:48,2
DA:49,2
DA:50,7
DA:51,7
DA:53,6
DA:54,6
DA:55,5
DA:60,0
DA:64,0
DA:68,39
LF:25
LH:23
BRDA:23,0,0,6
BRDA:23,0,1,105
BRDA:26,1,0,0
BRDA:26,1,1,105
BRDA:28,2,0,105
BRDA:28,2,1,0
BRDA:29,3,0,111
BRDA:29,3,1,104
BRDA:30,4,0,1
BRDA:30,4,1,104
BRDA:31,5,0,1
BRDA:31,5,1,1
BRDA:41,6,0,106
BRDA:43,7,0,104
BRDA:43,7,1,2
BRDA:45,8,0,104
BRDA:45,8,1,0
BRDA:51,9,0,1
BRDA:51,9,1,6
BRDA:54,10,0,1
BRDA:54,10,1,5
BRDA:60,11,0,0
BRDA:60,11,1,0
BRDA:64,12,0,0
BRDA:64,12,1,0
BRDA:68,13,0,39
BRDA:68,13,1,0
BRDA:68,13,2,0
BRF:28
BRH:19
end_of_record
TN:
SF:src/workspace/init.ts
FN:34,todayIso
FN:38,workspaceJson
FN:287,workspaceFiles
FN:303,assertNoFileCollisions
FN:318,initWorkspace
FNF:5
FNH:5
FNDA:4,todayIso
FNDA:4,workspaceJson
FNDA:4,workspaceFiles
FNDA:2,assertNoFileCollisions
FNDA:2,initWorkspace
DA:15,2
DA:32,2
DA:35,4
DA:39,4
DA:54,2
DA:87,2
DA:109,2
DA:111,2
DA:128,2
DA:146,2
DA:155,2
DA:275,2
DA:288,4
DA:304,2
DA:305,22
DA:306,22
DA:307,22
DA:308,0
DA:310,22
DA:311,22
DA:313,0
DA:319,2
DA:320,2
DA:321,2
DA:324,2
DA:325,28
DA:328,2
DA:329,2
DA:330,2
DA:331,22
DA:332,22
DA:333,22
DA:334,22
DA:336,0
DA:337,0
DA:339,0
DA:343,2
LF:37
LH:32
BRDA:310,0,0,22
BRDA:310,0,1,0
BRDA:320,1,0,2
BRDA:320,1,1,0
BRDA:329,2,0,0
BRDA:329,2,1,2
BRDA:336,3,0,0
BRDA:336,3,1,0
BRF:8
BRH:3
end_of_record
TN:
SF:src/workspace/output-root.ts
FN:21,requireWorkspaceRoot
FN:27,workspaceOutputPaths
FNF:2
FNH:2
FNDA:29,requireWorkspaceRoot
FNDA:27,workspaceOutputPaths
DA:4,29
DA:22,29
DA:23,29
DA:24,28
DA:28,27
DA:29,27
LF:6
LH:6
BRDA:21,0,0,29
BRDA:23,1,0,1
BRDA:23,1,1,28
BRDA:27,2,0,27
BRF:4
BRH:4
end_of_record
